2023-12-24T21:02:40.241Z - Получение пользователей IV
2023-12-24T21:02:40.255Z - Получение пользователей IV
2023-12-24T21:02:40.303Z - Получение пользователей IV
2023-12-24T21:02:40.682Z - Получение пользователей I
2023-12-24T21:02:40.735Z - Получение пользователей 
2023-12-24T21:02:40.738Z - Получение пользователей I
2023-12-24T21:02:42.502Z - Получение пользователей 
2023-12-24T21:05:19.574Z - Получение пользователей 
2023-12-24T21:05:20.739Z - Получение пользователей 
2023-12-24T21:05:21.632Z - Получение пользователей 
2023-12-24T21:08:09.358Z - Получение пользователей 
2023-12-24T21:08:09.594Z - Получение пользователей 
2023-12-24T21:09:17.766Z - Получение пользователей 
2023-12-24T21:09:17.775Z - Получение пользователей 
2023-12-24T21:09:19.025Z - Получение пользователей 
2023-12-24T21:09:25.855Z - Получение факультетов
2023-12-24T21:09:25.883Z - Получение факультетов
2023-12-24T21:09:29.219Z - Получение пользователей 
2023-12-24T21:09:29.221Z - Получение пользователей 
2023-12-24T21:09:46.850Z - Получение факультетов
2023-12-24T21:09:46.854Z - Получение факультетов
2023-12-24T21:09:48.273Z - Получение пользователей 
2023-12-24T21:09:48.275Z - Получение пользователей 
2023-12-24T21:09:48.336Z - Получение пользователей 
2023-12-24T21:09:49.431Z - Получение пользователей 
2023-12-25T12:06:13.100Z - Получение факультетов
2023-12-25T12:06:13.117Z - Получение факультетов
2023-12-25T12:06:20.174Z - Получение пользователей ВМ-ИВТ-4-1
2023-12-25T12:06:20.896Z - Получение таблицы посещения Mon Dec 25 2023 00:00:00 GMT+0300 (Москва, стандартное время)
2023-12-25T12:06:20.912Z - Получение пользователей ВМ-ИВТ-4-1
2023-12-25T12:06:20.924Z - Получение таблицы посещения Mon Dec 25 2023 00:00:00 GMT+0300 (Москва, стандартное время)
2023-12-25T12:12:33.660Z - Создание таблицы посещения 750,Mon Dec 25 2023 15:12:33 GMT+0300 (Москва, стандартное время)
2023-12-25T12:12:39.761Z - Создание таблицы посещения 750,Mon Dec 25 2023 15:12:39 GMT+0300 (Москва, стандартное время)
2023-12-25T12:12:42.388Z - Создание таблицы посещения 750,Mon Dec 25 2023 15:12:42 GMT+0300 (Москва, стандартное время)
2023-12-25T12:12:45.311Z - Создание таблицы посещения 750,Mon Dec 25 2023 15:12:45 GMT+0300 (Москва, стандартное время)
2023-12-25T12:12:49.227Z - Создание таблицы посещения 750,Mon Dec 25 2023 15:12:49 GMT+0300 (Москва, стандартное время)
2023-12-25T12:12:53.268Z - Создание таблицы посещения 750,Mon Dec 25 2023 15:12:53 GMT+0300 (Москва, стандартное время)
2023-12-25T12:12:56.451Z - Создание таблицы посещения 751,Mon Dec 25 2023 15:12:56 GMT+0300 (Москва, стандартное время)
2023-12-25T12:12:58.773Z - Создание таблицы посещения 751,Mon Dec 25 2023 15:12:58 GMT+0300 (Москва, стандартное время)
2023-12-25T12:13:01.018Z - Создание таблицы посещения 751,Mon Dec 25 2023 15:13:01 GMT+0300 (Москва, стандартное время)
2023-12-25T12:13:03.171Z - Создание таблицы посещения 752,Mon Dec 25 2023 15:13:03 GMT+0300 (Москва, стандартное время)
2023-12-25T12:13:26.252Z - Создание таблицы посещения 736,Mon Dec 25 2023 15:13:26 GMT+0300 (Москва, стандартное время)
2023-12-25T12:13:28.244Z - Создание таблицы посещения 752,Mon Dec 25 2023 15:13:28 GMT+0300 (Москва, стандартное время)
2023-12-25T12:13:30.287Z - Создание таблицы посещения 751,Mon Dec 25 2023 15:13:30 GMT+0300 (Москва, стандартное время)
2023-12-25T12:13:33.014Z - Создание таблицы посещения 736,Mon Dec 25 2023 15:13:33 GMT+0300 (Москва, стандартное время)
2023-12-25T12:14:17.741Z - Получение пользователей ВМ-ИВТ-4-1
2023-12-25T12:14:17.763Z - Получение пользователей ВМ-ИВТ-4-1
2023-12-25T12:14:17.774Z - Получение таблицы посещения Mon Dec 25 2023 00:00:00 GMT+0300 (Москва, стандартное время)
2023-12-25T12:14:17.785Z - Получение таблицы посещения Mon Dec 25 2023 00:00:00 GMT+0300 (Москва, стандартное время)
2023-12-25T12:14:22.007Z - Создание таблицы посещения 750,Mon Dec 25 2023 15:14:22 GMT+0300 (Москва, стандартное время)
2023-12-25T12:16:54.338Z - Получение пользователей ВМ-ИВТ-4-1
2023-12-25T12:16:54.351Z - Получение таблицы посещения Mon Dec 25 2023 00:00:00 GMT+0300 (Москва, стандартное время)
2023-12-25T12:16:54.361Z - Получение пользователей ВМ-ИВТ-4-1
2023-12-25T12:16:54.373Z - Получение таблицы посещения Mon Dec 25 2023 00:00:00 GMT+0300 (Москва, стандартное время)
2023-12-25T12:17:36.752Z - Создание таблицы посещения 750,Mon Dec 25 2023 15:17:36 GMT+0300 (Москва, стандартное время)
2023-12-25T12:17:51.927Z - Создание таблицы посещения 750,Mon Dec 25 2023 15:17:51 GMT+0300 (Москва, стандартное время)
2023-12-25T12:19:35.939Z - Создание таблицы посещения 750,Mon Dec 25 2023 15:19:35 GMT+0300 (Москва, стандартное время)
2023-12-25T12:19:46.505Z - Создание таблицы посещения 750,Mon Dec 25 2023 15:19:46 GMT+0300 (Москва, стандартное время)
2023-12-25T12:19:48.281Z - Создание таблицы посещения 750,Mon Dec 25 2023 15:19:48 GMT+0300 (Москва, стандартное время)
2023-12-25T12:19:50.482Z - Создание таблицы посещения 750,Mon Dec 25 2023 15:19:50 GMT+0300 (Москва, стандартное время)
2023-12-25T12:19:52.495Z - Создание таблицы посещения 750,Mon Dec 25 2023 15:19:52 GMT+0300 (Москва, стандартное время)
2023-12-25T12:19:58.435Z - Создание таблицы посещения 751,Mon Dec 25 2023 15:19:58 GMT+0300 (Москва, стандартное время)
2023-12-25T12:20:00.657Z - Создание таблицы посещения 751,Mon Dec 25 2023 15:20:00 GMT+0300 (Москва, стандартное время)
2023-12-25T12:20:02.486Z - Создание таблицы посещения 751,Mon Dec 25 2023 15:20:02 GMT+0300 (Москва, стандартное время)
2023-12-25T12:20:04.441Z - Создание таблицы посещения 751,Mon Dec 25 2023 15:20:04 GMT+0300 (Москва, стандартное время)
2023-12-25T12:20:06.475Z - Создание таблицы посещения 751,Mon Dec 25 2023 15:20:06 GMT+0300 (Москва, стандартное время)
2023-12-25T12:20:13.994Z - Получение пользователей ВМ-ИВТ-4-1
2023-12-25T12:20:14.426Z - Получение пользователей ВМ-ИВТ-4-1
2023-12-25T12:20:14.433Z - Получение пользователей ВМ-ИВТ-4-1
2023-12-25T12:20:14.981Z - Получение таблицы посещения Sun Dec 24 2023 00:00:00 GMT+0300 (Москва, стандартное время)
2023-12-25T12:20:15.806Z - Получение таблицы посещения Sun Dec 24 2023 00:00:00 GMT+0300 (Москва, стандартное время)
2023-12-25T12:20:15.869Z - Получение таблицы посещения Sun Dec 24 2023 00:00:00 GMT+0300 (Москва, стандартное время)
2023-12-25T12:20:19.843Z - Получение пользователей ВМ-ИВТ-4-1
2023-12-25T12:20:19.856Z - Получение таблицы посещения Mon Dec 25 2023 00:00:00 GMT+0300 (Москва, стандартное время)
2023-12-25T12:20:20.278Z - Получение пользователей ВМ-ИВТ-4-1
2023-12-25T12:20:20.290Z - Получение таблицы посещения Mon Dec 25 2023 00:00:00 GMT+0300 (Москва, стандартное время)
2023-12-25T12:20:20.294Z - Получение пользователей ВМ-ИВТ-4-1
2023-12-25T12:20:20.304Z - Получение таблицы посещения Mon Dec 25 2023 00:00:00 GMT+0300 (Москва, стандартное время)
2023-12-25T12:20:54.831Z - Создание таблицы посещения 751,Mon Dec 25 2023 15:20:54 GMT+0300 (Москва, стандартное время)
2023-12-25T12:20:56.639Z - Создание таблицы посещения 751,Mon Dec 25 2023 15:20:56 GMT+0300 (Москва, стандартное время)
2023-12-25T12:20:59.983Z - Создание таблицы посещения 751,Mon Dec 25 2023 15:20:59 GMT+0300 (Москва, стандартное время)
2023-12-25T12:21:03.461Z - Создание таблицы посещения 751,Mon Dec 25 2023 15:21:03 GMT+0300 (Москва, стандартное время)
2023-12-25T12:21:05.435Z - Создание таблицы посещения 751,Mon Dec 25 2023 15:21:05 GMT+0300 (Москва, стандартное время)
2023-12-25T12:22:39.702Z - Создание таблицы посещения 752,Mon Dec 25 2023 15:22:39 GMT+0300 (Москва, стандартное время)
2023-12-25T12:22:53.701Z - Создание таблицы посещения 736,Mon Dec 25 2023 15:22:53 GMT+0300 (Москва, стандартное время)
2023-12-25T12:22:56.097Z - Создание таблицы посещения 753,Mon Dec 25 2023 15:22:56 GMT+0300 (Москва, стандартное время)
2023-12-25T12:22:59.102Z - Получение пользователей ВМ-ИВТ-4-1
2023-12-25T12:22:59.117Z - Получение таблицы посещения Mon Dec 25 2023 00:00:00 GMT+0300 (Москва, стандартное время)
2023-12-25T12:22:59.135Z - Получение пользователей ВМ-ИВТ-4-1
2023-12-25T12:22:59.146Z - Получение таблицы посещения Mon Dec 25 2023 00:00:00 GMT+0300 (Москва, стандартное время)
2023-12-25T12:23:30.501Z - Создание таблицы посещения 751,Mon Dec 25 2023 15:23:30 GMT+0300 (Москва, стандартное время)
2023-12-25T12:25:11.410Z - Создание таблицы посещения 752,Mon Dec 25 2023 15:25:11 GMT+0300 (Москва, стандартное время)
2023-12-25T12:26:01.411Z - Создание таблицы посещения 736,Mon Dec 25 2023 15:26:01 GMT+0300 (Москва, стандартное время)
2023-12-25T12:27:16.477Z - Получение пользователей ВМ-ИВТ-4-1
2023-12-25T12:27:16.495Z - Получение таблицы посещения Mon Dec 25 2023 00:00:00 GMT+0300 (Москва, стандартное время)
2023-12-25T12:27:16.513Z - Получение пользователей ВМ-ИВТ-4-1
2023-12-25T12:27:16.525Z - Получение таблицы посещения Mon Dec 25 2023 00:00:00 GMT+0300 (Москва, стандартное время)
2023-12-25T12:27:21.713Z - Создание таблицы посещения 751,Mon Dec 25 2023 15:27:21 GMT+0300 (Москва, стандартное время)
2023-12-25T12:27:35.702Z - Получение пользователей ВМ-ИВТ-4-1
2023-12-25T12:27:35.715Z - Получение таблицы посещения Mon Dec 25 2023 00:00:00 GMT+0300 (Москва, стандартное время)
2023-12-25T12:27:35.723Z - Получение пользователей ВМ-ИВТ-4-1
2023-12-25T12:27:35.734Z - Получение таблицы посещения Mon Dec 25 2023 00:00:00 GMT+0300 (Москва, стандартное время)
2023-12-25T12:27:47.445Z - Получение пользователей ВМ-ИВТ-4-1
2023-12-25T12:27:47.456Z - Получение таблицы посещения Mon Dec 25 2023 00:00:00 GMT+0300 (Москва, стандартное время)
2023-12-25T12:28:45.984Z - Получение пользователей ВМ-ИВТ-4-1
2023-12-25T12:28:45.997Z - Получение таблицы посещения Mon Dec 25 2023 00:00:00 GMT+0300 (Москва, стандартное время)
2023-12-25T12:28:46.013Z - Получение пользователей ВМ-ИВТ-4-1
2023-12-25T12:28:46.024Z - Получение таблицы посещения Mon Dec 25 2023 00:00:00 GMT+0300 (Москва, стандартное время)
2023-12-25T12:29:42.855Z - Получение пользователей ВМ-ИВТ-4-1
2023-12-25T12:29:42.874Z - Получение таблицы посещения Mon Dec 25 2023 00:00:00 GMT+0300 (Москва, стандартное время)
2023-12-25T12:29:42.886Z - Получение пользователей ВМ-ИВТ-4-1
2023-12-25T12:29:42.897Z - Получение таблицы посещения Mon Dec 25 2023 00:00:00 GMT+0300 (Москва, стандартное время)
2023-12-25T12:32:28.048Z - Получение пользователей ВМ-ИВТ-4-1
2023-12-25T12:32:28.061Z - Получение таблицы посещения Mon Dec 25 2023 00:00:00 GMT+0300 (Москва, стандартное время)
2023-12-25T12:32:28.085Z - Получение пользователей ВМ-ИВТ-4-1
2023-12-25T12:32:28.096Z - Получение таблицы посещения Mon Dec 25 2023 00:00:00 GMT+0300 (Москва, стандартное время)
2023-12-25T12:33:03.377Z - Получение пользователей ВМ-ИВТ-4-1
2023-12-25T12:33:03.393Z - Получение таблицы посещения Mon Dec 25 2023 00:00:00 GMT+0300 (Москва, стандартное время)
2023-12-25T12:33:03.406Z - Получение пользователей ВМ-ИВТ-4-1
2023-12-25T12:33:03.417Z - Получение таблицы посещения Mon Dec 25 2023 00:00:00 GMT+0300 (Москва, стандартное время)
2023-12-25T12:33:15.283Z - Создание таблицы посещения 751,Mon Dec 25 2023 15:33:15 GMT+0300 (Москва, стандартное время)
2023-12-25T12:33:16.307Z - Создание таблицы посещения 751,Mon Dec 25 2023 15:33:16 GMT+0300 (Москва, стандартное время)
2023-12-25T12:33:20.404Z - Создание таблицы посещения 751,Mon Dec 25 2023 15:33:20 GMT+0300 (Москва, стандартное время)
2023-12-25T12:33:22.545Z - Создание таблицы посещения 751,Mon Dec 25 2023 15:33:22 GMT+0300 (Москва, стандартное время)
2023-12-25T12:33:24.020Z - Создание таблицы посещения 736,Mon Dec 25 2023 15:33:24 GMT+0300 (Москва, стандартное время)
2023-12-25T12:33:26.414Z - Получение пользователей ВМ-ИВТ-4-1
2023-12-25T12:33:26.425Z - Получение таблицы посещения Mon Dec 25 2023 00:00:00 GMT+0300 (Москва, стандартное время)
2023-12-25T12:33:26.436Z - Получение пользователей ВМ-ИВТ-4-1
2023-12-25T12:33:26.447Z - Получение таблицы посещения Mon Dec 25 2023 00:00:00 GMT+0300 (Москва, стандартное время)
2023-12-25T12:33:57.626Z - Выполнен вход Anna
2023-12-25T12:34:00.762Z - Получение факультетов
2023-12-25T12:34:00.769Z - Получение факультетов
2023-12-25T12:34:01.521Z - Получение факультетов
2023-12-25T12:34:01.530Z - Получение факультетов
2023-12-25T12:34:11.312Z - Получение факультетов
2023-12-25T12:34:11.319Z - Получение факультетов
2023-12-25T12:34:16.618Z - Получение пользователей ВМ-ИВТ-4-1
2023-12-25T12:34:16.629Z - Получение таблицы посещения Mon Dec 25 2023 00:00:00 GMT+0300 (Москва, стандартное время)
2023-12-25T12:34:16.638Z - Получение пользователей ВМ-ИВТ-4-1
2023-12-25T12:34:16.649Z - Получение таблицы посещения Mon Dec 25 2023 00:00:00 GMT+0300 (Москва, стандартное время)
2023-12-25T12:34:20.479Z - Получение пользователей ВМ-ИВТ-4-1
2023-12-25T12:34:20.491Z - Получение таблицы посещения Mon Dec 25 2023 00:00:00 GMT+0300 (Москва, стандартное время)
2023-12-25T12:34:20.504Z - Получение пользователей ВМ-ИВТ-4-1
2023-12-25T12:34:20.515Z - Получение таблицы посещения Mon Dec 25 2023 00:00:00 GMT+0300 (Москва, стандартное время)
2023-12-25T12:34:22.356Z - Создание таблицы посещения 753,Mon Dec 25 2023 15:34:22 GMT+0300 (Москва, стандартное время)
2023-12-25T12:34:24.023Z - Создание таблицы посещения 745,Mon Dec 25 2023 15:34:24 GMT+0300 (Москва, стандартное время)
2023-12-25T12:34:25.297Z - Создание таблицы посещения 737,Mon Dec 25 2023 15:34:25 GMT+0300 (Москва, стандартное время)
2023-12-25T12:34:48.640Z - Создание таблицы посещения 733,Mon Dec 25 2023 15:34:48 GMT+0300 (Москва, стандартное время)
2023-12-25T12:34:50.504Z - Создание таблицы посещения 733,Mon Dec 25 2023 15:34:50 GMT+0300 (Москва, стандартное время)
2023-12-25T12:35:01.713Z - Создание таблицы посещения 745,Mon Dec 25 2023 15:35:01 GMT+0300 (Москва, стандартное время)
2023-12-25T12:35:04.849Z - Создание таблицы посещения 745,Mon Dec 25 2023 15:35:04 GMT+0300 (Москва, стандартное время)
2023-12-25T12:35:07.084Z - Создание таблицы посещения 745,Mon Dec 25 2023 15:35:07 GMT+0300 (Москва, стандартное время)
2023-12-25T12:35:09.695Z - Создание таблицы посещения 745,Mon Dec 25 2023 15:35:09 GMT+0300 (Москва, стандартное время)
2023-12-25T12:35:12.504Z - Создание таблицы посещения 745,Mon Dec 25 2023 15:35:12 GMT+0300 (Москва, стандартное время)
2023-12-25T12:35:20.566Z - Создание таблицы посещения 733,Mon Dec 25 2023 15:35:20 GMT+0300 (Москва, стандартное время)
2023-12-25T12:35:23.396Z - Создание таблицы посещения 733,Mon Dec 25 2023 15:35:23 GMT+0300 (Москва, стандартное время)
2023-12-25T12:35:27.983Z - Создание таблицы посещения 733,Mon Dec 25 2023 15:35:27 GMT+0300 (Москва, стандартное время)
2023-12-25T12:35:32.096Z - Создание таблицы посещения 752,Mon Dec 25 2023 15:35:32 GMT+0300 (Москва, стандартное время)
2023-12-25T12:35:33.903Z - Создание таблицы посещения 752,Mon Dec 25 2023 15:35:33 GMT+0300 (Москва, стандартное время)
2023-12-25T12:35:35.258Z - Создание таблицы посещения 752,Mon Dec 25 2023 15:35:35 GMT+0300 (Москва, стандартное время)
2023-12-25T12:35:36.328Z - Создание таблицы посещения 752,Mon Dec 25 2023 15:35:36 GMT+0300 (Москва, стандартное время)
2023-12-25T12:35:37.919Z - Создание таблицы посещения 752,Mon Dec 25 2023 15:35:37 GMT+0300 (Москва, стандартное время)
2023-12-25T12:35:41.404Z - Получение пользователей ВМ-ИВТ-4-1
2023-12-25T12:35:41.415Z - Получение таблицы посещения Mon Dec 25 2023 00:00:00 GMT+0300 (Москва, стандартное время)
2023-12-25T12:35:41.426Z - Получение пользователей ВМ-ИВТ-4-1
2023-12-25T12:35:41.440Z - Получение таблицы посещения Mon Dec 25 2023 00:00:00 GMT+0300 (Москва, стандартное время)
2023-12-25T12:35:43.928Z - Создание таблицы посещения 751,Mon Dec 25 2023 15:35:43 GMT+0300 (Москва, стандартное время)
2023-12-25T12:35:48.213Z - Создание таблицы посещения 750,Mon Dec 25 2023 15:35:48 GMT+0300 (Москва, стандартное время)
2023-12-25T12:35:49.604Z - Получение пользователей ВМ-ИВТ-4-1
2023-12-25T12:35:49.614Z - Получение таблицы посещения Mon Dec 25 2023 00:00:00 GMT+0300 (Москва, стандартное время)
2023-12-25T12:35:49.624Z - Получение пользователей ВМ-ИВТ-4-1
2023-12-25T12:35:49.635Z - Получение таблицы посещения Mon Dec 25 2023 00:00:00 GMT+0300 (Москва, стандартное время)
2023-12-25T12:36:14.327Z - Получение пользователей ВМ-ИВТ-4-1
2023-12-25T12:36:14.338Z - Получение таблицы посещения Mon Dec 25 2023 00:00:00 GMT+0300 (Москва, стандартное время)
2023-12-25T12:36:14.805Z - Получение пользователей ВМ-ИВТ-4-1
2023-12-25T12:36:14.816Z - Получение таблицы посещения Mon Dec 25 2023 00:00:00 GMT+0300 (Москва, стандартное время)
2023-12-25T12:36:14.822Z - Получение пользователей ВМ-ИВТ-4-1
2023-12-25T12:36:14.833Z - Получение таблицы посещения Mon Dec 25 2023 00:00:00 GMT+0300 (Москва, стандартное время)
2023-12-25T12:36:15.594Z - Получение пользователей ВМ-ИВТ-4-1
2023-12-25T12:36:16.846Z - Получение таблицы посещения Sun Dec 24 2023 00:00:00 GMT+0300 (Москва, стандартное время)
2023-12-25T12:36:16.852Z - Получение пользователей ВМ-ИВТ-4-1
2023-12-25T12:36:17.478Z - Получение таблицы посещения Sun Dec 24 2023 00:00:00 GMT+0300 (Москва, стандартное время)
2023-12-25T12:36:17.487Z - Получение пользователей ВМ-ИВТ-4-1
2023-12-25T12:36:18.173Z - Получение таблицы посещения Sun Dec 24 2023 00:00:00 GMT+0300 (Москва, стандартное время)
2023-12-25T12:36:20.649Z - Получение пользователей ВМ-ИВТ-4-1
2023-12-25T12:36:20.659Z - Получение таблицы посещения Sat Dec 23 2023 00:00:00 GMT+0300 (Москва, стандартное время)
2023-12-25T12:36:21.136Z - Получение пользователей ВМ-ИВТ-4-1
2023-12-25T12:36:21.144Z - Получение таблицы посещения Sat Dec 23 2023 00:00:00 GMT+0300 (Москва, стандартное время)
2023-12-25T12:36:21.152Z - Получение пользователей ВМ-ИВТ-4-1
2023-12-25T12:36:21.160Z - Получение таблицы посещения Sat Dec 23 2023 00:00:00 GMT+0300 (Москва, стандартное время)
2023-12-25T12:36:27.360Z - Получение пользователей ВМ-ИВТ-4-1
2023-12-25T12:36:27.855Z - Получение пользователей ВМ-ИВТ-4-1
2023-12-25T12:36:27.867Z - Получение таблицы посещения Mon Dec 25 2023 00:00:00 GMT+0300 (Москва, стандартное время)
2023-12-25T12:36:28.050Z - Получение таблицы посещения Sun Dec 24 2023 00:00:00 GMT+0300 (Москва, стандартное время)
2023-12-25T12:36:28.056Z - Получение пользователей ВМ-ИВТ-4-1
2023-12-25T12:36:28.349Z - Получение пользователей ВМ-ИВТ-4-1
2023-12-25T12:36:28.359Z - Получение таблицы посещения Mon Dec 25 2023 00:00:00 GMT+0300 (Москва, стандартное время)
2023-12-25T12:36:28.373Z - Получение пользователей ВМ-ИВТ-4-1
2023-12-25T12:36:28.385Z - Получение таблицы посещения Mon Dec 25 2023 00:00:00 GMT+0300 (Москва, стандартное время)
2023-12-25T12:36:28.753Z - Получение таблицы посещения Sun Dec 24 2023 00:00:00 GMT+0300 (Москва, стандартное время)
2023-12-25T12:36:28.757Z - Получение пользователей ВМ-ИВТ-4-1
2023-12-25T12:36:29.418Z - Получение таблицы посещения Sun Dec 24 2023 00:00:00 GMT+0300 (Москва, стандартное время)
2023-12-25T12:36:52.188Z - Создание таблицы посещения 747,Mon Dec 25 2023 15:36:52 GMT+0300 (Москва, стандартное время)
2023-12-25T12:36:54.897Z - Создание таблицы посещения 747,Mon Dec 25 2023 15:36:54 GMT+0300 (Москва, стандартное время)
2023-12-25T12:37:00.845Z - Создание таблицы посещения 747,Mon Dec 25 2023 15:37:00 GMT+0300 (Москва, стандартное время)
2023-12-25T12:37:03.009Z - Создание таблицы посещения 747,Mon Dec 25 2023 15:37:03 GMT+0300 (Москва, стандартное время)
2023-12-25T12:37:05.457Z - Создание таблицы посещения 747,Mon Dec 25 2023 15:37:05 GMT+0300 (Москва, стандартное время)
2023-12-25T12:37:09.406Z - Создание таблицы посещения 756,Mon Dec 25 2023 15:37:09 GMT+0300 (Москва, стандартное время)
2023-12-25T12:37:11.273Z - Создание таблицы посещения 756,Mon Dec 25 2023 15:37:11 GMT+0300 (Москва, стандартное время)
2023-12-25T12:37:13.610Z - Создание таблицы посещения 756,Mon Dec 25 2023 15:37:13 GMT+0300 (Москва, стандартное время)
2023-12-25T12:37:15.519Z - Создание таблицы посещения 756,Mon Dec 25 2023 15:37:15 GMT+0300 (Москва, стандартное время)
2023-12-25T12:37:17.805Z - Создание таблицы посещения 756,Mon Dec 25 2023 15:37:17 GMT+0300 (Москва, стандартное время)
2023-12-25T12:37:23.681Z - Создание таблицы посещения 755,Mon Dec 25 2023 15:37:23 GMT+0300 (Москва, стандартное время)
2023-12-25T12:37:25.453Z - Создание таблицы посещения 755,Mon Dec 25 2023 15:37:25 GMT+0300 (Москва, стандартное время)
2023-12-25T12:37:27.276Z - Создание таблицы посещения 755,Mon Dec 25 2023 15:37:27 GMT+0300 (Москва, стандартное время)
2023-12-25T12:37:29.081Z - Создание таблицы посещения 755,Mon Dec 25 2023 15:37:29 GMT+0300 (Москва, стандартное время)
2023-12-25T12:37:30.996Z - Создание таблицы посещения 755,Mon Dec 25 2023 15:37:30 GMT+0300 (Москва, стандартное время)
2023-12-25T12:38:01.017Z - Создание таблицы посещения 752,Mon Dec 25 2023 15:38:01 GMT+0300 (Москва, стандартное время)
2023-12-25T12:38:03.344Z - Создание таблицы посещения 752,Mon Dec 25 2023 15:38:03 GMT+0300 (Москва, стандартное время)
2023-12-25T12:38:05.843Z - Создание таблицы посещения 752,Mon Dec 25 2023 15:38:05 GMT+0300 (Москва, стандартное время)
2023-12-25T12:38:07.810Z - Создание таблицы посещения 752,Mon Dec 25 2023 15:38:07 GMT+0300 (Москва, стандартное время)
2023-12-25T12:38:11.163Z - Создание таблицы посещения 751,Mon Dec 25 2023 15:38:11 GMT+0300 (Москва, стандартное время)
2023-12-25T12:38:13.180Z - Создание таблицы посещения 750,Mon Dec 25 2023 15:38:13 GMT+0300 (Москва, стандартное время)
2023-12-25T12:38:16.236Z - Создание таблицы посещения 750,Mon Dec 25 2023 15:38:16 GMT+0300 (Москва, стандартное время)
2023-12-25T12:38:18.451Z - Создание таблицы посещения 750,Mon Dec 25 2023 15:38:18 GMT+0300 (Москва, стандартное время)
2023-12-25T12:38:20.467Z - Создание таблицы посещения 750,Mon Dec 25 2023 15:38:20 GMT+0300 (Москва, стандартное время)
2023-12-25T12:38:22.404Z - Создание таблицы посещения 750,Mon Dec 25 2023 15:38:22 GMT+0300 (Москва, стандартное время)
2023-12-25T12:38:24.416Z - Создание таблицы посещения 750,Mon Dec 25 2023 15:38:24 GMT+0300 (Москва, стандартное время)
2023-12-25T12:38:55.862Z - Создание таблицы посещения 751,Mon Dec 25 2023 15:38:55 GMT+0300 (Москва, стандартное время)
2023-12-25T12:38:58.428Z - Создание таблицы посещения 751,Mon Dec 25 2023 15:38:58 GMT+0300 (Москва, стандартное время)
2023-12-25T12:39:00.334Z - Создание таблицы посещения 752,Mon Dec 25 2023 15:39:00 GMT+0300 (Москва, стандартное время)
2023-12-25T12:39:02.180Z - Создание таблицы посещения 736,Mon Dec 25 2023 15:39:02 GMT+0300 (Москва, стандартное время)
2023-12-25T12:39:04.552Z - Создание таблицы посещения 736,Mon Dec 25 2023 15:39:04 GMT+0300 (Москва, стандартное время)
2023-12-25T12:39:06.755Z - Создание таблицы посещения 736,Mon Dec 25 2023 15:39:06 GMT+0300 (Москва, стандартное время)
2023-12-25T12:39:09.116Z - Создание таблицы посещения 736,Mon Dec 25 2023 15:39:09 GMT+0300 (Москва, стандартное время)
2023-12-25T12:39:12.000Z - Создание таблицы посещения 753,Mon Dec 25 2023 15:39:12 GMT+0300 (Москва, стандартное время)
2023-12-25T12:39:13.897Z - Создание таблицы посещения 753,Mon Dec 25 2023 15:39:13 GMT+0300 (Москва, стандартное время)
2023-12-25T12:39:16.110Z - Создание таблицы посещения 753,Mon Dec 25 2023 15:39:16 GMT+0300 (Москва, стандартное время)
2023-12-25T12:39:18.461Z - Создание таблицы посещения 753,Mon Dec 25 2023 15:39:18 GMT+0300 (Москва, стандартное время)
2023-12-25T12:39:21.078Z - Создание таблицы посещения 753,Mon Dec 25 2023 15:39:21 GMT+0300 (Москва, стандартное время)
2023-12-25T12:39:23.166Z - Создание таблицы посещения 753,Mon Dec 25 2023 15:39:23 GMT+0300 (Москва, стандартное время)
2023-12-25T12:39:26.804Z - Создание таблицы посещения 753,Mon Dec 25 2023 15:39:26 GMT+0300 (Москва, стандартное время)
2023-12-25T12:39:30.909Z - Создание таблицы посещения 737,Mon Dec 25 2023 15:39:30 GMT+0300 (Москва, стандартное время)
2023-12-25T12:39:34.470Z - Создание таблицы посещения 737,Mon Dec 25 2023 15:39:34 GMT+0300 (Москва, стандартное время)
2023-12-25T12:39:36.921Z - Создание таблицы посещения 752,Mon Dec 25 2023 15:39:36 GMT+0300 (Москва, стандартное время)
2023-12-25T12:39:38.959Z - Создание таблицы посещения 752,Mon Dec 25 2023 15:39:38 GMT+0300 (Москва, стандартное время)
2023-12-25T12:39:41.042Z - Создание таблицы посещения 737,Mon Dec 25 2023 15:39:41 GMT+0300 (Москва, стандартное время)
2023-12-25T12:39:43.018Z - Создание таблицы посещения 737,Mon Dec 25 2023 15:39:43 GMT+0300 (Москва, стандартное время)
2023-12-25T12:39:45.911Z - Создание таблицы посещения 733,Mon Dec 25 2023 15:39:45 GMT+0300 (Москва, стандартное время)
2023-12-25T12:39:47.868Z - Создание таблицы посещения 733,Mon Dec 25 2023 15:39:47 GMT+0300 (Москва, стандартное время)
2023-12-25T12:39:50.126Z - Создание таблицы посещения 733,Mon Dec 25 2023 15:39:50 GMT+0300 (Москва, стандартное время)
2023-12-25T12:39:53.004Z - Создание таблицы посещения 733,Mon Dec 25 2023 15:39:53 GMT+0300 (Москва, стандартное время)
2023-12-25T12:39:55.376Z - Создание таблицы посещения 733,Mon Dec 25 2023 15:39:55 GMT+0300 (Москва, стандартное время)
2023-12-25T12:39:58.852Z - Создание таблицы посещения 748,Mon Dec 25 2023 15:39:58 GMT+0300 (Москва, стандартное время)
2023-12-25T12:40:00.760Z - Создание таблицы посещения 748,Mon Dec 25 2023 15:40:00 GMT+0300 (Москва, стандартное время)
2023-12-25T12:40:28.491Z - Получение пользователей ВМ-ИВТ-4-1
2023-12-25T12:40:28.501Z - Получение таблицы посещения Mon Dec 25 2023 00:00:00 GMT+0300 (Москва, стандартное время)
2023-12-25T12:40:28.507Z - Получение пользователей ВМ-ИВТ-4-1
2023-12-25T12:40:28.518Z - Получение таблицы посещения Mon Dec 25 2023 00:00:00 GMT+0300 (Москва, стандартное время)
2023-12-25T12:40:35.370Z - Создание таблицы посещения 759,Mon Dec 25 2023 15:40:35 GMT+0300 (Москва, стандартное время)
2023-12-25T12:40:37.438Z - Создание таблицы посещения 759,Mon Dec 25 2023 15:40:37 GMT+0300 (Москва, стандартное время)
2023-12-25T12:40:40.447Z - Создание таблицы посещения 759,Mon Dec 25 2023 15:40:40 GMT+0300 (Москва, стандартное время)
2023-12-25T12:40:43.264Z - Создание таблицы посещения 759,Mon Dec 25 2023 15:40:43 GMT+0300 (Москва, стандартное время)
2023-12-25T12:40:50.078Z - Получение пользователей ВМ-ИВТ-4-1
2023-12-25T12:40:50.088Z - Получение таблицы посещения Mon Dec 25 2023 00:00:00 GMT+0300 (Москва, стандартное время)
2023-12-25T12:40:50.094Z - Получение пользователей ВМ-ИВТ-4-1
2023-12-25T12:40:50.104Z - Получение таблицы посещения Mon Dec 25 2023 00:00:00 GMT+0300 (Москва, стандартное время)
2023-12-25T12:40:54.048Z - Получение пользователей ВМ-ИВТ-4-1
2023-12-25T12:40:54.060Z - Получение таблицы посещения Mon Dec 25 2023 00:00:00 GMT+0300 (Москва, стандартное время)
2023-12-25T12:40:54.066Z - Получение пользователей ВМ-ИВТ-4-1
2023-12-25T12:40:54.076Z - Получение таблицы посещения Mon Dec 25 2023 00:00:00 GMT+0300 (Москва, стандартное время)
2023-12-25T12:40:59.096Z - Создание таблицы посещения 753,Mon Dec 25 2023 15:40:59 GMT+0300 (Москва, стандартное время)
2023-12-25T12:41:04.321Z - Получение пользователей ВМ-ИВТ-4-1
2023-12-25T12:41:04.332Z - Получение таблицы посещения Mon Dec 25 2023 00:00:00 GMT+0300 (Москва, стандартное время)
2023-12-25T12:41:04.338Z - Получение пользователей ВМ-ИВТ-4-1
2023-12-25T12:41:04.348Z - Получение таблицы посещения Mon Dec 25 2023 00:00:00 GMT+0300 (Москва, стандартное время)
2023-12-25T12:41:07.856Z - Создание таблицы посещения 753,Mon Dec 25 2023 15:41:07 GMT+0300 (Москва, стандартное время)
2023-12-25T12:41:11.565Z - Получение пользователей ВМ-ИВТ-4-1
2023-12-25T12:41:11.576Z - Получение таблицы посещения Mon Dec 25 2023 00:00:00 GMT+0300 (Москва, стандартное время)
2023-12-25T12:41:11.581Z - Получение пользователей ВМ-ИВТ-4-1
2023-12-25T12:41:11.591Z - Получение таблицы посещения Mon Dec 25 2023 00:00:00 GMT+0300 (Москва, стандартное время)
2023-12-25T12:41:24.716Z - Создание таблицы посещения 753,Mon Dec 25 2023 15:41:24 GMT+0300 (Москва, стандартное время)
2023-12-25T12:41:27.471Z - Создание таблицы посещения 756,Mon Dec 25 2023 15:41:27 GMT+0300 (Москва, стандартное время)
2023-12-25T12:41:29.141Z - Создание таблицы посещения 756,Mon Dec 25 2023 15:41:29 GMT+0300 (Москва, стандартное время)
2023-12-25T12:41:30.507Z - Создание таблицы посещения 756,Mon Dec 25 2023 15:41:30 GMT+0300 (Москва, стандартное время)
2023-12-25T12:41:31.960Z - Создание таблицы посещения 756,Mon Dec 25 2023 15:41:31 GMT+0300 (Москва, стандартное время)
2023-12-25T12:41:33.357Z - Создание таблицы посещения 756,Mon Dec 25 2023 15:41:33 GMT+0300 (Москва, стандартное время)
2023-12-25T12:42:00.165Z - Получение пользователей 
2023-12-25T12:42:00.174Z - Получение пользователей 
2023-12-25T12:42:08.279Z - Получение пользователей 
2023-12-25T12:42:18.904Z - Получение пользователей 
2023-12-25T12:42:27.571Z - Получение пользователей 
2023-12-25T12:42:32.586Z - Получение пользователей 
2023-12-25T12:42:35.631Z - Получение пользователей 
2023-12-25T12:42:37.694Z - Получение пользователей 
2023-12-25T12:42:39.027Z - Получение пользователей 
2023-12-25T12:42:39.944Z - Получение пользователей 
2023-12-25T12:42:41.382Z - Получение пользователей 
2023-12-25T12:42:45.035Z - Получение пользователей 
2023-12-25T12:42:45.842Z - Получение пользователей 
2023-12-25T12:42:54.169Z - Получение факультетов
2023-12-25T12:42:54.173Z - Получение факультетов
2023-12-25T12:42:59.315Z - Получение пользователей ВМ-ИВТ-4-1
2023-12-25T12:42:59.325Z - Получение таблицы посещения Mon Dec 25 2023 00:00:00 GMT+0300 (Москва, стандартное время)
2023-12-25T12:42:59.334Z - Получение пользователей ВМ-ИВТ-4-1
2023-12-25T12:42:59.345Z - Получение таблицы посещения Mon Dec 25 2023 00:00:00 GMT+0300 (Москва, стандартное время)
2023-12-25T12:45:19.528Z - Получение пользователей ВМ-ИВТ-4-1
2023-12-25T12:45:19.539Z - Получение таблицы посещения Mon Dec 25 2023 00:00:00 GMT+0300 (Москва, стандартное время)
2023-12-25T12:45:19.980Z - Получение пользователей ВМ-ИВТ-4-1
2023-12-25T12:45:19.991Z - Получение таблицы посещения Mon Dec 25 2023 00:00:00 GMT+0300 (Москва, стандартное время)
2023-12-25T12:45:22.088Z - Получение пользователей ВМ-ИВТ-4-1
2023-12-25T12:45:22.098Z - Получение таблицы посещения Mon Dec 25 2023 00:00:00 GMT+0300 (Москва, стандартное время)
2023-12-25T12:45:36.194Z - Получение пользователей ВМ-ИВТ-4-1
2023-12-25T12:45:36.209Z - Получение таблицы посещения Mon Dec 25 2023 00:00:00 GMT+0300 (Москва, стандартное время)
2023-12-25T12:45:36.219Z - Получение пользователей ВМ-ИВТ-4-1
2023-12-25T12:45:36.229Z - Получение таблицы посещения Mon Dec 25 2023 00:00:00 GMT+0300 (Москва, стандартное время)
2023-12-25T12:47:03.979Z - Получение пользователей ВМ-ИВТ-4-1
2023-12-25T12:47:03.989Z - Получение таблицы посещения Mon Dec 25 2023 00:00:00 GMT+0300 (Москва, стандартное время)
2023-12-25T12:47:04.206Z - Получение пользователей ВМ-ИВТ-4-1
2023-12-25T12:47:04.215Z - Получение таблицы посещения Mon Dec 25 2023 00:00:00 GMT+0300 (Москва, стандартное время)
2023-12-25T12:49:46.386Z - Получение пользователей ВМ-ИВТ-4-1
2023-12-25T12:49:46.396Z - Получение таблицы посещения Mon Dec 25 2023 00:00:00 GMT+0300 (Москва, стандартное время)
2023-12-25T12:49:46.416Z - Получение пользователей ВМ-ИВТ-4-1
2023-12-25T12:49:46.426Z - Получение таблицы посещения Mon Dec 25 2023 00:00:00 GMT+0300 (Москва, стандартное время)
2023-12-25T12:52:40.459Z - Получение пользователей 
2023-12-25T12:52:40.464Z - Получение пользователей 
2023-12-25T12:52:42.243Z - Получение пользователей a
2023-12-25T12:52:43.368Z - Получение пользователей an
2023-12-25T12:52:43.413Z - Получение пользователей an
2023-12-25T12:52:43.498Z - Получение пользователей ann
2023-12-25T12:52:43.508Z - Получение пользователей ann
2023-12-25T12:52:43.547Z - Получение пользователей ann
2023-12-25T13:03:08.237Z - Получение факультетов
2023-12-25T13:03:08.241Z - Получение факультетов
2023-12-25T13:03:13.540Z - Получение пользователей ВМ-ИВТ-4-1
2023-12-25T13:03:13.542Z - Получение пользователей ВМ-ИВТ-4-1
2023-12-25T13:03:13.569Z - Получение таблицы посещения Mon Dec 25 2023 00:00:00 GMT+0300 (Москва, стандартное время)
2023-12-25T13:03:13.572Z - Получение таблицы посещения Mon Dec 25 2023 00:00:00 GMT+0300 (Москва, стандартное время)
2023-12-25T13:03:25.357Z - Получение пользователей ВМ-ИВТ-4-1
2023-12-25T13:03:25.374Z - Получение таблицы посещения Mon Dec 25 2023 00:00:00 GMT+0300 (Москва, стандартное время)
2023-12-25T13:03:25.388Z - Получение пользователей ВМ-ИВТ-4-1
2023-12-25T13:03:25.404Z - Получение таблицы посещения Mon Dec 25 2023 00:00:00 GMT+0300 (Москва, стандартное время)
2023-12-25T13:03:31.851Z - Получение пользователей ВМ-ИВТ-4-1
2023-12-25T13:03:31.863Z - Получение таблицы посещения Mon Dec 25 2023 00:00:00 GMT+0300 (Москва, стандартное время)
2023-12-25T13:05:01.947Z - Получение пользователей ВМ-ИВТ-4-1
2023-12-25T13:05:01.967Z - Получение таблицы посещения Mon Dec 25 2023 00:00:00 GMT+0300 (Москва, стандартное время)
2023-12-25T13:05:01.980Z - Получение пользователей ВМ-ИВТ-4-1
2023-12-25T13:05:01.992Z - Получение таблицы посещения Mon Dec 25 2023 00:00:00 GMT+0300 (Москва, стандартное время)
2023-12-25T13:05:37.611Z - Получение пользователей ВМ-ИВТ-4-1
2023-12-25T13:05:37.633Z - Получение пользователей ВМ-ИВТ-4-1
2023-12-25T13:05:37.641Z - Получение таблицы посещения Mon Dec 25 2023 00:00:00 GMT+0300 (Москва, стандартное время)
2023-12-25T13:05:37.655Z - Получение таблицы посещения Mon Dec 25 2023 00:00:00 GMT+0300 (Москва, стандартное время)
2023-12-25T13:06:39.793Z - Получение пользователей ВМ-ИВТ-4-1
2023-12-25T13:06:39.818Z - Получение пользователей ВМ-ИВТ-4-1
2023-12-25T13:06:39.824Z - Получение таблицы посещения Mon Dec 25 2023 00:00:00 GMT+0300 (Москва, стандартное время)
2023-12-25T13:06:39.839Z - Получение таблицы посещения Mon Dec 25 2023 00:00:00 GMT+0300 (Москва, стандартное время)
2023-12-25T13:09:23.674Z - Получение пользователей ВМ-ИВТ-4-1
2023-12-25T13:09:23.688Z - Получение таблицы посещения Mon Dec 25 2023 00:00:00 GMT+0300 (Москва, стандартное время)
2023-12-25T13:09:23.703Z - Получение пользователей ВМ-ИВТ-4-1
2023-12-25T13:09:23.715Z - Получение таблицы посещения Mon Dec 25 2023 00:00:00 GMT+0300 (Москва, стандартное время)
2023-12-25T13:10:38.617Z - Получение пользователей ВМ-ИВТ-4-1
2023-12-25T13:10:38.638Z - Получение таблицы посещения Mon Dec 25 2023 00:00:00 GMT+0300 (Москва, стандартное время)
2023-12-25T13:10:38.645Z - Получение пользователей ВМ-ИВТ-4-1
2023-12-25T13:10:38.659Z - Получение таблицы посещения Mon Dec 25 2023 00:00:00 GMT+0300 (Москва, стандартное время)
2023-12-25T13:13:53.868Z - Получение пользователей ВМ-ИВТ-4-1
2023-12-25T13:13:53.890Z - Получение таблицы посещения Mon Dec 25 2023 00:00:00 GMT+0300 (Москва, стандартное время)
2023-12-25T13:13:53.907Z - Получение пользователей ВМ-ИВТ-4-1
2023-12-25T13:13:53.920Z - Получение таблицы посещения Mon Dec 25 2023 00:00:00 GMT+0300 (Москва, стандартное время)
2023-12-25T13:14:20.738Z - Получение пользователей ВМ-ИВТ-4-1
2023-12-25T13:14:20.764Z - Получение пользователей ВМ-ИВТ-4-1
2023-12-25T13:14:20.767Z - Получение таблицы посещения Mon Dec 25 2023 00:00:00 GMT+0300 (Москва, стандартное время)
2023-12-25T13:14:20.783Z - Получение таблицы посещения Mon Dec 25 2023 00:00:00 GMT+0300 (Москва, стандартное время)
2023-12-25T13:14:39.527Z - Получение пользователей ВМ-ИВТ-4-1
2023-12-25T13:14:39.539Z - Получение таблицы посещения Mon Dec 25 2023 00:00:00 GMT+0300 (Москва, стандартное время)
2023-12-25T18:48:37.661Z - Получение пользователей ВМ-ИВТ-4-1
2023-12-25T18:48:37.693Z - Получение таблицы посещения Mon Dec 25 2023 00:00:00 GMT+0300 (Москва, стандартное время)
2023-12-25T18:50:03.329Z - Получение пользователей ВМ-ИВТ-4-1
2023-12-25T18:50:03.349Z - Получение таблицы посещения Mon Dec 25 2023 00:00:00 GMT+0300 (Москва, стандартное время)
2023-12-25T18:50:03.368Z - Получение пользователей ВМ-ИВТ-4-1
2023-12-25T18:50:03.387Z - Получение таблицы посещения Mon Dec 25 2023 00:00:00 GMT+0300 (Москва, стандартное время)
2023-12-25T18:51:15.342Z - Получение пользователей ВМ-ИВТ-4-1
2023-12-25T18:51:15.365Z - Получение таблицы посещения Mon Dec 25 2023 00:00:00 GMT+0300 (Москва, стандартное время)
2023-12-25T18:51:15.384Z - Получение пользователей ВМ-ИВТ-4-1
2023-12-25T18:51:15.402Z - Получение таблицы посещения Mon Dec 25 2023 00:00:00 GMT+0300 (Москва, стандартное время)
2023-12-25T18:51:26.317Z - Получение пользователей ВМ-ИВТ-4-1
2023-12-25T18:51:26.334Z - Получение таблицы посещения Mon Dec 25 2023 00:00:00 GMT+0300 (Москва, стандартное время)
2023-12-25T18:51:26.345Z - Получение пользователей ВМ-ИВТ-4-1
2023-12-25T18:51:26.360Z - Получение таблицы посещения Mon Dec 25 2023 00:00:00 GMT+0300 (Москва, стандартное время)
2023-12-25T18:51:35.878Z - Получение пользователей ВМ-ИВТ-4-1
2023-12-25T18:51:35.895Z - Получение таблицы посещения Mon Dec 25 2023 00:00:00 GMT+0300 (Москва, стандартное время)
2023-12-25T18:51:35.914Z - Получение пользователей ВМ-ИВТ-4-1
2023-12-25T18:51:35.929Z - Получение таблицы посещения Mon Dec 25 2023 00:00:00 GMT+0300 (Москва, стандартное время)
2023-12-25T18:51:42.312Z - Получение пользователей ВМ-ИВТ-4-1
2023-12-25T18:51:42.327Z - Получение таблицы посещения Mon Dec 25 2023 00:00:00 GMT+0300 (Москва, стандартное время)
2023-12-25T18:52:38.878Z - Получение пользователей ВМ-ИВТ-4-1
2023-12-25T18:52:38.901Z - Получение таблицы посещения Mon Dec 25 2023 00:00:00 GMT+0300 (Москва, стандартное время)
2023-12-25T18:52:38.917Z - Получение пользователей ВМ-ИВТ-4-1
2023-12-25T18:52:38.931Z - Получение таблицы посещения Mon Dec 25 2023 00:00:00 GMT+0300 (Москва, стандартное время)
2023-12-25T18:54:24.101Z - Получение пользователей ВМ-ИВТ-4-1
2023-12-25T18:54:24.133Z - Получение пользователей ВМ-ИВТ-4-1
2023-12-25T18:54:24.135Z - Получение таблицы посещения Mon Dec 25 2023 00:00:00 GMT+0300 (Москва, стандартное время)
2023-12-25T18:54:24.157Z - Получение таблицы посещения Mon Dec 25 2023 00:00:00 GMT+0300 (Москва, стандартное время)
2023-12-25T18:56:18.233Z - Получение пользователей ВМ-ИВТ-4-1
2023-12-25T18:56:18.256Z - Получение пользователей ВМ-ИВТ-4-1
2023-12-25T18:57:07.599Z - Получение пользователей ВМ-ИВТ-4-1
2023-12-25T18:57:07.635Z - Получение пользователей ВМ-ИВТ-4-1
2023-12-25T18:57:55.689Z - Получение пользователей ВМ-ИВТ-4-1
2023-12-25T18:57:55.716Z - Получение пользователей ВМ-ИВТ-4-1
2023-12-25T18:57:55.725Z - Получение таблицы посещения Mon Dec 25 2023 00:00:00 GMT+0300 (Москва, стандартное время)
2023-12-25T18:57:55.742Z - Получение таблицы посещения Mon Dec 25 2023 00:00:00 GMT+0300 (Москва, стандартное время)
2023-12-25T18:58:09.270Z - Получение пользователей ВМ-ИВТ-4-1
2023-12-25T18:58:09.289Z - Получение таблицы посещения Mon Dec 25 2023 00:00:00 GMT+0300 (Москва, стандартное время)
2023-12-25T18:58:09.298Z - Получение пользователей ВМ-ИВТ-4-1
2023-12-25T18:58:09.315Z - Получение таблицы посещения Mon Dec 25 2023 00:00:00 GMT+0300 (Москва, стандартное время)
2023-12-25T18:58:43.351Z - Получение пользователей ВМ-ИВТ-4-1
2023-12-25T18:58:43.379Z - Получение таблицы посещения Mon Dec 25 2023 00:00:00 GMT+0300 (Москва, стандартное время)
2023-12-25T18:58:43.390Z - Получение пользователей ВМ-ИВТ-4-1
2023-12-25T18:58:43.408Z - Получение таблицы посещения Mon Dec 25 2023 00:00:00 GMT+0300 (Москва, стандартное время)
2023-12-25T18:59:37.514Z - Получение пользователей ВМ-ИВТ-4-1
2023-12-25T18:59:37.546Z - Получение пользователей ВМ-ИВТ-4-1
2023-12-25T18:59:37.553Z - Получение таблицы посещения Mon Dec 25 2023 00:00:00 GMT+0300 (Москва, стандартное время)
2023-12-25T18:59:37.581Z - Получение таблицы посещения Mon Dec 25 2023 00:00:00 GMT+0300 (Москва, стандартное время)
2023-12-25T19:05:35.439Z - Получение пользователей ВМ-ИВТ-4-1
2023-12-25T19:05:35.466Z - Получение таблицы посещения Mon Dec 25 2023 00:00:00 GMT+0300 (Москва, стандартное время)
2023-12-25T19:09:10.335Z - Получение пользователей ВМ-ИВТ-4-1
2023-12-25T19:09:10.358Z - Получение пользователей ВМ-ИВТ-4-1
2023-12-25T19:09:10.382Z - Получение таблицы посещения Mon Dec 25 2023 00:00:00 GMT+0300 (Москва, стандартное время)
2023-12-25T19:09:10.392Z - Получение таблицы посещения Mon Dec 25 2023 00:00:00 GMT+0300 (Москва, стандартное время)
