2023-12-23T21:12:08.648Z - Получение пользователей chunk
2023-12-23T21:12:08.645Z - Получение пользователей chunk
2023-12-23T21:12:08.779Z - Получение пользователей chunk
2023-12-23T21:12:08.889Z - Получение пользователей chunk
2023-12-23T21:12:08.966Z - Получение пользователей chunk
2023-12-23T21:12:09.069Z - Получение пользователей chunk
2023-12-23T21:12:09.185Z - Получение пользователей chunk
2023-12-23T21:12:09.288Z - Получение пользователей chunk
2023-12-23T21:12:09.378Z - Получение пользователей chunk
2023-12-23T21:12:09.523Z - Получение пользователей chunk
2023-12-23T21:12:09.650Z - Получение пользователей chunk
2023-12-23T21:12:09.957Z - Получение пользователей chunk
2023-12-23T21:12:10.158Z - Получение пользователей chunk
2023-12-23T21:12:10.293Z - Получение пользователей chunk
2023-12-23T21:12:10.453Z - Получение пользователей chunk
2023-12-23T21:12:10.693Z - Получение пользователей chunk
2023-12-23T21:12:10.928Z - Получение пользователей chunk
2023-12-23T21:12:11.174Z - Получение пользователей chunk
2023-12-23T21:12:11.315Z - Получение пользователей chunk
2023-12-23T21:12:11.442Z - Получение пользователей chunk
2023-12-23T21:12:11.587Z - Получение пользователей chunk
2023-12-23T21:12:11.754Z - Получение пользователей chunk
2023-12-23T21:12:11.907Z - Получение пользователей chunk
2023-12-23T21:12:12.229Z - Получение пользователей chunk
2023-12-23T21:12:12.400Z - Получение пользователей chunk
2023-12-23T21:12:12.556Z - Получение пользователей chunk
2023-12-23T21:12:12.750Z - Получение пользователей chunk
2023-12-23T21:12:12.930Z - Получение пользователей chunk
2023-12-23T21:12:13.156Z - Получение пользователей chunk
2023-12-23T21:12:13.338Z - Получение пользователей chunk
2023-12-23T21:12:13.538Z - Получение пользователей chunk
2023-12-23T21:12:13.799Z - Получение пользователей chunk
2023-12-23T21:12:14.057Z - Получение пользователей chunk
2023-12-23T21:12:14.278Z - Получение пользователей chunk
2023-12-23T21:12:14.516Z - Получение пользователей chunk
2023-12-23T21:12:14.745Z - Получение пользователей chunk
2023-12-23T21:12:15.148Z - Получение пользователей chunk
2023-12-23T21:12:15.467Z - Получение пользователей chunk
2023-12-23T21:12:16.156Z - Получение пользователей chunk
2023-12-23T21:12:16.476Z - Получение пользователей chunk
2023-12-23T21:12:16.864Z - Получение пользователей chunk
2023-12-23T21:12:17.136Z - Получение пользователей chunk
2023-12-23T21:12:17.559Z - Получение пользователей chunk
2023-12-23T21:28:53.279Z - Получение пользователей chunk
2023-12-23T21:28:53.299Z - Получение пользователей chunk
2023-12-23T21:28:53.327Z - Получение пользователей chunk
2023-12-23T21:28:53.350Z - Получение пользователей chunk
2023-12-23T21:28:53.383Z - Получение пользователей chunk
2023-12-23T21:28:53.427Z - Получение пользователей chunk
2023-12-23T21:28:53.444Z - Получение пользователей chunk
2023-12-23T21:28:53.476Z - Получение пользователей chunk
2023-12-23T21:29:40.486Z - Получение пользователей chunk
2023-12-23T21:29:40.518Z - Получение пользователей chunk
2023-12-23T21:29:40.571Z - Получение пользователей chunk
2023-12-23T21:29:40.607Z - Получение пользователей chunk
2023-12-23T21:29:56.206Z - Получение пользователей chunk
2023-12-23T21:29:56.256Z - Получение пользователей chunk
2023-12-23T21:29:56.284Z - Получение пользователей chunk
2023-12-23T21:29:56.311Z - Получение пользователей chunk
2023-12-23T21:30:20.954Z - Получение пользователей chunk
2023-12-23T21:30:20.974Z - Получение пользователей chunk
2023-12-23T21:30:21.005Z - Получение пользователей chunk
2023-12-23T21:30:21.023Z - Получение пользователей chunk
2023-12-23T21:30:55.101Z - Получение пользователей chunk
2023-12-23T21:30:55.122Z - Получение пользователей chunk
2023-12-23T21:30:55.150Z - Получение пользователей chunk
2023-12-23T21:30:55.169Z - Получение пользователей chunk
2023-12-23T21:31:05.532Z - Получение пользователей chunk
2023-12-23T21:31:05.553Z - Получение пользователей chunk
2023-12-23T21:31:05.577Z - Получение пользователей chunk
2023-12-23T21:31:05.604Z - Получение пользователей chunk
2023-12-23T21:31:35.015Z - Получение пользователей chunk
2023-12-23T21:31:35.050Z - Получение пользователей chunk
2023-12-23T21:31:35.090Z - Получение пользователей chunk
2023-12-23T21:31:35.181Z - Получение пользователей chunk
2023-12-23T21:34:25.289Z - Получение пользователей chunk
2023-12-23T21:35:23.008Z - Получение пользователей chunk
2023-12-23T21:35:23.021Z - Получение пользователей chunk
2023-12-23T21:35:23.039Z - Получение пользователей chunk
2023-12-23T21:36:05.813Z - Получение пользователей chunk
2023-12-23T21:36:05.838Z - Получение пользователей chunk
2023-12-23T21:36:39.671Z - Получение пользователей chunk
2023-12-23T21:37:06.160Z - Получение пользователей chunk
2023-12-23T21:37:12.862Z - Получение пользователей chunk
2023-12-23T21:37:39.075Z - Получение пользователей chunk
2023-12-23T21:37:43.348Z - Получение пользователей chunk
2023-12-23T21:38:16.678Z - Получение пользователей chunk
2023-12-23T21:38:16.695Z - Получение пользователей chunk
2023-12-23T21:38:16.804Z - Получение пользователей chunk
2023-12-23T21:38:29.284Z - Получение пользователей chunk
2023-12-23T21:38:30.373Z - Получение пользователей chunk
2023-12-23T21:38:31.296Z - Получение пользователей chunk
2023-12-23T21:38:31.985Z - Получение пользователей chunk
2023-12-23T21:38:32.733Z - Получение пользователей chunk
2023-12-23T21:38:48.441Z - Получение пользователей chunk
2023-12-23T21:38:48.451Z - Получение пользователей chunk
2023-12-23T21:38:48.513Z - Получение пользователей chunk
2023-12-23T21:38:48.564Z - Получение пользователей chunk
2023-12-23T21:38:48.797Z - Получение пользователей chunk
2023-12-23T21:38:48.941Z - Получение пользователей chunk
2023-12-23T21:38:48.993Z - Получение пользователей chunk
2023-12-23T21:38:49.047Z - Получение пользователей chunk
2023-12-23T21:38:55.968Z - Получение пользователей chunk
2023-12-23T21:38:55.978Z - Получение пользователей chunk
2023-12-23T21:38:56.028Z - Получение пользователей chunk
2023-12-23T21:38:56.085Z - Получение пользователей chunk
2023-12-23T21:38:56.135Z - Получение пользователей chunk
2023-12-23T21:38:56.210Z - Получение пользователей chunk
2023-12-23T21:38:56.292Z - Получение пользователей chunk
2023-12-23T21:38:56.422Z - Получение пользователей chunk
2023-12-23T21:39:09.331Z - Получение пользователей chunk
2023-12-23T21:39:13.582Z - Получение пользователей chunk
2023-12-23T21:39:13.600Z - Получение пользователей chunk
2023-12-23T21:39:16.008Z - Получение пользователей chunk
2023-12-23T21:39:19.454Z - Получение пользователей chunk
2023-12-23T21:39:22.942Z - Получение пользователей chunk
2023-12-23T21:39:23.673Z - Получение пользователей chunk
2023-12-23T21:39:24.792Z - Получение пользователей chunk
2023-12-23T21:39:25.772Z - Получение пользователей chunk
2023-12-23T21:39:26.444Z - Получение пользователей chunk
2023-12-23T21:39:28.582Z - Получение пользователей chunk
2023-12-23T21:39:28.716Z - Получение пользователей chunk
2023-12-23T21:39:29.526Z - Получение пользователей chunk
2023-12-23T21:39:30.166Z - Получение пользователей chunk
2023-12-23T21:39:30.804Z - Получение пользователей chunk
2023-12-23T21:39:45.583Z - Получение пользователей chunk
2023-12-23T21:39:45.640Z - Получение пользователей chunk
2023-12-23T21:39:45.766Z - Получение пользователей chunk
2023-12-23T21:40:42.758Z - Получение пользователей chunk
2023-12-23T21:40:42.815Z - Получение пользователей chunk
2023-12-23T21:40:42.943Z - Получение пользователей chunk
2023-12-23T21:40:46.783Z - Получение пользователей chunk
2023-12-23T21:40:47.562Z - Получение пользователей chunk
2023-12-23T21:40:47.657Z - Получение пользователей chunk
2023-12-23T21:40:48.408Z - Получение пользователей chunk
2023-12-23T21:40:48.491Z - Получение пользователей chunk
2023-12-23T21:40:48.598Z - Получение пользователей chunk
2023-12-23T21:40:49.259Z - Получение пользователей chunk
2023-12-23T21:40:49.397Z - Получение пользователей chunk
2023-12-23T21:40:50.508Z - Получение пользователей chunk
2023-12-23T21:40:50.610Z - Получение пользователей chunk
2023-12-23T21:40:55.441Z - Получение пользователей chunk
2023-12-23T21:40:55.482Z - Получение пользователей chunk
2023-12-23T21:40:55.983Z - Получение пользователей chunk
2023-12-23T21:40:56.029Z - Получение пользователей chunk
2023-12-23T21:40:56.086Z - Получение пользователей chunk
2023-12-23T21:40:57.444Z - Получение пользователей chunk
2023-12-23T21:40:57.460Z - Получение пользователей chunk
2023-12-23T21:40:57.509Z - Получение пользователей chunk
2023-12-23T21:40:57.569Z - Получение пользователей chunk
2023-12-23T21:40:58.512Z - Получение пользователей chunk
2023-12-23T21:40:58.537Z - Получение пользователей chunk
2023-12-23T21:40:58.574Z - Получение пользователей chunk
2023-12-23T21:40:58.642Z - Получение пользователей chunk
2023-12-23T21:41:00.764Z - Получение пользователей chunk
2023-12-23T21:41:00.778Z - Получение пользователей chunk
2023-12-23T21:41:00.823Z - Получение пользователей chunk
2023-12-23T21:41:00.881Z - Получение пользователей chunk
2023-12-23T21:41:00.895Z - Получение пользователей chunk
2023-12-23T21:41:00.942Z - Получение пользователей chunk
2023-12-23T21:41:01.002Z - Получение пользователей chunk
2023-12-23T21:41:01.397Z - Получение пользователей chunk
2023-12-23T21:41:01.414Z - Получение пользователей chunk
2023-12-23T21:41:01.461Z - Получение пользователей chunk
2023-12-23T21:41:01.514Z - Получение пользователей chunk
2023-12-23T21:41:01.597Z - Получение пользователей chunk
2023-12-23T21:41:01.609Z - Получение пользователей chunk
2023-12-23T21:41:01.657Z - Получение пользователей chunk
2023-12-23T21:41:01.913Z - Получение пользователей chunk
2023-12-23T21:41:01.928Z - Получение пользователей chunk
2023-12-23T21:41:01.976Z - Получение пользователей chunk
2023-12-23T21:41:02.539Z - Получение пользователей chunk
2023-12-23T21:41:02.561Z - Получение пользователей chunk
2023-12-23T21:41:02.605Z - Получение пользователей chunk
2023-12-23T21:41:02.680Z - Получение пользователей chunk
2023-12-23T21:41:02.697Z - Получение пользователей chunk
2023-12-23T21:41:02.742Z - Получение пользователей chunk
2023-12-23T21:41:02.794Z - Получение пользователей chunk
2023-12-23T21:41:02.824Z - Получение пользователей chunk
2023-12-23T21:41:02.841Z - Получение пользователей chunk
2023-12-23T21:41:02.889Z - Получение пользователей chunk
2023-12-23T21:41:02.950Z - Получение пользователей chunk
2023-12-23T21:41:30.525Z - Получение пользователей chunk
2023-12-23T21:41:31.358Z - Получение пользователей chunk
2023-12-23T21:41:31.493Z - Получение пользователей chunk
2023-12-23T21:41:31.986Z - Получение пользователей chunk
2023-12-23T21:41:32.091Z - Получение пользователей chunk
2023-12-23T21:41:32.206Z - Получение пользователей chunk
2023-12-23T21:41:32.386Z - Получение пользователей chunk
2023-12-23T21:41:32.616Z - Получение пользователей chunk
2023-12-23T21:41:33.206Z - Получение пользователей chunk
2023-12-23T21:41:35.534Z - Получение пользователей chunk
2023-12-23T21:41:35.701Z - Получение пользователей chunk
2023-12-23T21:41:35.835Z - Получение пользователей chunk
2023-12-23T21:41:36.044Z - Получение пользователей chunk
2023-12-23T21:41:36.397Z - Получение пользователей chunk
2023-12-23T21:41:36.532Z - Получение пользователей chunk
2023-12-23T21:41:36.638Z - Получение пользователей chunk
2023-12-23T21:41:36.789Z - Получение пользователей chunk
2023-12-23T21:41:37.675Z - Получение пользователей chunk
2023-12-23T21:41:37.805Z - Получение пользователей chunk
2023-12-23T21:41:37.958Z - Получение пользователей chunk
2023-12-23T21:41:38.100Z - Получение пользователей chunk
2023-12-23T21:41:38.633Z - Получение пользователей chunk
2023-12-23T21:41:38.808Z - Получение пользователей chunk
2023-12-23T21:41:39.011Z - Получение пользователей chunk
2023-12-23T21:41:39.454Z - Получение пользователей chunk
2023-12-23T21:41:39.614Z - Получение пользователей chunk
2023-12-23T21:42:29.477Z - Получение пользователей chunk
2023-12-23T21:42:29.486Z - Получение пользователей chunk
2023-12-23T21:42:29.978Z - Получение пользователей chunk
2023-12-23T21:42:30.141Z - Получение пользователей chunk
2023-12-23T21:42:30.742Z - Получение пользователей chunk
2023-12-23T21:42:31.900Z - Получение пользователей chunk
2023-12-23T21:42:32.047Z - Получение пользователей chunk
2023-12-24T13:42:36.682Z - Получение пользователей chunk
2023-12-24T13:42:36.699Z - Получение пользователей chunk
2023-12-24T13:42:41.322Z - Получение пользователей chunk
2023-12-24T13:42:41.408Z - Получение пользователей chunk
2023-12-24T13:42:42.246Z - Получение пользователей chunk
2023-12-24T13:42:42.323Z - Получение пользователей chunk
2023-12-24T13:42:42.418Z - Получение пользователей chunk
2023-12-24T13:42:42.484Z - Получение пользователей chunk
2023-12-24T13:42:42.569Z - Получение пользователей chunk
2023-12-24T13:42:42.665Z - Получение пользователей chunk
2023-12-24T13:42:42.752Z - Получение пользователей chunk
2023-12-24T13:42:42.821Z - Получение пользователей chunk
2023-12-24T13:42:42.899Z - Получение пользователей chunk
2023-12-24T13:42:42.975Z - Получение пользователей chunk
2023-12-24T13:42:43.046Z - Получение пользователей chunk
2023-12-24T13:42:43.151Z - Получение пользователей chunk
2023-12-24T13:42:43.218Z - Получение пользователей chunk
2023-12-24T13:42:43.300Z - Получение пользователей chunk
2023-12-24T13:42:43.350Z - Получение пользователей chunk
2023-12-24T13:42:43.436Z - Получение пользователей chunk
2023-12-24T13:42:43.525Z - Получение пользователей chunk
2023-12-24T13:42:43.580Z - Получение пользователей chunk
2023-12-24T13:42:43.651Z - Получение пользователей chunk
2023-12-24T13:42:43.719Z - Получение пользователей chunk
2023-12-24T13:42:43.800Z - Получение пользователей chunk
2023-12-24T13:42:43.886Z - Получение пользователей chunk
2023-12-24T13:42:43.970Z - Получение пользователей chunk
2023-12-24T13:42:44.052Z - Получение пользователей chunk
2023-12-24T13:42:44.116Z - Получение пользователей chunk
2023-12-24T13:42:44.215Z - Получение пользователей chunk
2023-12-24T13:42:56.808Z - Получение пользователей chunk
2023-12-24T13:42:56.827Z - Получение пользователей chunk
2023-12-24T13:42:56.866Z - Получение пользователей chunk
2023-12-24T13:42:56.894Z - Получение пользователей chunk
2023-12-24T13:42:57.331Z - Получение пользователей chunk
2023-12-24T13:42:57.347Z - Получение пользователей chunk
2023-12-24T13:42:57.389Z - Получение пользователей chunk
2023-12-24T13:42:57.771Z - Получение пользователей chunk
2023-12-24T13:42:57.773Z - Получение пользователей chunk
2023-12-24T13:42:58.229Z - Получение пользователей chunk
2023-12-24T13:42:58.265Z - Получение пользователей chunk
2023-12-24T13:42:58.565Z - Получение пользователей chunk
2023-12-24T13:42:58.568Z - Получение пользователей chunk
2023-12-24T13:42:58.608Z - Получение пользователей chunk
2023-12-24T13:42:58.678Z - Получение пользователей chunk
2023-12-24T13:42:58.687Z - Получение пользователей chunk
2023-12-24T13:42:58.732Z - Получение пользователей chunk
2023-12-24T13:42:59.415Z - Получение пользователей chunk
2023-12-24T13:42:59.417Z - Получение пользователей chunk
2023-12-24T13:42:59.465Z - Получение пользователей chunk
2023-12-24T13:42:59.499Z - Получение пользователей chunk
2023-12-24T13:43:12.200Z - Получение факультетов
2023-12-24T13:43:12.206Z - Получение факультетов
2023-12-24T13:43:17.550Z - Получение пользователей ВМ-ИВТ-4-1
2023-12-24T13:43:17.552Z - Получение пользователей ВМ-ИВТ-4-1
2023-12-24T13:43:18.295Z - Получение таблицы посещения Sun Dec 24 2023 00:00:00 GMT+0300 (Москва, стандартное время)
2023-12-24T13:43:18.313Z - Получение таблицы посещения Sun Dec 24 2023 00:00:00 GMT+0300 (Москва, стандартное время)
2023-12-24T13:43:33.277Z - Получение пользователей ВМ-ИВТ-4-1
2023-12-24T13:43:33.332Z - Получение пользователей ВМ-ИВТ-4-1
2023-12-24T13:43:33.894Z - Получение таблицы посещения Sun Dec 24 2023 00:00:00 GMT+0300 (Москва, стандартное время)
2023-12-24T13:43:34.454Z - Получение таблицы посещения Sun Dec 24 2023 00:00:00 GMT+0300 (Москва, стандартное время)
2023-12-24T13:44:56.850Z - Получение пользователей ВМ-ИВТ-4-1
2023-12-24T13:44:57.495Z - Получение таблицы посещения Sun Dec 24 2023 00:00:00 GMT+0300 (Москва, стандартное время)
2023-12-24T13:45:16.380Z - Получение пользователей ВМ-ИВТ-4-1
2023-12-24T13:45:17.004Z - Получение таблицы посещения Sun Dec 24 2023 00:00:00 GMT+0300 (Москва, стандартное время)
2023-12-24T16:29:53.104Z - Получение факультетов
2023-12-24T16:29:53.114Z - Получение факультетов
2023-12-24T16:30:09.680Z - Получение факультетов
2023-12-24T16:30:09.690Z - Получение факультетов
2023-12-24T16:31:30.036Z - Получение факультетов
2023-12-24T16:31:30.046Z - Получение факультетов
2023-12-24T16:34:47.457Z - Получение факультетов
2023-12-24T16:34:47.467Z - Получение факультетов
2023-12-24T16:37:59.987Z - Получение факультетов
2023-12-24T16:37:59.992Z - Получение факультетов
2023-12-24T16:39:57.779Z - Получение факультетов
2023-12-24T16:39:57.788Z - Получение факультетов
2023-12-24T16:39:58.963Z - Получение пользователей chunk
2023-12-24T16:39:58.965Z - Получение пользователей chunk
2023-12-24T16:39:59.000Z - Получение пользователей chunk
2023-12-24T16:41:15.253Z - Получение пользователей chunk
2023-12-24T16:41:15.640Z - Получение пользователей chunk
2023-12-24T16:41:17.655Z - Получение пользователей chunk
2023-12-24T16:41:17.962Z - Получение пользователей chunk
2023-12-24T16:41:40.202Z - Получение пользователей chunk
2023-12-24T16:44:30.282Z - Получение пользователей chunk
2023-12-24T16:44:30.295Z - Получение пользователей chunk
2023-12-24T16:44:31.734Z - Получение пользователей chunk
2023-12-24T16:44:31.857Z - Получение пользователей chunk
2023-12-24T16:44:32.975Z - Получение пользователей chunk
2023-12-24T16:44:33.059Z - Получение пользователей chunk
2023-12-24T16:44:33.209Z - Получение пользователей chunk
2023-12-24T16:44:33.767Z - Получение пользователей chunk
2023-12-24T16:44:33.845Z - Получение пользователей chunk
2023-12-24T16:44:34.331Z - Получение пользователей chunk
2023-12-24T16:44:34.392Z - Получение пользователей chunk
2023-12-24T16:44:34.473Z - Получение пользователей chunk
2023-12-24T16:44:34.787Z - Получение пользователей chunk
2023-12-24T16:44:34.843Z - Получение пользователей chunk
2023-12-24T16:44:34.924Z - Получение пользователей chunk
2023-12-24T16:44:34.996Z - Получение пользователей chunk
2023-12-24T16:44:35.078Z - Получение пользователей chunk
2023-12-24T16:44:35.157Z - Получение пользователей chunk
2023-12-24T16:44:35.275Z - Получение пользователей chunk
2023-12-24T16:44:35.443Z - Получение пользователей chunk
2023-12-24T16:44:35.720Z - Получение пользователей chunk
2023-12-24T16:44:35.796Z - Получение пользователей chunk
2023-12-24T16:44:35.857Z - Получение пользователей chunk
2023-12-24T16:44:35.929Z - Получение пользователей chunk
2023-12-24T16:44:36.007Z - Получение пользователей chunk
2023-12-24T16:44:36.083Z - Получение пользователей chunk
2023-12-24T16:44:36.160Z - Получение пользователей chunk
2023-12-24T16:44:36.238Z - Получение пользователей chunk
2023-12-24T16:44:37.489Z - Получение пользователей chunk
2023-12-24T16:44:37.590Z - Получение пользователей chunk
2023-12-24T16:44:50.114Z - Получение факультетов
2023-12-24T16:44:50.115Z - Получение факультетов
2023-12-24T16:45:11.931Z - Получение пользователей ВМ-ИВТ-4-1
2023-12-24T16:45:11.941Z - Получение пользователей ВМ-ИВТ-4-1
2023-12-24T16:45:12.826Z - Получение таблицы посещения Sun Dec 24 2023 00:00:00 GMT+0300 (Москва, стандартное время)
2023-12-24T16:45:13.416Z - Получение таблицы посещения Sun Dec 24 2023 00:00:00 GMT+0300 (Москва, стандартное время)
2023-12-24T16:45:15.545Z - Получение пользователей ВМ-ИВТ-4-1
2023-12-24T16:45:16.025Z - Получение пользователей ВМ-ИВТ-4-1
2023-12-24T16:45:16.067Z - Получение пользователей ВМ-ИВТ-4-1
2023-12-24T16:45:16.199Z - Получение таблицы посещения Sat Dec 23 2023 00:00:00 GMT+0300 (Москва, стандартное время)
2023-12-24T16:45:16.201Z - Получение таблицы посещения Sat Dec 23 2023 00:00:00 GMT+0300 (Москва, стандартное время)
2023-12-24T16:45:16.200Z - Получение таблицы посещения Sat Dec 23 2023 00:00:00 GMT+0300 (Москва, стандартное время)
2023-12-24T16:48:44.576Z - Получение пользователей chunk
2023-12-24T16:48:44.586Z - Получение пользователей chunk
2023-12-24T16:48:44.643Z - Получение пользователей chunk
2023-12-24T16:48:44.678Z - Получение пользователей chunk
2023-12-24T16:48:44.723Z - Получение пользователей chunk
2023-12-24T16:48:45.899Z - Получение пользователей chunk
2023-12-24T16:48:46.015Z - Получение пользователей chunk
2023-12-24T16:48:46.483Z - Получение пользователей chunk
2023-12-24T16:48:46.573Z - Получение пользователей chunk
2023-12-24T16:48:47.029Z - Получение пользователей chunk
2023-12-24T16:48:47.305Z - Получение пользователей chunk
2023-12-24T16:48:47.654Z - Получение пользователей chunk
2023-12-24T16:48:47.721Z - Получение пользователей chunk
2023-12-24T16:48:47.817Z - Получение пользователей chunk
2023-12-24T16:48:48.613Z - Получение пользователей chunk
2023-12-24T16:48:48.984Z - Получение пользователей chunk
2023-12-24T16:48:49.251Z - Получение пользователей chunk
2023-12-24T16:48:49.304Z - Получение пользователей chunk
2023-12-24T16:48:49.385Z - Получение пользователей chunk
2023-12-24T16:48:49.512Z - Получение пользователей chunk
2023-12-24T16:48:49.806Z - Получение пользователей chunk
2023-12-24T16:48:49.875Z - Получение пользователей chunk
2023-12-24T16:48:49.937Z - Получение пользователей chunk
2023-12-24T16:48:50.016Z - Получение пользователей chunk
2023-12-24T16:48:50.108Z - Получение пользователей chunk
2023-12-24T16:48:50.185Z - Получение пользователей chunk
2023-12-24T16:48:50.452Z - Получение пользователей chunk
2023-12-24T16:48:50.534Z - Получение пользователей chunk
2023-12-24T16:48:50.605Z - Получение пользователей chunk
2023-12-24T16:48:50.703Z - Получение пользователей chunk
2023-12-24T16:48:57.724Z - Получение пользователей chunk
2023-12-24T16:48:57.726Z - Получение пользователей chunk
2023-12-24T16:48:57.737Z - Получение пользователей chunk
2023-12-24T16:48:58.053Z - Получение пользователей chunk
2023-12-24T16:48:58.300Z - Получение пользователей chunk
2023-12-24T16:48:58.429Z - Получение пользователей chunk
2023-12-24T16:48:58.582Z - Получение пользователей chunk
2023-12-24T16:48:58.615Z - Получение пользователей chunk
2023-12-24T16:48:58.664Z - Получение пользователей chunk
2023-12-24T16:48:58.712Z - Получение пользователей chunk
2023-12-24T16:48:59.041Z - Получение пользователей chunk
2023-12-24T16:48:59.051Z - Получение пользователей chunk
2023-12-24T16:48:59.094Z - Получение пользователей chunk
2023-12-24T16:48:59.130Z - Получение пользователей chunk
2023-12-24T16:48:59.161Z - Получение пользователей chunk
2023-12-24T16:48:59.206Z - Получение пользователей chunk
2023-12-24T16:48:59.219Z - Получение пользователей chunk
2023-12-24T16:48:59.259Z - Получение пользователей chunk
2023-12-24T16:48:59.341Z - Получение пользователей chunk
2023-12-24T16:48:59.347Z - Получение пользователей chunk
2023-12-24T16:48:59.374Z - Получение пользователей chunk
2023-12-24T16:49:31.408Z - Получение пользователей chunk
2023-12-24T16:49:31.425Z - Получение пользователей chunk
2023-12-24T16:49:32.044Z - Получение пользователей chunk
2023-12-24T16:49:34.225Z - Получение пользователей chunk
2023-12-24T16:49:34.238Z - Получение пользователей chunk
2023-12-24T16:49:34.866Z - Получение пользователей chunk
2023-12-24T16:49:37.695Z - Получение пользователей chunk
2023-12-24T16:49:38.945Z - Получение пользователей chunk
2023-12-24T16:49:40.174Z - Получение пользователей chunk
2023-12-24T16:49:41.425Z - Получение пользователей chunk
2023-12-24T16:49:42.684Z - Получение пользователей chunk
2023-12-24T16:49:43.982Z - Получение пользователей chunk
2023-12-24T16:49:45.161Z - Получение пользователей chunk
2023-12-24T16:49:46.465Z - Получение пользователей chunk
2023-12-24T16:49:47.709Z - Получение пользователей chunk
2023-12-24T16:49:51.236Z - Получение пользователей chunk
2023-12-24T16:49:51.291Z - Получение пользователей chunk
2023-12-24T16:49:51.912Z - Получение пользователей chunk
2023-12-24T16:49:55.223Z - Получение пользователей chunk
2023-12-24T16:49:55.280Z - Получение пользователей chunk
2023-12-24T16:49:55.972Z - Получение пользователей chunk
2023-12-24T16:49:56.075Z - Получение пользователей chunk
2023-12-24T16:49:56.143Z - Получение пользователей chunk
2023-12-24T16:49:56.207Z - Получение пользователей chunk
2023-12-24T16:49:56.275Z - Получение пользователей chunk
2023-12-24T16:49:56.360Z - Получение пользователей chunk
2023-12-24T16:49:56.455Z - Получение пользователей chunk
2023-12-24T16:49:56.571Z - Получение пользователей chunk
2023-12-24T16:49:56.758Z - Получение пользователей chunk
2023-12-24T16:49:57.043Z - Получение пользователей chunk
2023-12-24T16:49:57.442Z - Получение пользователей chunk
2023-12-24T16:49:57.522Z - Получение пользователей chunk
2023-12-24T16:49:57.575Z - Получение пользователей chunk
2023-12-24T16:49:57.642Z - Получение пользователей chunk
2023-12-24T16:49:57.706Z - Получение пользователей chunk
2023-12-24T16:49:57.810Z - Получение пользователей chunk
2023-12-24T16:49:57.907Z - Получение пользователей chunk
2023-12-24T16:49:58.847Z - Получение пользователей chunk
2023-12-24T16:49:58.931Z - Получение пользователей chunk
2023-12-24T16:49:59.149Z - Получение пользователей chunk
2023-12-24T16:49:59.782Z - Получение пользователей chunk
2023-12-24T16:49:59.865Z - Получение пользователей chunk
2023-12-24T16:49:59.988Z - Получение пользователей chunk
2023-12-24T16:50:00.297Z - Получение пользователей chunk
2023-12-24T16:50:00.366Z - Получение пользователей chunk
2023-12-24T16:51:36.690Z - Получение пользователей chunk
2023-12-24T16:51:36.706Z - Получение пользователей chunk
2023-12-24T16:51:37.287Z - Получение пользователей chunk
2023-12-24T16:51:37.317Z - Получение пользователей chunk
2023-12-24T16:51:37.361Z - Получение пользователей chunk
2023-12-24T16:51:37.427Z - Получение пользователей chunk
2023-12-24T16:51:38.368Z - Получение пользователей chunk
2023-12-24T16:51:38.371Z - Получение пользователей chunk
2023-12-24T16:51:38.946Z - Получение пользователей chunk
2023-12-24T16:51:38.978Z - Получение пользователей chunk
2023-12-24T16:51:39.013Z - Получение пользователей chunk
2023-12-24T16:51:39.059Z - Получение пользователей chunk
2023-12-24T16:51:39.381Z - Получение пользователей chunk
2023-12-24T16:51:39.396Z - Получение пользователей chunk
2023-12-24T16:51:39.438Z - Получение пользователей chunk
2023-12-24T16:51:39.485Z - Получение пользователей chunk
2023-12-24T16:51:39.518Z - Получение пользователей chunk
2023-12-24T16:51:40.270Z - Получение пользователей chunk
2023-12-24T16:51:40.282Z - Получение пользователей chunk
2023-12-24T16:51:40.320Z - Получение пользователей chunk
2023-12-24T16:51:40.356Z - Получение пользователей chunk
2023-12-24T16:51:41.506Z - Получение пользователей chunk
2023-12-24T16:51:41.527Z - Получение пользователей chunk
2023-12-24T16:51:56.884Z - Получение пользователей chunk
2023-12-24T16:51:58.991Z - Получение пользователей chunk
2023-12-24T16:52:02.064Z - Получение пользователей chunk
2023-12-24T16:52:04.807Z - Получение пользователей chunk
2023-12-24T16:52:06.913Z - Получение пользователей chunk
2023-12-24T16:52:09.501Z - Получение пользователей chunk
2023-12-24T16:52:12.076Z - Получение пользователей chunk
2023-12-24T16:52:14.749Z - Получение пользователей chunk
2023-12-24T16:52:19.992Z - Получение пользователей chunk
2023-12-24T16:52:19.999Z - Получение пользователей chunk
2023-12-24T16:52:20.049Z - Получение пользователей chunk
2023-12-24T16:52:20.336Z - Получение пользователей chunk
2023-12-24T16:52:22.436Z - Получение пользователей chunk
2023-12-24T16:52:44.247Z - Получение пользователей chunk
2023-12-24T16:52:44.257Z - Получение пользователей chunk
2023-12-24T16:52:44.303Z - Получение пользователей chunk
2023-12-24T16:52:44.419Z - Получение пользователей chunk
2023-12-24T16:52:46.544Z - Получение пользователей chunk
2023-12-24T16:52:50.202Z - Получение пользователей chunk
2023-12-24T16:52:53.181Z - Получение пользователей chunk
2023-12-24T16:52:55.850Z - Получение пользователей chunk
2023-12-24T16:52:59.010Z - Получение пользователей chunk
2023-12-24T16:53:03.163Z - Получение пользователей chunk
2023-12-24T16:55:27.980Z - Получение пользователей chunk
2023-12-24T16:55:30.167Z - Получение пользователей chunk
2023-12-24T16:56:30.856Z - Получение пользователей chunk
2023-12-24T17:02:46.527Z - Получение пользователей chunk
2023-12-24T17:02:46.531Z - Получение пользователей chunk
2023-12-24T17:02:48.687Z - Получение пользователей chunk
2023-12-24T17:03:17.614Z - Получение пользователей chunk
2023-12-24T17:03:17.619Z - Получение пользователей chunk
2023-12-24T17:03:21.516Z - Получение пользователей chunk
2023-12-24T17:03:24.860Z - Получение пользователей chunk
2023-12-24T17:03:29.681Z - Получение пользователей chunk
2023-12-24T17:03:29.895Z - Получение пользователей chunk
2023-12-24T17:03:30.741Z - Получение пользователей chunk
2023-12-24T17:03:30.936Z - Получение пользователей chunk
2023-12-24T17:03:31.508Z - Получение пользователей chunk
2023-12-24T17:03:32.196Z - Получение пользователей chunk
2023-12-24T17:03:32.363Z - Получение пользователей chunk
2023-12-24T17:03:32.579Z - Получение пользователей chunk
2023-12-24T17:03:32.976Z - Получение пользователей chunk
2023-12-24T17:03:33.159Z - Получение пользователей chunk
2023-12-24T17:03:33.395Z - Получение пользователей chunk
2023-12-24T17:03:33.713Z - Получение пользователей chunk
2023-12-24T17:03:33.954Z - Получение пользователей chunk
2023-12-24T17:03:34.149Z - Получение пользователей chunk
2023-12-24T17:03:34.406Z - Получение пользователей chunk
2023-12-24T17:03:39.108Z - Получение пользователей chunk
2023-12-24T17:03:39.126Z - Получение пользователей chunk
2023-12-24T17:03:39.690Z - Получение пользователей chunk
2023-12-24T17:03:40.639Z - Получение пользователей chunk
2023-12-24T17:03:41.106Z - Получение пользователей chunk
2023-12-24T17:03:52.873Z - Получение пользователей chunk
2023-12-24T17:03:53.127Z - Получение пользователей chunk
2023-12-24T17:03:53.252Z - Получение пользователей chunk
2023-12-24T17:03:53.348Z - Получение пользователей chunk
2023-12-24T17:03:55.408Z - Получение пользователей chunk
2023-12-24T17:07:35.111Z - Получение пользователей chunk
2023-12-24T17:07:35.123Z - Получение пользователей chunk
2023-12-24T17:07:36.318Z - Получение пользователей chunk
2023-12-24T17:10:18.967Z - Получение пользователей chunk
2023-12-24T17:10:18.975Z - Получение пользователей chunk
2023-12-24T17:10:32.111Z - Получение пользователей chunk
2023-12-24T17:10:32.123Z - Получение пользователей chunk
2023-12-24T17:14:42.422Z - Получение пользователей chunk
2023-12-24T17:14:42.440Z - Получение пользователей chunk
2023-12-24T17:14:42.453Z - Получение пользователей chunk
2023-12-24T17:14:47.028Z - Получение пользователей chunk
2023-12-24T17:14:47.041Z - Получение пользователей chunk
2023-12-24T17:15:15.233Z - Получение пользователей chunk
2023-12-24T17:15:40.874Z - Получение пользователей chunk
2023-12-24T17:15:53.278Z - Получение пользователей chunk
2023-12-24T17:16:00.107Z - Получение пользователей chunk
2023-12-24T17:17:23.627Z - Получение пользователей chunk
2023-12-24T17:17:51.572Z - Получение пользователей chunk
2023-12-24T17:18:12.254Z - Получение пользователей chunk
2023-12-24T17:18:20.099Z - Получение пользователей chunk
2023-12-24T17:18:30.867Z - Получение пользователей chunk
2023-12-24T17:18:31.519Z - Получение пользователей chunk
2023-12-24T17:18:31.892Z - Получение пользователей chunk
2023-12-24T17:18:32.193Z - Получение пользователей chunk
2023-12-24T17:18:32.446Z - Получение пользователей chunk
2023-12-24T17:18:32.741Z - Получение пользователей chunk
2023-12-24T17:18:47.977Z - Получение факультетов
2023-12-24T17:18:47.983Z - Получение факультетов
2023-12-24T17:19:39.171Z - Получение пользователей chunk
2023-12-24T17:19:39.180Z - Получение пользователей chunk
2023-12-24T17:19:44.807Z - Получение пользователей chunk
2023-12-24T17:19:47.737Z - Получение пользователей chunk
2023-12-24T17:19:50.620Z - Получение пользователей chunk
2023-12-24T17:19:54.757Z - Получение пользователей chunk
2023-12-24T17:19:54.810Z - Получение пользователей chunk
2023-12-24T17:19:54.850Z - Получение пользователей chunk
2023-12-24T17:19:55.015Z - Получение пользователей chunk
2023-12-24T17:19:55.239Z - Получение пользователей chunk
2023-12-24T17:19:55.364Z - Получение пользователей chunk
2023-12-24T17:19:56.808Z - Получение пользователей chunk
2023-12-24T17:19:56.837Z - Получение пользователей chunk
2023-12-24T17:19:56.901Z - Получение пользователей chunk
2023-12-24T17:19:57.049Z - Получение пользователей chunk
2023-12-24T17:19:59.166Z - Получение пользователей chunk
2023-12-24T17:20:22.436Z - Получение факультетов
2023-12-24T17:20:22.441Z - Получение факультетов
2023-12-24T17:27:09.410Z - Получение пользователей chunk
2023-12-24T17:27:09.416Z - Получение пользователей chunk
2023-12-24T17:27:20.284Z - Получение факультетов
2023-12-24T17:27:20.288Z - Получение факультетов
2023-12-24T17:41:17.962Z - Получение факультетов
2023-12-24T17:41:17.964Z - Получение факультетов
2023-12-24T17:42:25.585Z - Получение пользователей chunk
2023-12-24T17:42:25.595Z - Получение пользователей chunk
2023-12-24T17:42:26.644Z - Получение пользователей chunk
2023-12-24T17:42:29.356Z - Получение пользователей chunk
2023-12-24T17:42:30.568Z - Получение пользователей chunk
2023-12-24T17:42:31.039Z - Получение пользователей chunk
2023-12-24T17:42:31.260Z - Получение пользователей chunk
2023-12-24T17:42:33.811Z - Получение пользователей chunk
2023-12-24T17:42:35.727Z - Получение пользователей chunk
2023-12-24T17:42:35.988Z - Получение пользователей chunk
2023-12-24T17:42:36.273Z - Получение пользователей chunk
2023-12-24T17:42:36.571Z - Получение пользователей chunk
2023-12-24T17:42:36.791Z - Получение пользователей chunk
2023-12-24T17:42:37.159Z - Получение пользователей chunk
2023-12-24T17:42:37.600Z - Получение пользователей chunk
2023-12-24T17:42:37.941Z - Получение пользователей chunk
2023-12-24T17:42:38.249Z - Получение пользователей chunk
2023-12-24T17:42:38.579Z - Получение пользователей chunk
2023-12-24T17:42:44.001Z - Получение пользователей chunk
2023-12-24T17:42:44.010Z - Получение пользователей chunk
2023-12-24T17:42:44.590Z - Получение пользователей chunk
2023-12-24T17:42:45.038Z - Получение пользователей chunk
2023-12-24T17:42:45.286Z - Получение пользователей chunk
2023-12-24T17:42:45.345Z - Получение пользователей chunk
2023-12-24T17:42:45.525Z - Получение пользователей chunk
2023-12-24T17:42:45.536Z - Получение пользователей chunk
2023-12-24T17:42:45.573Z - Получение пользователей chunk
2023-12-24T17:43:06.473Z - Получение пользователей chunk
2023-12-24T17:43:06.474Z - Получение пользователей chunk
2023-12-24T17:43:06.506Z - Получение пользователей chunk
2023-12-24T17:43:06.549Z - Получение пользователей chunk
2023-12-24T17:43:06.557Z - Получение пользователей chunk
2023-12-24T17:43:06.702Z - Получение пользователей chunk
2023-12-24T17:43:08.649Z - Получение факультетов
2023-12-24T17:43:08.659Z - Получение факультетов
2023-12-24T17:43:13.188Z - Получение пользователей ВМ-ИВТ-4-1
2023-12-24T17:43:15.420Z - Получение таблицы посещения Sun Dec 24 2023 00:00:00 GMT+0300 (Москва, стандартное время)
2023-12-24T17:43:15.463Z - Получение пользователей ВМ-ИВТ-4-1
2023-12-24T17:43:19.429Z - Получение таблицы посещения Sun Dec 24 2023 00:00:00 GMT+0300 (Москва, стандартное время)
2023-12-24T17:43:23.196Z - Получение пользователей ВМ-ИВТ-4-1
2023-12-24T17:43:23.204Z - Получение таблицы посещения Sat Dec 23 2023 00:00:00 GMT+0300 (Москва, стандартное время)
2023-12-24T17:43:23.631Z - Получение пользователей ВМ-ИВТ-4-1
2023-12-24T17:43:23.640Z - Получение таблицы посещения Sat Dec 23 2023 00:00:00 GMT+0300 (Москва, стандартное время)
2023-12-24T17:43:23.651Z - Получение пользователей ВМ-ИВТ-4-1
2023-12-24T17:43:23.660Z - Получение таблицы посещения Sat Dec 23 2023 00:00:00 GMT+0300 (Москва, стандартное время)
2023-12-24T17:45:22.392Z - Получение пользователей ВМ-ИВТ-4-1
2023-12-24T17:45:23.041Z - Получение таблицы посещения Sun Dec 17 2023 03:00:00 GMT+0300 (Москва, стандартное время)
2023-12-24T17:45:23.052Z - Получение пользователей ВМ-ИВТ-4-1
2023-12-24T17:45:24.153Z - Получение таблицы посещения Sun Dec 17 2023 03:00:00 GMT+0300 (Москва, стандартное время)
2023-12-24T17:45:24.280Z - Получение пользователей ВМ-ИВТ-4-1
2023-12-24T17:45:25.267Z - Получение таблицы посещения Sun Dec 17 2023 03:00:00 GMT+0300 (Москва, стандартное время)
2023-12-24T17:45:29.686Z - Получение пользователей ВМ-ИВТ-4-1
2023-12-24T17:45:31.232Z - Получение таблицы посещения Mon Dec 18 2023 03:00:00 GMT+0300 (Москва, стандартное время)
2023-12-24T17:45:31.365Z - Получение пользователей ВМ-ИВТ-4-1
2023-12-24T17:45:31.374Z - Получение таблицы посещения Mon Dec 18 2023 03:00:00 GMT+0300 (Москва, стандартное время)
2023-12-24T17:45:31.385Z - Получение пользователей ВМ-ИВТ-4-1
2023-12-24T17:45:31.400Z - Получение таблицы посещения Mon Dec 18 2023 03:00:00 GMT+0300 (Москва, стандартное время)
2023-12-24T17:45:46.703Z - Получение пользователей ВМ-ИВТ-4-1
2023-12-24T17:45:49.073Z - Получение таблицы посещения Sun Dec 24 2023 03:00:00 GMT+0300 (Москва, стандартное время)
2023-12-24T17:45:49.165Z - Получение пользователей ВМ-ИВТ-4-1
2023-12-24T17:45:49.991Z - Получение таблицы посещения Sun Dec 24 2023 03:00:00 GMT+0300 (Москва, стандартное время)
2023-12-24T17:45:50.002Z - Получение пользователей ВМ-ИВТ-4-1
2023-12-24T17:45:54.223Z - Получение таблицы посещения Sun Dec 24 2023 03:00:00 GMT+0300 (Москва, стандартное время)
2023-12-24T17:46:33.435Z - Получение пользователей chunk
2023-12-24T17:46:33.450Z - Получение пользователей chunk
2023-12-24T17:46:33.462Z - Получение пользователей chunk
2023-12-24T17:46:34.370Z - Получение пользователей chunk
2023-12-24T17:46:34.822Z - Получение пользователей chunk
2023-12-24T17:46:35.272Z - Получение пользователей chunk
2023-12-24T17:46:35.465Z - Получение пользователей chunk
2023-12-24T17:46:35.715Z - Получение пользователей chunk
2023-12-24T17:46:35.893Z - Получение пользователей chunk
2023-12-24T17:46:36.165Z - Получение пользователей chunk
2023-12-24T17:46:36.370Z - Получение пользователей chunk
2023-12-24T17:46:36.681Z - Получение пользователей chunk
2023-12-24T17:46:56.091Z - Получение пользователей chunk
2023-12-24T17:46:56.107Z - Получение пользователей chunk
2023-12-24T17:46:56.366Z - Получение пользователей chunk
2023-12-24T17:46:56.620Z - Получение пользователей chunk
2023-12-24T17:46:56.704Z - Получение пользователей chunk
2023-12-24T17:46:57.226Z - Получение пользователей chunk
2023-12-24T17:46:58.136Z - Получение пользователей chunk
2023-12-24T17:46:58.168Z - Получение пользователей chunk
2023-12-24T17:47:00.278Z - Получение пользователей chunk
2023-12-24T17:47:13.702Z - Получение пользователей chunk
2023-12-24T17:47:13.705Z - Получение пользователей chunk
2023-12-24T17:47:13.763Z - Получение пользователей chunk
2023-12-24T17:47:13.928Z - Получение пользователей chunk
2023-12-24T17:47:18.735Z - Получение пользователей chunk
2023-12-24T17:47:21.575Z - Получение пользователей chunk
2023-12-24T17:47:24.401Z - Получение пользователей chunk
2023-12-24T17:47:30.540Z - Получение пользователей chunk
2023-12-24T17:47:30.559Z - Получение пользователей chunk
2023-12-24T17:47:30.568Z - Получение пользователей chunk
2023-12-24T17:47:30.677Z - Получение пользователей chunk
2023-12-24T17:47:32.791Z - Получение пользователей chunk
2023-12-24T17:47:44.364Z - Получение факультетов
2023-12-24T17:47:44.374Z - Получение факультетов
2023-12-24T17:47:56.257Z - Получение пользователей ВМ-ИВТ-4-1
2023-12-24T17:47:56.266Z - Получение пользователей ВМ-ИВТ-4-1
2023-12-24T17:47:57.163Z - Получение таблицы посещения Sun Dec 24 2023 00:00:00 GMT+0300 (Москва, стандартное время)
2023-12-24T17:48:01.989Z - Получение таблицы посещения Sun Dec 24 2023 00:00:00 GMT+0300 (Москва, стандартное время)
2023-12-24T17:48:13.456Z - Получение пользователей ВМ-ИВТ-4-1
2023-12-24T17:48:13.466Z - Получение таблицы посещения Sat Dec 23 2023 00:00:00 GMT+0300 (Москва, стандартное время)
2023-12-24T17:48:13.942Z - Получение пользователей ВМ-ИВТ-4-1
2023-12-24T17:48:13.955Z - Получение пользователей ВМ-ИВТ-4-1
2023-12-24T17:48:13.959Z - Получение таблицы посещения Sat Dec 23 2023 00:00:00 GMT+0300 (Москва, стандартное время)
2023-12-24T17:48:13.971Z - Получение таблицы посещения Sat Dec 23 2023 00:00:00 GMT+0300 (Москва, стандартное время)
2023-12-24T17:48:31.370Z - Получение пользователей ВМ-ИВТ-4-1
2023-12-24T17:48:31.820Z - Получение пользователей ВМ-ИВТ-4-1
2023-12-24T17:48:31.832Z - Получение пользователей ВМ-ИВТ-4-1
2023-12-24T17:48:47.211Z - Получение таблицы посещения Sun Dec 24 2023 00:00:00 GMT+0300 (Москва, стандартное время)
2023-12-24T17:48:51.361Z - Получение таблицы посещения Sun Dec 24 2023 00:00:00 GMT+0300 (Москва, стандартное время)
2023-12-24T17:48:51.385Z - Получение таблицы посещения Sun Dec 24 2023 00:00:00 GMT+0300 (Москва, стандартное время)
2023-12-24T17:49:25.477Z - Получение пользователей ВМ-ИВТ-4-1
2023-12-24T17:49:25.487Z - Получение таблицы посещения Sat Dec 23 2023 00:00:00 GMT+0300 (Москва, стандартное время)
2023-12-24T17:49:25.891Z - Получение пользователей ВМ-ИВТ-4-1
2023-12-24T17:49:25.901Z - Получение таблицы посещения Sat Dec 23 2023 00:00:00 GMT+0300 (Москва, стандартное время)
2023-12-24T17:49:25.912Z - Получение пользователей ВМ-ИВТ-4-1
2023-12-24T17:49:25.922Z - Получение таблицы посещения Sat Dec 23 2023 00:00:00 GMT+0300 (Москва, стандартное время)
2023-12-24T17:51:35.547Z - Получение факультетов
2023-12-24T17:51:35.558Z - Получение факультетов
2023-12-24T17:52:22.234Z - Получение пользователей ВИ-ИГ-2-1
2023-12-24T17:52:22.886Z - Получение таблицы посещения Sun Dec 24 2023 00:00:00 GMT+0300 (Москва, стандартное время)
2023-12-24T17:52:22.901Z - Получение пользователей ВИ-ИГ-2-1
2023-12-24T17:52:23.477Z - Получение таблицы посещения Sun Dec 24 2023 00:00:00 GMT+0300 (Москва, стандартное время)
2023-12-24T17:52:25.696Z - Получение факультетов
2023-12-24T17:52:25.711Z - Получение факультетов
2023-12-24T17:52:59.831Z - Получение пользователей chunk
2023-12-24T17:52:59.854Z - Получение пользователей chunk
2023-12-24T17:53:03.474Z - Получение пользователей chunk
2023-12-24T17:53:03.974Z - Получение пользователей chunk
2023-12-24T17:53:05.476Z - Получение пользователей chunk
2023-12-24T17:53:06.042Z - Получение пользователей chunk
2023-12-24T17:53:06.084Z - Получение пользователей chunk
2023-12-24T17:53:06.175Z - Получение пользователей chunk
2023-12-24T17:53:06.189Z - Получение пользователей chunk
2023-12-24T17:53:06.230Z - Получение пользователей chunk
2023-12-24T17:53:06.299Z - Получение пользователей chunk
2023-12-24T17:53:06.318Z - Получение пользователей chunk
2023-12-24T17:53:06.358Z - Получение пользователей chunk
2023-12-24T17:53:17.442Z - Получение пользователей chunk
2023-12-24T17:53:17.454Z - Получение пользователей chunk
2023-12-24T17:53:17.487Z - Получение пользователей chunk
2023-12-24T17:53:17.526Z - Получение пользователей chunk
2023-12-24T17:53:17.533Z - Получение пользователей chunk
2023-12-24T17:53:17.556Z - Получение пользователей chunk
2023-12-24T17:53:17.668Z - Получение пользователей chunk
2023-12-24T17:53:17.670Z - Получение пользователей chunk
2023-12-24T17:53:17.832Z - Получение пользователей chunk
2023-12-24T17:53:20.011Z - Получение пользователей chunk
2023-12-24T17:53:20.534Z - Получение пользователей chunk
2023-12-24T17:53:21.105Z - Получение пользователей chunk
2023-12-24T17:53:21.548Z - Получение пользователей chunk
2023-12-24T17:53:21.743Z - Получение пользователей chunk
2023-12-24T17:53:22.032Z - Получение пользователей chunk
2023-12-24T17:53:22.235Z - Получение пользователей chunk
2023-12-24T17:53:22.499Z - Получение пользователей chunk
2023-12-24T17:53:22.650Z - Получение пользователей chunk
2023-12-24T17:53:22.877Z - Получение пользователей chunk
2023-12-24T17:53:23.202Z - Получение пользователей chunk
2023-12-24T17:53:23.400Z - Получение пользователей chunk
2023-12-24T17:53:23.662Z - Получение пользователей chunk
2023-12-24T17:53:24.009Z - Получение пользователей chunk
2023-12-24T17:53:24.158Z - Получение пользователей chunk
2023-12-24T17:53:24.413Z - Получение пользователей chunk
2023-12-24T17:53:24.749Z - Получение пользователей chunk
2023-12-24T17:53:24.983Z - Получение пользователей chunk
2023-12-24T17:53:25.251Z - Получение пользователей chunk
2023-12-24T17:56:43.830Z - Получение факультетов
2023-12-24T17:56:43.844Z - Получение факультетов
2023-12-24T17:57:07.981Z - Получение пользователей chunk
2023-12-24T17:57:08.004Z - Получение пользователей chunk
2023-12-24T17:57:09.201Z - Получение пользователей chunk
2023-12-24T17:57:09.488Z - Получение пользователей chunk
2023-12-24T17:57:09.848Z - Получение пользователей chunk
2023-12-24T17:57:10.077Z - Получение пользователей chunk
2023-12-24T17:57:10.596Z - Получение пользователей chunk
2023-12-24T17:57:10.781Z - Получение пользователей chunk
2023-12-24T17:57:11.037Z - Получение пользователей chunk
2023-12-24T17:57:11.417Z - Получение пользователей chunk
2023-12-24T17:57:11.712Z - Получение пользователей chunk
2023-12-24T17:57:11.947Z - Получение пользователей chunk
2023-12-24T17:57:27.037Z - Получение факультетов
2023-12-24T17:57:27.046Z - Получение факультетов
2023-12-24T17:57:56.685Z - Получение пользователей chunk
2023-12-24T17:57:56.687Z - Получение пользователей chunk
2023-12-24T17:58:49.766Z - Получение пользователей chunk
2023-12-24T17:58:50.167Z - Получение пользователей chunk
2023-12-24T17:58:50.361Z - Получение пользователей chunk
2023-12-24T17:58:50.801Z - Получение пользователей chunk
2023-12-24T17:58:51.042Z - Получение пользователей chunk
2023-12-24T17:58:51.284Z - Получение пользователей chunk
2023-12-24T17:58:51.544Z - Получение пользователей chunk
2023-12-24T17:58:51.787Z - Получение пользователей chunk
2023-12-24T17:58:52.104Z - Получение пользователей chunk
2023-12-24T17:58:52.371Z - Получение пользователей chunk
2023-12-24T17:58:52.651Z - Получение пользователей chunk
2023-12-24T17:58:56.750Z - Получение факультетов
2023-12-24T17:58:56.772Z - Получение факультетов
2023-12-24T17:59:02.165Z - Получение пользователей ВМ-ИВТ-4-1
2023-12-24T17:59:07.152Z - Получение таблицы посещения Sun Dec 24 2023 00:00:00 GMT+0300 (Москва, стандартное время)
2023-12-24T17:59:07.268Z - Получение пользователей ВМ-ИВТ-4-1
2023-12-24T17:59:08.593Z - Получение таблицы посещения Sun Dec 24 2023 00:00:00 GMT+0300 (Москва, стандартное время)
2023-12-24T17:59:12.847Z - Получение пользователей ВМ-ИВТ-4-1
2023-12-24T17:59:12.855Z - Получение таблицы посещения Sat Dec 23 2023 00:00:00 GMT+0300 (Москва, стандартное время)
2023-12-24T17:59:13.258Z - Получение пользователей ВМ-ИВТ-4-1
2023-12-24T17:59:13.266Z - Получение таблицы посещения Sat Dec 23 2023 00:00:00 GMT+0300 (Москва, стандартное время)
2023-12-24T17:59:13.279Z - Получение пользователей ВМ-ИВТ-4-1
2023-12-24T17:59:13.291Z - Получение таблицы посещения Sat Dec 23 2023 00:00:00 GMT+0300 (Москва, стандартное время)
2023-12-24T17:59:28.003Z - Получение пользователей ВМ-ИВТ-4-1
2023-12-24T17:59:28.606Z - Получение таблицы посещения Sun Dec 24 2023 00:00:00 GMT+0300 (Москва, стандартное время)
2023-12-24T17:59:28.617Z - Получение пользователей ВМ-ИВТ-4-1
2023-12-24T17:59:29.206Z - Получение таблицы посещения Sun Dec 24 2023 00:00:00 GMT+0300 (Москва, стандартное время)
2023-12-24T17:59:29.268Z - Получение пользователей ВМ-ИВТ-4-1
2023-12-24T17:59:29.857Z - Получение таблицы посещения Sun Dec 24 2023 00:00:00 GMT+0300 (Москва, стандартное время)
2023-12-24T17:59:43.217Z - Получение пользователей ВМ-ИВТ-4-1
2023-12-24T17:59:43.226Z - Получение таблицы посещения Sat Dec 23 2023 00:00:00 GMT+0300 (Москва, стандартное время)
2023-12-24T17:59:43.636Z - Получение пользователей ВМ-ИВТ-4-1
2023-12-24T17:59:43.644Z - Получение таблицы посещения Sat Dec 23 2023 00:00:00 GMT+0300 (Москва, стандартное время)
2023-12-24T17:59:43.660Z - Получение пользователей ВМ-ИВТ-4-1
2023-12-24T17:59:43.669Z - Получение таблицы посещения Sat Dec 23 2023 00:00:00 GMT+0300 (Москва, стандартное время)
2023-12-24T17:59:46.546Z - Получение пользователей ВМ-ИВТ-4-1
2023-12-24T17:59:47.088Z - Получение пользователей ВМ-ИВТ-4-1
2023-12-24T17:59:47.094Z - Получение пользователей ВМ-ИВТ-4-1
2023-12-24T17:59:47.195Z - Получение таблицы посещения Sun Dec 24 2023 00:00:00 GMT+0300 (Москва, стандартное время)
2023-12-24T17:59:47.766Z - Получение таблицы посещения Sun Dec 24 2023 00:00:00 GMT+0300 (Москва, стандартное время)
2023-12-24T17:59:47.799Z - Получение таблицы посещения Sun Dec 24 2023 00:00:00 GMT+0300 (Москва, стандартное время)
2023-12-24T18:00:38.304Z - Получение пользователей ВМ-ИВТ-4-1
2023-12-24T18:00:38.771Z - Получение пользователей ВМ-ИВТ-4-1
2023-12-24T18:00:38.778Z - Получение пользователей ВМ-ИВТ-4-1
2023-12-24T18:00:38.881Z - Получение таблицы посещения Sun Dec 24 2023 00:00:00 GMT+0300 (Москва, стандартное время)
2023-12-24T18:00:39.456Z - Получение таблицы посещения Sun Dec 24 2023 00:00:00 GMT+0300 (Москва, стандартное время)
2023-12-24T18:00:39.463Z - Получение таблицы посещения Sun Dec 24 2023 00:00:00 GMT+0300 (Москва, стандартное время)
2023-12-24T18:00:44.108Z - Получение пользователей ВМ-ИВТ-4-1
2023-12-24T18:00:44.704Z - Получение таблицы посещения Sun Dec 24 2023 00:00:00 GMT+0300 (Москва, стандартное время)
2023-12-24T18:01:19.557Z - Получение пользователей ВМ-ИВТ-4-1
2023-12-24T18:01:19.565Z - Получение таблицы посещения Sat Dec 23 2023 00:00:00 GMT+0300 (Москва, стандартное время)
2023-12-24T18:01:19.957Z - Получение пользователей ВМ-ИВТ-4-1
2023-12-24T18:01:19.966Z - Получение таблицы посещения Sat Dec 23 2023 00:00:00 GMT+0300 (Москва, стандартное время)
2023-12-24T18:01:19.975Z - Получение пользователей ВМ-ИВТ-4-1
2023-12-24T18:01:19.984Z - Получение таблицы посещения Sat Dec 23 2023 00:00:00 GMT+0300 (Москва, стандартное время)
2023-12-24T18:02:13.204Z - Получение пользователей ВМ-ИВТ-4-1
2023-12-24T18:02:13.709Z - Получение пользователей ВМ-ИВТ-4-1
2023-12-24T18:02:13.717Z - Получение таблицы посещения Sat Dec 23 2023 00:00:00 GMT+0300 (Москва, стандартное время)
2023-12-24T18:02:13.732Z - Получение пользователей ВМ-ИВТ-4-1
2023-12-24T18:02:13.744Z - Получение таблицы посещения Sat Dec 23 2023 00:00:00 GMT+0300 (Москва, стандартное время)
2023-12-24T18:02:13.851Z - Получение таблицы посещения Sun Dec 24 2023 00:00:00 GMT+0300 (Москва, стандартное время)
2023-12-24T18:02:19.456Z - Получение пользователей ВМ-ИВТ-4-1
2023-12-24T18:02:19.928Z - Получение пользователей ВМ-ИВТ-4-1
2023-12-24T18:02:19.937Z - Получение таблицы посещения Sat Dec 23 2023 00:00:00 GMT+0300 (Москва, стандартное время)
2023-12-24T18:02:19.950Z - Получение пользователей ВМ-ИВТ-4-1
2023-12-24T18:02:19.965Z - Получение таблицы посещения Sat Dec 23 2023 00:00:00 GMT+0300 (Москва, стандартное время)
2023-12-24T18:02:20.074Z - Получение таблицы посещения Sun Dec 24 2023 00:00:00 GMT+0300 (Москва, стандартное время)
2023-12-24T18:02:21.190Z - Получение пользователей ВМ-ИВТ-4-1
2023-12-24T18:02:21.739Z - Получение пользователей ВМ-ИВТ-4-1
2023-12-24T18:02:21.747Z - Получение таблицы посещения Sat Dec 23 2023 00:00:00 GMT+0300 (Москва, стандартное время)
2023-12-24T18:02:21.758Z - Получение пользователей ВМ-ИВТ-4-1
2023-12-24T18:02:21.769Z - Получение таблицы посещения Sat Dec 23 2023 00:00:00 GMT+0300 (Москва, стандартное время)
2023-12-24T18:02:21.817Z - Получение таблицы посещения Sun Dec 24 2023 00:00:00 GMT+0300 (Москва, стандартное время)
2023-12-24T18:02:22.687Z - Получение пользователей ВМ-ИВТ-4-1
2023-12-24T18:02:23.220Z - Получение пользователей ВМ-ИВТ-4-1
2023-12-24T18:02:23.228Z - Получение таблицы посещения Sat Dec 23 2023 00:00:00 GMT+0300 (Москва, стандартное время)
2023-12-24T18:02:23.246Z - Получение пользователей ВМ-ИВТ-4-1
2023-12-24T18:02:23.253Z - Получение таблицы посещения Sat Dec 23 2023 00:00:00 GMT+0300 (Москва, стандартное время)
2023-12-24T18:02:23.292Z - Получение таблицы посещения Sun Dec 24 2023 00:00:00 GMT+0300 (Москва, стандартное время)
2023-12-24T18:03:48.358Z - Получение пользователей chunk
2023-12-24T18:03:48.363Z - Получение пользователей chunk
2023-12-24T18:08:19.403Z - Получение пользователей chunk
2023-12-24T18:08:20.002Z - Получение пользователей chunk
2023-12-24T18:08:20.520Z - Получение пользователей chunk
2023-12-24T18:08:20.837Z - Получение пользователей chunk
2023-12-24T18:08:21.225Z - Получение пользователей chunk
2023-12-24T18:08:21.765Z - Получение пользователей chunk
2023-12-24T18:08:22.002Z - Получение пользователей chunk
2023-12-24T18:08:22.602Z - Получение пользователей chunk
2023-12-24T18:08:22.972Z - Получение пользователей chunk
2023-12-24T18:08:23.228Z - Получение пользователей chunk
2023-12-24T18:08:23.783Z - Получение пользователей chunk
2023-12-24T18:08:24.210Z - Получение пользователей chunk
2023-12-24T18:08:24.373Z - Получение пользователей chunk
2023-12-24T18:08:24.892Z - Получение пользователей chunk
2023-12-24T18:08:25.397Z - Получение пользователей chunk
2023-12-24T18:08:25.703Z - Получение пользователей chunk
2023-12-24T18:08:26.172Z - Получение пользователей chunk
2023-12-24T18:08:26.600Z - Получение пользователей chunk
2023-12-24T18:08:27.172Z - Получение пользователей chunk
2023-12-24T18:08:27.596Z - Получение пользователей chunk
2023-12-24T18:08:27.853Z - Получение пользователей chunk
2023-12-24T18:08:28.408Z - Получение пользователей chunk
2023-12-24T18:08:32.848Z - Получение факультетов
2023-12-24T18:08:32.870Z - Получение факультетов
2023-12-24T18:08:56.739Z - Получение пользователей chunk
2023-12-24T18:08:56.741Z - Получение пользователей chunk
2023-12-24T18:09:01.078Z - Получение пользователей chunk
2023-12-24T18:09:04.274Z - Получение пользователей chunk
2023-12-24T18:09:05.075Z - Получение пользователей chunk
2023-12-24T18:09:05.802Z - Получение пользователей chunk
2023-12-24T18:09:05.969Z - Получение пользователей chunk
2023-12-24T18:09:08.772Z - Получение пользователей chunk
2023-12-24T18:09:08.912Z - Получение пользователей chunk
2023-12-24T18:09:09.575Z - Получение пользователей chunk
2023-12-24T18:09:10.150Z - Получение пользователей chunk
2023-12-24T18:09:10.321Z - Получение пользователей chunk
2023-12-24T18:09:10.737Z - Получение пользователей chunk
2023-12-24T18:09:10.874Z - Получение пользователей chunk
2023-12-24T18:09:11.351Z - Получение пользователей chunk
2023-12-24T18:09:11.481Z - Получение пользователей chunk
2023-12-24T18:09:11.764Z - Получение пользователей chunk
2023-12-24T18:09:11.990Z - Получение пользователей chunk
2023-12-24T18:09:12.519Z - Получение пользователей chunk
2023-12-24T18:09:12.662Z - Получение пользователей chunk
2023-12-24T18:09:14.398Z - Получение пользователей chunk
2023-12-24T18:09:14.831Z - Получение пользователей chunk
2023-12-24T18:09:15.403Z - Получение пользователей chunk
2023-12-24T18:09:15.913Z - Получение пользователей chunk
2023-12-24T18:09:16.220Z - Получение пользователей chunk
2023-12-24T18:09:16.331Z - Получение пользователей chunk
2023-12-24T18:09:17.135Z - Получение пользователей chunk
2023-12-24T18:09:17.465Z - Получение пользователей chunk
2023-12-24T18:09:17.863Z - Получение пользователей chunk
2023-12-24T18:09:18.259Z - Получение пользователей chunk
2023-12-24T18:09:18.589Z - Получение пользователей chunk
2023-12-24T18:09:18.951Z - Получение пользователей chunk
2023-12-24T18:09:19.238Z - Получение пользователей chunk
2023-12-24T18:09:19.496Z - Получение пользователей chunk
2023-12-24T18:09:19.753Z - Получение пользователей chunk
2023-12-24T18:09:20.046Z - Получение пользователей chunk
2023-12-24T18:09:21.231Z - Получение пользователей chunk
2023-12-24T18:09:21.579Z - Получение пользователей chunk
2023-12-24T18:09:21.792Z - Получение пользователей chunk
2023-12-24T18:09:22.204Z - Получение пользователей chunk
2023-12-24T18:09:22.342Z - Получение пользователей chunk
2023-12-24T18:09:23.706Z - Получение пользователей chunk
2023-12-24T18:09:27.552Z - Получение пользователей chunk
2023-12-24T18:09:28.587Z - Получение пользователей chunk
2023-12-24T18:09:29.270Z - Получение пользователей chunk
2023-12-24T18:09:30.020Z - Получение пользователей chunk
2023-12-24T18:09:30.465Z - Получение пользователей chunk
2023-12-24T18:09:30.672Z - Получение пользователей chunk
2023-12-24T18:09:31.189Z - Получение пользователей chunk
2023-12-24T18:09:31.215Z - Получение пользователей chunk
2023-12-24T18:09:31.245Z - Получение пользователей chunk
2023-12-24T18:09:31.281Z - Получение пользователей chunk
2023-12-24T18:09:31.313Z - Получение пользователей chunk
2023-12-24T18:09:31.347Z - Получение пользователей chunk
2023-12-24T18:09:31.383Z - Получение пользователей chunk
2023-12-24T18:09:31.405Z - Получение пользователей chunk
2023-12-24T18:09:31.444Z - Получение пользователей chunk
2023-12-24T18:09:31.481Z - Получение пользователей chunk
2023-12-24T18:09:31.502Z - Получение пользователей chunk
2023-12-24T18:09:31.573Z - Получение пользователей chunk
2023-12-24T18:09:31.589Z - Получение пользователей chunk
2023-12-24T18:09:31.603Z - Получение пользователей chunk
2023-12-24T18:09:31.636Z - Получение пользователей chunk
2023-12-24T18:09:31.671Z - Получение пользователей chunk
2023-12-24T18:09:31.718Z - Получение пользователей chunk
2023-12-24T18:09:31.730Z - Получение пользователей chunk
2023-12-24T18:09:32.316Z - Получение пользователей chunk
2023-12-24T18:09:32.555Z - Получение пользователей chunk
2023-12-24T18:09:32.752Z - Получение пользователей chunk
2023-12-24T18:09:32.925Z - Получение пользователей chunk
2023-12-24T18:09:33.114Z - Получение пользователей chunk
2023-12-24T18:09:33.277Z - Получение пользователей chunk
2023-12-24T18:09:33.430Z - Получение пользователей chunk
2023-12-24T18:09:33.948Z - Получение пользователей chunk
2023-12-24T18:09:33.970Z - Получение пользователей chunk
2023-12-24T18:09:34.000Z - Получение пользователей chunk
2023-12-24T18:09:34.030Z - Получение пользователей chunk
2023-12-24T18:09:34.064Z - Получение пользователей chunk
2023-12-24T18:09:34.093Z - Получение пользователей chunk
2023-12-24T18:09:34.132Z - Получение пользователей chunk
2023-12-24T18:09:34.163Z - Получение пользователей chunk
2023-12-24T18:09:34.188Z - Получение пользователей chunk
2023-12-24T18:09:34.270Z - Получение пользователей chunk
2023-12-24T18:09:34.286Z - Получение пользователей chunk
2023-12-24T18:09:34.299Z - Получение пользователей chunk
2023-12-24T18:09:34.330Z - Получение пользователей chunk
2023-12-24T18:09:34.357Z - Получение пользователей chunk
2023-12-24T18:09:34.386Z - Получение пользователей chunk
2023-12-24T18:09:34.424Z - Получение пользователей chunk
2023-12-24T18:09:34.460Z - Получение пользователей chunk
2023-12-24T18:09:34.484Z - Получение пользователей chunk
2023-12-24T18:09:34.525Z - Получение пользователей chunk
2023-12-24T18:09:34.552Z - Получение пользователей chunk
2023-12-24T18:09:34.583Z - Получение пользователей chunk
2023-12-24T18:09:34.616Z - Получение пользователей chunk
2023-12-24T18:09:34.647Z - Получение пользователей chunk
2023-12-24T18:09:34.691Z - Получение пользователей chunk
2023-12-24T18:09:34.716Z - Получение пользователей chunk
2023-12-24T18:09:38.331Z - Получение пользователей chunk
2023-12-24T18:09:39.023Z - Получение пользователей chunk
2023-12-24T18:09:40.491Z - Получение пользователей chunk
2023-12-24T18:09:42.113Z - Получение пользователей chunk
2023-12-24T18:09:42.866Z - Получение пользователей chunk
2023-12-24T18:09:46.462Z - Получение пользователей chunk
2023-12-24T18:09:46.669Z - Получение пользователей chunk
2023-12-24T18:09:47.328Z - Получение пользователей chunk
2023-12-24T18:09:49.786Z - Получение пользователей chunk
2023-12-24T18:09:53.057Z - Получение пользователей chunk
2023-12-24T18:09:57.004Z - Получение пользователей chunk
2023-12-24T18:09:57.597Z - Получение пользователей chunk
2023-12-24T18:09:57.642Z - Получение пользователей chunk
2023-12-24T18:09:58.155Z - Получение пользователей chunk
2023-12-24T18:09:58.377Z - Получение пользователей chunk
2023-12-24T18:09:58.393Z - Получение пользователей chunk
2023-12-24T18:09:58.466Z - Получение пользователей chunk
2023-12-24T18:09:58.854Z - Получение пользователей chunk
2023-12-24T18:09:59.013Z - Получение пользователей chunk
2023-12-24T18:09:59.057Z - Получение пользователей chunk
2023-12-24T18:10:10.513Z - Получение пользователей chunk
2023-12-24T18:10:10.525Z - Получение пользователей chunk
2023-12-24T18:13:06.405Z - Получение факультетов
2023-12-24T18:13:06.412Z - Получение факультетов
2023-12-24T18:13:10.815Z - Получение пользователей ВМ-ИВТ-4-1
2023-12-24T18:13:10.816Z - Получение пользователей ВМ-ИВТ-4-1
2023-12-24T18:13:11.440Z - Получение таблицы посещения Sun Dec 24 2023 00:00:00 GMT+0300 (Москва, стандартное время)
2023-12-24T18:13:11.449Z - Получение таблицы посещения Sun Dec 24 2023 00:00:00 GMT+0300 (Москва, стандартное время)
2023-12-24T18:13:14.649Z - Получение пользователей ВМ-ИВТ-4-1
2023-12-24T18:13:14.656Z - Получение таблицы посещения Sat Dec 23 2023 00:00:00 GMT+0300 (Москва, стандартное время)
2023-12-24T18:13:15.132Z - Получение пользователей ВМ-ИВТ-4-1
2023-12-24T18:13:15.133Z - Получение пользователей ВМ-ИВТ-4-1
2023-12-24T18:13:15.144Z - Получение таблицы посещения Sat Dec 23 2023 00:00:00 GMT+0300 (Москва, стандартное время)
2023-12-24T18:13:15.145Z - Получение таблицы посещения Sat Dec 23 2023 00:00:00 GMT+0300 (Москва, стандартное время)
2023-12-24T18:14:33.669Z - Получение пользователей chunk
2023-12-24T18:14:33.673Z - Получение пользователей chunk
2023-12-24T18:14:37.821Z - Получение пользователей chunk
2023-12-24T18:14:38.504Z - Получение пользователей chunk
2023-12-24T18:14:39.299Z - Получение пользователей chunk
2023-12-24T18:14:40.103Z - Получение пользователей chunk
2023-12-24T18:14:40.581Z - Получение пользователей chunk
2023-12-24T18:14:41.434Z - Получение пользователей chunk
2023-12-24T18:14:43.035Z - Получение пользователей chunk
2023-12-24T18:14:43.754Z - Получение пользователей chunk
2023-12-24T18:14:44.337Z - Получение пользователей chunk
2023-12-24T18:14:44.484Z - Получение пользователей chunk
2023-12-24T18:14:44.942Z - Получение пользователей chunk
2023-12-24T18:14:45.628Z - Получение пользователей chunk
2023-12-24T18:14:46.040Z - Получение пользователей chunk
2023-12-24T18:14:46.523Z - Получение пользователей chunk
2023-12-24T18:14:46.987Z - Получение пользователей chunk
2023-12-24T18:14:48.064Z - Получение пользователей chunk
2023-12-24T18:14:48.496Z - Получение пользователей chunk
2023-12-24T18:14:48.602Z - Получение пользователей chunk
2023-12-24T18:14:50.112Z - Получение пользователей chunk
2023-12-24T18:14:50.294Z - Получение пользователей chunk
2023-12-24T18:14:50.733Z - Получение пользователей chunk
2023-12-24T18:14:51.437Z - Получение пользователей chunk
2023-12-24T18:14:51.560Z - Получение пользователей chunk
2023-12-24T18:14:51.817Z - Получение пользователей chunk
2023-12-24T18:14:51.957Z - Получение пользователей chunk
2023-12-24T18:14:53.483Z - Получение пользователей chunk
2023-12-24T18:14:53.762Z - Получение пользователей chunk
2023-12-24T18:14:53.808Z - Получение пользователей chunk
2023-12-24T18:15:14.966Z - Получение пользователей chunk
2023-12-24T18:15:14.976Z - Получение пользователей chunk
2023-12-24T18:38:24.503Z - Получение факультетов
2023-12-24T18:38:24.517Z - Получение факультетов
2023-12-24T18:38:29.512Z - Получение пользователей ВМ-ИВТ-4-1
2023-12-24T18:38:29.514Z - Получение пользователей ВМ-ИВТ-4-1
2023-12-24T18:38:30.081Z - Получение таблицы посещения Sun Dec 24 2023 00:00:00 GMT+0300 (Москва, стандартное время)
2023-12-24T18:38:30.092Z - Получение таблицы посещения Sun Dec 24 2023 00:00:00 GMT+0300 (Москва, стандартное время)
2023-12-24T18:38:35.532Z - Получение пользователей ВМ-ИВТ-4-1
2023-12-24T18:38:35.541Z - Получение таблицы посещения Sat Dec 23 2023 00:00:00 GMT+0300 (Москва, стандартное время)
2023-12-24T18:38:35.939Z - Получение пользователей ВМ-ИВТ-4-1
2023-12-24T18:38:35.951Z - Получение таблицы посещения Sat Dec 23 2023 00:00:00 GMT+0300 (Москва, стандартное время)
2023-12-24T18:38:35.965Z - Получение пользователей ВМ-ИВТ-4-1
2023-12-24T18:38:35.976Z - Получение таблицы посещения Sat Dec 23 2023 00:00:00 GMT+0300 (Москва, стандартное время)
2023-12-24T18:39:27.985Z - Получение пользователей chunk
2023-12-24T18:39:27.991Z - Получение пользователей chunk
2023-12-24T18:39:30.559Z - Получение пользователей chunk
2023-12-24T19:08:59.887Z - Получение пользователей chunk
2023-12-24T19:08:59.921Z - Получение пользователей chunk
2023-12-24T19:08:59.946Z - Получение пользователей chunk
2023-12-24T19:09:06.463Z - Получение пользователей chunk
2023-12-24T19:09:08.480Z - Получение пользователей chunk
2023-12-24T19:09:10.158Z - Получение пользователей chunk
2023-12-24T19:09:13.704Z - Получение пользователей chunk
2023-12-24T19:09:14.648Z - Получение пользователей chunk
2023-12-24T19:09:15.127Z - Получение пользователей chunk
2023-12-24T19:09:15.490Z - Получение пользователей chunk
2023-12-24T19:09:15.826Z - Получение пользователей chunk
2023-12-24T19:09:16.056Z - Получение пользователей chunk
2023-12-24T19:09:16.341Z - Получение пользователей chunk
2023-12-24T19:09:16.678Z - Получение пользователей chunk
2023-12-24T19:09:17.043Z - Получение пользователей chunk
2023-12-24T19:10:23.998Z - Получение пользователей chunk
2023-12-24T19:10:24.023Z - Получение пользователей chunk
2023-12-24T19:10:24.046Z - Получение пользователей chunk
2023-12-24T19:11:58.999Z - Получение пользователей chunk
2023-12-24T19:11:59.019Z - Получение пользователей chunk
2023-12-24T19:11:59.054Z - Получение пользователей chunk
2023-12-24T19:12:45.403Z - Получение пользователей chunk
2023-12-24T19:12:45.414Z - Получение пользователей chunk
2023-12-24T19:13:58.932Z - Получение пользователей chunk
2023-12-24T19:13:58.938Z - Получение пользователей chunk
2023-12-24T19:13:58.945Z - Получение пользователей chunk
2023-12-24T19:14:25.600Z - Получение пользователей chunk
2023-12-24T19:15:42.224Z - Получение пользователей chunk
2023-12-24T19:15:42.266Z - Получение пользователей chunk
2023-12-24T19:15:42.286Z - Получение пользователей chunk
2023-12-24T19:15:45.061Z - Получение пользователей chunk
2023-12-24T19:15:45.409Z - Получение пользователей chunk
2023-12-24T19:15:53.352Z - Получение пользователей chunk
2023-12-24T19:15:53.639Z - Получение пользователей chunk
2023-12-24T19:16:01.332Z - Получение пользователей chunk
2023-12-24T19:16:01.343Z - Получение пользователей chunk
2023-12-24T19:16:02.173Z - Получение пользователей chunk
2023-12-24T19:16:02.464Z - Получение пользователей chunk
2023-12-24T19:16:08.677Z - Получение пользователей chunk
2023-12-24T19:16:08.697Z - Получение пользователей chunk
2023-12-24T19:16:08.709Z - Получение пользователей chunk
2023-12-24T19:16:23.079Z - Получение пользователей chunk
2023-12-24T19:16:23.089Z - Получение пользователей chunk
2023-12-24T19:16:40.307Z - Получение пользователей chunk
2023-12-24T19:16:40.320Z - Получение пользователей chunk
2023-12-24T19:16:40.343Z - Получение пользователей chunk
2023-12-24T19:17:05.127Z - Получение пользователей chunk
2023-12-24T19:17:05.140Z - Получение пользователей chunk
2023-12-24T19:17:52.371Z - Получение пользователей chunk
2023-12-24T19:17:52.397Z - Получение пользователей chunk
2023-12-24T19:17:52.423Z - Получение пользователей chunk
2023-12-24T19:18:54.196Z - Получение пользователей chunk
2023-12-24T19:18:54.209Z - Получение пользователей chunk
2023-12-24T19:19:13.933Z - Получение пользователей chunk
2023-12-24T19:19:44.936Z - Получение пользователей chunk
2023-12-24T19:19:44.941Z - Получение пользователей chunk
2023-12-24T19:19:44.948Z - Получение пользователей chunk
2023-12-24T19:19:50.452Z - Получение пользователей chunk
2023-12-24T19:20:07.345Z - Получение пользователей chunk
2023-12-24T19:20:07.366Z - Получение пользователей chunk
2023-12-24T19:20:07.383Z - Получение пользователей chunk
2023-12-24T19:20:18.109Z - Получение пользователей chunk
2023-12-24T19:20:27.325Z - Получение пользователей chunk
2023-12-24T19:20:29.679Z - Получение пользователей chunk
2023-12-24T19:21:29.966Z - Получение пользователей chunk
2023-12-24T19:21:51.345Z - Получение пользователей chunk
2023-12-24T19:21:51.350Z - Получение пользователей chunk
2023-12-24T19:21:52.382Z - Получение пользователей chunk
2023-12-24T19:21:53.218Z - Получение пользователей chunk
2023-12-24T19:21:53.791Z - Получение пользователей chunk
2023-12-24T19:21:53.991Z - Получение пользователей chunk
2023-12-24T19:21:54.288Z - Получение пользователей chunk
2023-12-24T19:21:54.981Z - Получение пользователей chunk
2023-12-24T19:21:55.092Z - Получение пользователей chunk
2023-12-24T19:21:57.486Z - Получение пользователей chunk
2023-12-24T19:21:57.841Z - Получение пользователей chunk
2023-12-24T19:21:58.105Z - Получение пользователей chunk
2023-12-24T19:21:58.803Z - Получение пользователей chunk
2023-12-24T19:23:48.172Z - Получение пользователей chunk
2023-12-24T19:23:48.178Z - Получение пользователей chunk
2023-12-24T19:24:34.557Z - Получение пользователей chunk
2023-12-24T19:32:01.435Z - Получение пользователей chunk
2023-12-24T19:34:27.199Z - Получение пользователей chunk
2023-12-24T19:34:27.373Z - Получение пользователей chunk
2023-12-24T19:34:27.671Z - Получение пользователей chunk
2023-12-24T19:34:27.913Z - Получение пользователей chunk
2023-12-24T19:34:28.181Z - Получение пользователей chunk
2023-12-24T19:34:28.530Z - Получение пользователей chunk
2023-12-24T19:34:28.780Z - Получение пользователей chunk
2023-12-24T19:34:29.226Z - Получение пользователей chunk
2023-12-24T19:34:29.483Z - Получение пользователей chunk
2023-12-24T19:34:30.016Z - Получение пользователей chunk
2023-12-24T19:34:30.299Z - Получение пользователей chunk
2023-12-24T19:34:30.809Z - Получение пользователей chunk
2023-12-24T19:34:31.132Z - Получение пользователей chunk
2023-12-24T19:34:31.647Z - Получение пользователей chunk
2023-12-24T19:34:31.952Z - Получение пользователей chunk
2023-12-24T19:34:32.462Z - Получение пользователей chunk
2023-12-24T19:34:32.885Z - Получение пользователей chunk
2023-12-24T19:34:33.220Z - Получение пользователей chunk
2023-12-24T19:34:33.533Z - Получение пользователей chunk
2023-12-24T19:34:34.026Z - Получение пользователей chunk
2023-12-24T19:34:34.397Z - Получение пользователей chunk
2023-12-24T19:34:34.741Z - Получение пользователей chunk
2023-12-24T19:34:35.176Z - Получение пользователей chunk
2023-12-24T19:34:35.612Z - Получение пользователей chunk
2023-12-24T19:34:35.922Z - Получение пользователей chunk
2023-12-24T19:34:36.303Z - Получение пользователей chunk
2023-12-24T19:44:58.914Z - Получение пользователей chunk
2023-12-24T19:44:58.927Z - Получение пользователей chunk
2023-12-24T19:45:29.748Z - Получение пользователей chunk
2023-12-24T19:45:29.772Z - Получение пользователей chunk
2023-12-24T19:52:14.940Z - Получение пользователей chunk
2023-12-24T19:52:22.332Z - Получение пользователей chunk
2023-12-24T19:56:16.034Z - Получение пользователей chunk
2023-12-24T19:56:16.043Z - Получение пользователей chunk
2023-12-24T19:59:01.310Z - Получение пользователей chunk
2023-12-24T19:59:01.331Z - Получение пользователей chunk
2023-12-24T19:59:01.357Z - Получение пользователей chunk
2023-12-24T20:38:48.743Z - Получение пользователей 
2023-12-24T20:38:48.766Z - Получение пользователей 
2023-12-24T20:38:48.794Z - Получение пользователей 
2023-12-24T20:39:13.153Z - Получение пользователей I
2023-12-24T20:39:13.160Z - Получение пользователей I
2023-12-24T20:39:13.309Z - Получение пользователей IV
2023-12-24T20:39:13.731Z - Получение пользователей IVT
2023-12-24T20:39:15.492Z - Получение пользователей IVT
