2023-12-22T11:41:37.809Z - Регистрация Anna
2023-12-22T11:41:57.065Z - Выполнен вход Anna
2023-12-22T11:42:48.301Z - Получение таблицы посещения 1703192400000
2023-12-22T11:49:42.013Z - Получение таблицы посещения 1703192400000
2023-12-22T11:49:42.044Z - Получение таблицы посещения 1703192400000
2023-12-22T11:50:23.611Z - Получение таблицы посещения 1703192400000
2023-12-22T12:00:52.953Z - Получение таблицы посещения 1703192400000
2023-12-22T12:00:52.965Z - Получение таблицы посещения 1703192400000
2023-12-22T12:04:49.685Z - Получение пользователей ВЛЯ-ИиИнф-5-1
2023-12-22T12:04:49.721Z - Получение пользователей ВЛЯ-ИиИнф-5-1
2023-12-22T12:04:50.463Z - Получение таблицы посещения 1703192400000
2023-12-22T12:04:50.474Z - Получение таблицы посещения 1703192400000
2023-12-22T12:06:28.265Z - Получение пользователей ВЛЯ-ИиИнф-5-1
2023-12-22T12:06:28.290Z - Получение пользователей ВЛЯ-ИиИнф-5-1
2023-12-22T12:07:19.019Z - Получение пользователей ВЛЯ-ИиИнф-5-1
2023-12-22T12:07:19.071Z - Получение пользователей ВЛЯ-ИиИнф-5-1
2023-12-22T12:09:23.718Z - Получение пользователей ВЛЯ-ИиИнф-5-1
2023-12-22T12:09:23.744Z - Получение пользователей ВЛЯ-ИиИнф-5-1
2023-12-22T12:09:24.477Z - Получение таблицы посещения Fri Dec 22 2023 00:00:00 GMT+0300 (Москва, стандартное время)
2023-12-22T12:09:24.488Z - Получение таблицы посещения Fri Dec 22 2023 00:00:00 GMT+0300 (Москва, стандартное время)
2023-12-22T12:10:03.981Z - Получение пользователей ВЛЯ-ИиИнф-5-1
2023-12-22T12:10:04.002Z - Получение пользователей ВЛЯ-ИиИнф-5-1
2023-12-22T12:10:04.646Z - Получение таблицы посещения Thu Dec 21 2023 23:53:20 GMT+0300 (Москва, стандартное время)
2023-12-22T12:10:04.667Z - Получение таблицы посещения Thu Dec 21 2023 23:53:20 GMT+0300 (Москва, стандартное время)
2023-12-22T12:10:17.068Z - Получение пользователей ВЛЯ-ИиИнф-5-1
2023-12-22T12:10:17.094Z - Получение пользователей ВЛЯ-ИиИнф-5-1
2023-12-22T12:10:17.820Z - Получение таблицы посещения Wed Dec 20 2023 22:20:00 GMT+0300 (Москва, стандартное время)
2023-12-22T12:10:17.828Z - Получение таблицы посещения Wed Dec 20 2023 22:20:00 GMT+0300 (Москва, стандартное время)
2023-12-22T12:11:37.986Z - Получение пользователей ВЛЯ-ИиИнф-5-1
2023-12-22T12:11:38.011Z - Получение пользователей ВЛЯ-ИиИнф-5-1
2023-12-22T12:11:38.707Z - Получение таблицы посещения Wed Dec 20 2023 22:20:00 GMT+0300 (Москва, стандартное время)
2023-12-22T12:11:38.717Z - Получение таблицы посещения Wed Dec 20 2023 22:20:00 GMT+0300 (Москва, стандартное время)
2023-12-22T12:12:52.554Z - Получение факультетов
2023-12-22T12:12:52.557Z - Получение факультетов
2023-12-22T12:18:51.904Z - Получение пользователей ВЛЯ-ИиИнф-5-1
2023-12-22T12:18:51.911Z - Получение пользователей ВЛЯ-ИиИнф-5-1
2023-12-22T12:18:52.571Z - Получение таблицы посещения Fri Dec 22 2023 00:00:00 GMT+0300 (Москва, стандартное время)
2023-12-22T12:18:52.658Z - Получение таблицы посещения Fri Dec 22 2023 00:00:00 GMT+0300 (Москва, стандартное время)
2023-12-22T12:19:54.298Z - Получение факультетов
2023-12-22T12:19:54.310Z - Получение факультетов
2023-12-22T12:19:58.244Z - Получение пользователей ВИ-ИГ-1-1
2023-12-22T12:19:58.273Z - Получение пользователей ВИ-ИГ-1-1
2023-12-22T12:19:58.957Z - Получение таблицы посещения Fri Dec 22 2023 00:00:00 GMT+0300 (Москва, стандартное время)
2023-12-22T12:19:58.997Z - Получение таблицы посещения Fri Dec 22 2023 00:00:00 GMT+0300 (Москва, стандартное время)
2023-12-22T12:24:39.946Z - Получение пользователей ВИ-ИГ-1-1
2023-12-22T12:24:39.962Z - Получение таблицы посещения Fri Dec 22 2023 00:00:00 GMT+0300 (Москва, стандартное время)
2023-12-22T12:24:39.975Z - Получение пользователей ВИ-ИГ-1-1
2023-12-22T12:24:39.989Z - Получение таблицы посещения Fri Dec 22 2023 00:00:00 GMT+0300 (Москва, стандартное время)
2023-12-22T12:25:42.943Z - Получение пользователей ВИ-ИГ-1-1
2023-12-22T12:25:42.963Z - Получение таблицы посещения Fri Dec 22 2023 00:00:00 GMT+0300 (Москва, стандартное время)
2023-12-22T12:25:42.973Z - Получение пользователей ВИ-ИГ-1-1
2023-12-22T12:25:42.984Z - Получение таблицы посещения Fri Dec 22 2023 00:00:00 GMT+0300 (Москва, стандартное время)
2023-12-22T12:26:03.177Z - Получение пользователей ВИ-ИГ-1-1
2023-12-22T12:26:03.193Z - Получение таблицы посещения Fri Dec 22 2023 00:00:00 GMT+0300 (Москва, стандартное время)
2023-12-22T12:26:03.205Z - Получение пользователей ВИ-ИГ-1-1
2023-12-22T12:26:03.215Z - Получение таблицы посещения Fri Dec 22 2023 00:00:00 GMT+0300 (Москва, стандартное время)
2023-12-22T12:26:14.157Z - Получение пользователей ВИ-ИГ-1-1
2023-12-22T12:26:14.171Z - Получение таблицы посещения Fri Dec 22 2023 00:00:00 GMT+0300 (Москва, стандартное время)
2023-12-22T12:26:14.183Z - Получение пользователей ВИ-ИГ-1-1
2023-12-22T12:26:14.198Z - Получение таблицы посещения Fri Dec 22 2023 00:00:00 GMT+0300 (Москва, стандартное время)
2023-12-22T12:35:16.802Z - Получение пользователей ВИ-ИГ-1-1
2023-12-22T12:38:24.384Z - Получение пользователей ВИ-ИГ-1-1
2023-12-22T12:38:24.402Z - Получение таблицы посещения Fri Dec 22 2023 00:00:00 GMT+0300 (Москва, стандартное время)
2023-12-22T12:38:24.421Z - Получение пользователей ВИ-ИГ-1-1
2023-12-22T12:38:24.433Z - Получение таблицы посещения Fri Dec 22 2023 00:00:00 GMT+0300 (Москва, стандартное время)
2023-12-22T12:40:29.520Z - Получение пользователей ВИ-ИГ-1-1
2023-12-22T12:40:29.547Z - Получение пользователей ВИ-ИГ-1-1
2023-12-22T12:40:29.557Z - Получение таблицы посещения Fri Dec 22 2023 00:00:00 GMT+0300 (Москва, стандартное время)
2023-12-22T12:40:29.571Z - Получение таблицы посещения Fri Dec 22 2023 00:00:00 GMT+0300 (Москва, стандартное время)
2023-12-22T12:43:22.549Z - Получение пользователей ВИ-ИГ-1-1
2023-12-22T12:43:22.566Z - Получение таблицы посещения Fri Dec 22 2023 00:00:00 GMT+0300 (Москва, стандартное время)
2023-12-22T12:43:22.577Z - Получение пользователей ВИ-ИГ-1-1
2023-12-22T12:43:22.593Z - Получение таблицы посещения Fri Dec 22 2023 00:00:00 GMT+0300 (Москва, стандартное время)
2023-12-22T12:44:51.835Z - Получение пользователей ВИ-ИГ-1-1
2023-12-22T12:44:51.851Z - Получение таблицы посещения Fri Dec 22 2023 00:00:00 GMT+0300 (Москва, стандартное время)
2023-12-22T12:44:51.859Z - Получение пользователей ВИ-ИГ-1-1
2023-12-22T12:44:51.875Z - Получение таблицы посещения Fri Dec 22 2023 00:00:00 GMT+0300 (Москва, стандартное время)
2023-12-22T14:55:02.616Z - Получение пользователей ВИ-ИГ-1-1
2023-12-22T14:55:02.653Z - Получение пользователей ВИ-ИГ-1-1
2023-12-22T14:55:02.671Z - Получение таблицы посещения Fri Dec 22 2023 00:00:00 GMT+0300 (Москва, стандартное время)
2023-12-22T14:55:02.690Z - Получение таблицы посещения Fri Dec 22 2023 00:00:00 GMT+0300 (Москва, стандартное время)
2023-12-22T14:55:29.214Z - Получение пользователей ВИ-ИГ-1-1
2023-12-22T14:55:29.248Z - Получение пользователей ВИ-ИГ-1-1
2023-12-22T14:55:29.249Z - Получение таблицы посещения Fri Dec 22 2023 00:00:00 GMT+0300 (Москва, стандартное время)
2023-12-22T14:55:29.277Z - Получение таблицы посещения Fri Dec 22 2023 00:00:00 GMT+0300 (Москва, стандартное время)
2023-12-22T14:55:52.241Z - Получение пользователей ВИ-ИГ-1-1
2023-12-22T14:55:52.262Z - Получение таблицы посещения Fri Dec 22 2023 00:00:00 GMT+0300 (Москва, стандартное время)
2023-12-22T14:56:03.297Z - Получение пользователей ВИ-ИГ-1-1
2023-12-22T14:56:03.317Z - Получение таблицы посещения Fri Dec 22 2023 00:00:00 GMT+0300 (Москва, стандартное время)
2023-12-22T14:56:53.238Z - Получение пользователей ВИ-ИГ-1-1
2023-12-22T14:56:53.264Z - Получение таблицы посещения Fri Dec 22 2023 00:00:00 GMT+0300 (Москва, стандартное время)
2023-12-22T14:57:04.457Z - Получение пользователей ВИ-ИГ-1-1
2023-12-22T14:57:04.484Z - Получение таблицы посещения Fri Dec 22 2023 00:00:00 GMT+0300 (Москва, стандартное время)
2023-12-22T14:57:04.492Z - Получение пользователей ВИ-ИГ-1-1
2023-12-22T14:57:04.510Z - Получение таблицы посещения Fri Dec 22 2023 00:00:00 GMT+0300 (Москва, стандартное время)
2023-12-22T14:57:39.431Z - Получение пользователей ВИ-ИГ-1-1
2023-12-22T14:57:39.458Z - Получение таблицы посещения Fri Dec 22 2023 00:00:00 GMT+0300 (Москва, стандартное время)
2023-12-22T14:58:26.586Z - Получение пользователей ВИ-ИГ-1-1
2023-12-22T14:58:26.604Z - Получение таблицы посещения Fri Dec 22 2023 00:00:00 GMT+0300 (Москва, стандартное время)
2023-12-22T14:58:26.616Z - Получение пользователей ВИ-ИГ-1-1
2023-12-22T14:58:26.637Z - Получение таблицы посещения Fri Dec 22 2023 00:00:00 GMT+0300 (Москва, стандартное время)
2023-12-22T14:58:32.206Z - Получение пользователей ВИ-ИГ-1-1
2023-12-22T14:58:32.208Z - Получение пользователей ВИ-ИГ-1-1
2023-12-22T14:58:32.238Z - Получение таблицы посещения Fri Dec 22 2023 00:00:00 GMT+0300 (Москва, стандартное время)
2023-12-22T14:58:32.240Z - Получение таблицы посещения Fri Dec 22 2023 00:00:00 GMT+0300 (Москва, стандартное время)
2023-12-22T15:00:20.303Z - Получение пользователей ВИ-ИГ-1-1
2023-12-22T15:00:20.324Z - Получение таблицы посещения Fri Dec 22 2023 00:00:00 GMT+0300 (Москва, стандартное время)
2023-12-22T15:00:20.350Z - Получение пользователей ВИ-ИГ-1-1
2023-12-22T15:00:20.369Z - Получение таблицы посещения Fri Dec 22 2023 00:00:00 GMT+0300 (Москва, стандартное время)
2023-12-22T15:00:25.778Z - Получение пользователей ВИ-ИГ-1-1
2023-12-22T15:00:25.782Z - Получение пользователей ВИ-ИГ-1-1
2023-12-22T15:00:25.806Z - Получение таблицы посещения Fri Dec 22 2023 00:00:00 GMT+0300 (Москва, стандартное время)
2023-12-22T15:00:25.807Z - Получение таблицы посещения Fri Dec 22 2023 00:00:00 GMT+0300 (Москва, стандартное время)
2023-12-22T15:00:31.629Z - Получение пользователей ВИ-ИГ-1-1
2023-12-22T15:00:31.645Z - Получение таблицы посещения Fri Dec 22 2023 00:00:00 GMT+0300 (Москва, стандартное время)
2023-12-22T15:00:31.665Z - Получение пользователей ВИ-ИГ-1-1
2023-12-22T15:00:31.681Z - Получение таблицы посещения Fri Dec 22 2023 00:00:00 GMT+0300 (Москва, стандартное время)
