2023-12-27T13:55:43.189Z - Выход из приложения
2023-12-27T13:55:52.097Z - Выполнен вход Anna
2023-12-27T13:55:56.974Z - Получение факультетов
2023-12-27T13:55:57.020Z - Получение факультетов
2023-12-27T13:56:04.154Z - Получение пользователей ВМ-ИВТ-4-1
2023-12-27T13:56:04.251Z - Получение пользователей ВМ-ИВТ-4-1
2023-12-27T13:56:08.025Z - Получение пользователей ВМ-ИВТ-4-1
2023-12-27T13:56:08.090Z - Получение пользователей ВМ-ИВТ-4-1
2023-12-27T13:56:20.976Z - Получение пользователей ВМ-ИВТ-4-1
2023-12-27T13:56:21.372Z - Получение пользователей ВМ-ИВТ-4-1
2023-12-27T13:56:21.441Z - Получение пользователей ВМ-ИВТ-4-1
2023-12-27T13:56:22.474Z - Получение пользователей ВМ-ИВТ-4-1
2023-12-27T13:56:22.951Z - Получение пользователей ВМ-ИВТ-4-1
2023-12-27T13:56:23.024Z - Получение пользователей ВМ-ИВТ-4-1
2023-12-27T13:56:27.936Z - Получение пользователей ВМ-ИВТ-4-1
2023-12-27T13:56:28.387Z - Получение пользователей ВМ-ИВТ-4-1
2023-12-27T13:56:28.434Z - Получение пользователей ВМ-ИВТ-4-1
2023-12-27T13:56:30.574Z - Получение пользователей ВМ-ИВТ-4-1
2023-12-27T13:56:31.049Z - Получение пользователей ВМ-ИВТ-4-1
2023-12-27T13:56:31.087Z - Получение пользователей ВМ-ИВТ-4-1
2023-12-27T13:56:32.614Z - Получение пользователей ВМ-ИВТ-4-1
2023-12-27T13:56:42.453Z - Получение пользователей 
2023-12-27T13:56:42.476Z - Получение пользователей 
2023-12-27T13:56:51.918Z - Получение факультетов
2023-12-27T13:56:51.943Z - Получение факультетов
2023-12-27T13:59:01.908Z - Получение пользователей ВМ-ИВТ-4-1
2023-12-27T13:59:03.460Z - Получение таблицы посещения Wed Dec 27 2023 00:00:00 GMT+0300 (Москва, стандартное время)
2023-12-27T13:59:03.522Z - Получение пользователей ВМ-ИВТ-4-1
2023-12-27T13:59:03.736Z - Получение таблицы посещения Wed Dec 27 2023 00:00:00 GMT+0300 (Москва, стандартное время)
2023-12-27T14:01:57.357Z - Создание таблицы посещения 755,Wed Dec 27 2023 17:01:57 GMT+0300 (Москва, стандартное время)
2023-12-27T14:01:59.117Z - Создание таблицы посещения 755,Wed Dec 27 2023 17:01:59 GMT+0300 (Москва, стандартное время)
2023-12-27T14:02:04.345Z - Создание таблицы посещения 755,Wed Dec 27 2023 17:02:04 GMT+0300 (Москва, стандартное время)
2023-12-27T14:02:15.995Z - Получение пользователей ВМ-ИВТ-4-1
2023-12-27T14:02:35.943Z - Получение пользователей ВМ-ИВТ-4-1
2023-12-27T14:02:52.044Z - Получение пользователей ВМ-ИВТ-4-1
2023-12-27T14:02:52.127Z - Получение пользователей ВМ-ИВТ-4-1
2023-12-27T14:03:11.139Z - Получение пользователей ВМ-ИВТ-4-1
2023-12-27T14:03:11.308Z - Получение таблицы посещения Tue Dec 26 2023 00:00:00 GMT+0300 (Москва, стандартное время)
2023-12-27T14:03:11.615Z - Получение пользователей ВМ-ИВТ-4-1
2023-12-27T14:03:11.667Z - Получение пользователей ВМ-ИВТ-4-1
2023-12-27T14:04:00.674Z - Получение факультетов
2023-12-27T14:04:00.710Z - Получение факультетов
2023-12-27T14:04:05.001Z - Получение пользователей ВМ-ИВТ-4-1
2023-12-27T14:04:05.019Z - Получение пользователей ВМ-ИВТ-4-1
2023-12-27T14:04:05.320Z - Получение таблицы посещения Wed Dec 27 2023 00:00:00 GMT+0300 (Москва, стандартное время)
2023-12-27T14:04:45.539Z - Получение факультетов
2023-12-27T14:04:45.575Z - Получение факультетов
2023-12-27T14:04:51.300Z - Получение пользователей ВМ-ИВТ-4-1
2023-12-27T14:04:51.347Z - Получение пользователей ВМ-ИВТ-4-1
2023-12-27T14:04:52.997Z - Получение таблицы посещения Wed Dec 27 2023 00:00:00 GMT+0300 (Москва, стандартное время)
2023-12-27T14:04:53.511Z - Получение таблицы посещения Wed Dec 27 2023 00:00:00 GMT+0300 (Москва, стандартное время)
2023-12-27T14:05:12.557Z - Получение пользователей ВМ-ИВТ-4-1
2023-12-27T14:05:12.727Z - Получение таблицы посещения Sat Dec 23 2023 03:00:00 GMT+0300 (Москва, стандартное время)
2023-12-27T14:05:12.919Z - Получение пользователей ВМ-ИВТ-4-1
2023-12-27T14:05:13.066Z - Получение таблицы посещения Sat Dec 23 2023 03:00:00 GMT+0300 (Москва, стандартное время)
2023-12-27T14:05:13.139Z - Получение пользователей ВМ-ИВТ-4-1
2023-12-27T14:05:13.281Z - Получение таблицы посещения Sat Dec 23 2023 03:00:00 GMT+0300 (Москва, стандартное время)
2023-12-27T14:05:21.591Z - Получение пользователей ВМ-ИВТ-4-1
2023-12-27T14:05:21.794Z - Получение таблицы посещения Mon Dec 25 2023 03:00:00 GMT+0300 (Москва, стандартное время)
2023-12-27T14:05:21.985Z - Получение пользователей ВМ-ИВТ-4-1
2023-12-27T14:05:22.180Z - Получение таблицы посещения Mon Dec 25 2023 03:00:00 GMT+0300 (Москва, стандартное время)
2023-12-27T14:05:22.237Z - Получение пользователей ВМ-ИВТ-4-1
2023-12-27T14:05:22.417Z - Получение таблицы посещения Mon Dec 25 2023 03:00:00 GMT+0300 (Москва, стандартное время)
2023-12-27T14:05:32.062Z - Получение факультетов
2023-12-27T14:05:32.085Z - Получение факультетов
2023-12-27T14:05:35.701Z - Получение пользователей 
2023-12-27T14:05:35.762Z - Получение пользователей 
2023-12-27T14:05:35.785Z - Получение пользователей 
2023-12-27T14:05:48.285Z - Получение пользователей V
2023-12-27T14:05:48.331Z - Получение пользователей V
2023-12-27T14:05:48.703Z - Получение пользователей 
2023-12-27T14:05:48.972Z - Получение пользователей V
2023-12-27T14:05:49.244Z - Получение пользователей VI
2023-12-27T14:05:49.501Z - Получение пользователей V
2023-12-27T14:05:49.599Z - Получение пользователей 
2023-12-27T14:05:49.755Z - Получение пользователей I
2023-12-27T14:05:49.826Z - Получение пользователей IV
2023-12-27T14:05:49.897Z - Получение пользователей IV
2023-12-27T14:05:49.925Z - Получение пользователей IVT
2023-12-27T14:05:49.954Z - Получение пользователей IVT
2023-12-27T14:05:50.027Z - Получение пользователей IVT
2023-12-27T14:06:29.154Z - Получение факультетов
2023-12-27T14:06:29.198Z - Получение факультетов
2023-12-27T14:07:00.195Z - Получение пользователей ВМ-ИВТ-4-1
2023-12-27T14:07:00.242Z - Получение пользователей ВМ-ИВТ-4-1
2023-12-27T14:07:00.740Z - Получение таблицы посещения Wed Dec 27 2023 00:00:00 GMT+0300 (Москва, стандартное время)
2023-12-27T14:07:00.846Z - Получение таблицы посещения Wed Dec 27 2023 00:00:00 GMT+0300 (Москва, стандартное время)
2023-12-27T14:07:22.801Z - Получение пользователей ВМ-ИВТ-4-1
2023-12-27T14:07:23.362Z - Получение пользователей ВМ-ИВТ-4-1
2023-12-27T14:07:23.428Z - Получение пользователей ВМ-ИВТ-4-1
2023-12-27T14:07:24.698Z - Получение таблицы посещения Fri Dec 01 2023 03:00:00 GMT+0300 (Москва, стандартное время)
2023-12-27T14:07:24.781Z - Получение таблицы посещения Fri Dec 01 2023 03:00:00 GMT+0300 (Москва, стандартное время)
2023-12-27T14:07:24.977Z - Получение таблицы посещения Fri Dec 01 2023 03:00:00 GMT+0300 (Москва, стандартное время)
2023-12-27T14:07:35.991Z - Выход из приложения
2023-12-27T14:09:48.625Z - Выполнен вход Anna
2023-12-27T14:09:50.674Z - Выход из приложения
2023-12-27T14:11:27.041Z - Ошибка при входе gdfgdfg
2023-12-27T15:16:42.241Z - Ошибка при входе gdfgdfg
2023-12-27T15:18:18.408Z - Выполнен вход Anna
2023-12-27T15:18:25.743Z - Получение факультетов
2023-12-27T15:18:25.760Z - Получение факультетов
2023-12-27T15:18:34.056Z - Получение пользователей ВМ-ИВТ-4-1
2023-12-27T15:18:34.127Z - Получение пользователей ВМ-ИВТ-4-1
2023-12-27T15:18:34.641Z - Получение таблицы посещения Wed Dec 27 2023 00:00:00 GMT+0300 (Москва, стандартное время)
2023-12-27T15:18:34.682Z - Получение таблицы посещения Wed Dec 27 2023 00:00:00 GMT+0300 (Москва, стандартное время)
2023-12-27T15:21:46.762Z - Получение пользователей ВМ-ИВТ-4-1
2023-12-27T15:21:46.977Z - Получение таблицы посещения Wed Dec 27 2023 00:00:00 GMT+0300 (Москва, стандартное время)
2023-12-27T15:21:57.613Z - Получение пользователей ВМ-ИВТ-4-1
2023-12-27T15:21:57.800Z - Получение таблицы посещения Wed Dec 27 2023 00:00:00 GMT+0300 (Москва, стандартное время)
2023-12-27T15:22:05.542Z - Получение пользователей ВМ-ИВТ-4-1
2023-12-27T15:22:05.670Z - Получение пользователей ВМ-ИВТ-4-1
2023-12-27T15:22:06.703Z - Получение таблицы посещения Wed Dec 27 2023 00:00:00 GMT+0300 (Москва, стандартное время)
2023-12-27T15:22:07.005Z - Получение таблицы посещения Wed Dec 27 2023 00:00:00 GMT+0300 (Москва, стандартное время)
2023-12-27T16:59:46.659Z - Получение факультетов
2023-12-27T16:59:46.685Z - Получение факультетов
2023-12-27T16:59:57.234Z - Получение пользователей ВЛЯ-ИиИнф-5-1
2023-12-27T16:59:57.248Z - Получение пользователей ВЛЯ-ИиИнф-5-1
2023-12-27T16:59:58.219Z - Получение таблицы посещения Wed Dec 27 2023 00:00:00 GMT+0300 (Москва, стандартное время)
2023-12-27T16:59:59.073Z - Получение таблицы посещения Wed Dec 27 2023 00:00:00 GMT+0300 (Москва, стандартное время)
2023-12-27T17:00:01.974Z - Получение пользователей ВЛЯ-ИиИнф-5-1
2023-12-27T17:00:02.470Z - Получение пользователей ВЛЯ-ИиИнф-5-1
2023-12-27T17:00:02.535Z - Получение пользователей ВЛЯ-ИиИнф-5-1
2023-12-27T17:00:02.899Z - Получение таблицы посещения Tue Dec 26 2023 00:00:00 GMT+0300 (Москва, стандартное время)
2023-12-27T17:00:03.715Z - Получение таблицы посещения Tue Dec 26 2023 00:00:00 GMT+0300 (Москва, стандартное время)
2023-12-27T17:00:03.761Z - Получение таблицы посещения Tue Dec 26 2023 00:00:00 GMT+0300 (Москва, стандартное время)
2023-12-27T17:07:45.014Z - Получение пользователей 
2023-12-27T17:07:45.097Z - Получение пользователей 
2023-12-27T17:07:46.398Z - Получение пользователей И
2023-12-27T17:07:46.791Z - Получение пользователей 
2023-12-27T17:07:47.511Z - Получение пользователей B
2023-12-27T17:07:47.991Z - Получение пользователей BL
2023-12-27T17:07:59.585Z - Получение пользователей BL
2023-12-27T17:07:59.937Z - Получение пользователей BL
2023-12-27T17:08:06.308Z - Получение пользователей B
2023-12-27T17:08:06.369Z - Получение пользователей B
2023-12-27T17:08:06.443Z - Получение пользователей 
2023-12-27T17:08:06.761Z - Получение пользователей B
2023-12-27T17:08:08.972Z - Получение пользователей Bz
2023-12-27T17:08:09.160Z - Получение пользователей Bzh
2023-12-27T17:08:10.179Z - Получение пользователей Bz
2023-12-27T17:08:10.371Z - Получение пользователей B
2023-12-27T17:08:16.717Z - Получение пользователей 
2023-12-27T17:08:16.940Z - Получение пользователей b
2023-12-27T17:08:19.914Z - Получение пользователей bj
2023-12-27T17:08:28.314Z - Получение пользователей bj
