2023-12-26T14:50:51.485Z - Выполнен вход Anna
2023-12-26T15:01:39.399Z - Получение факультетов
2023-12-26T15:01:39.426Z - Получение факультетов
2023-12-26T15:02:52.433Z - Получение факультетов
2023-12-26T15:02:52.484Z - Получение факультетов
2023-12-26T15:03:05.180Z - Получение пользователей ВМ-ИВТ-4-1
2023-12-26T15:03:05.207Z - Получение пользователей ВМ-ИВТ-4-1
2023-12-26T15:03:06.517Z - Получение таблицы посещения Tue Dec 26 2023 00:00:00 GMT+0300 (Москва, стандартное время)
2023-12-26T15:03:06.616Z - Получение таблицы посещения Tue Dec 26 2023 00:00:00 GMT+0300 (Москва, стандартное время)
2023-12-26T15:03:12.193Z - Создание таблицы посещения 756,Tue Dec 26 2023 18:03:12 GMT+0300 (Москва, стандартное время)
2023-12-26T15:03:16.312Z - Создание таблицы посещения 756,Tue Dec 26 2023 18:03:16 GMT+0300 (Москва, стандартное время)
2023-12-26T15:03:19.788Z - Создание таблицы посещения 756,Tue Dec 26 2023 18:03:19 GMT+0300 (Москва, стандартное время)
2023-12-26T15:03:22.636Z - Создание таблицы посещения 756,Tue Dec 26 2023 18:03:22 GMT+0300 (Москва, стандартное время)
2023-12-26T15:03:28.956Z - Получение пользователей 
2023-12-26T15:03:28.961Z - Получение пользователей 
2023-12-26T15:03:28.984Z - Получение пользователей 
2023-12-26T15:03:30.655Z - Получение пользователей B
2023-12-26T15:03:30.675Z - Получение пользователей B
2023-12-26T15:03:31.079Z - Получение пользователей BL
2023-12-26T15:03:36.050Z - Получение пользователей BL
2023-12-26T15:03:36.648Z - Получение пользователей BL
2023-12-26T15:03:48.134Z - Получение пользователей 
2023-12-26T15:03:48.152Z - Получение пользователей 
2023-12-26T15:03:50.291Z - Получение факультетов
2023-12-26T15:03:50.308Z - Получение факультетов
2023-12-26T15:03:58.479Z - Получение пользователей 
2023-12-26T15:03:58.516Z - Получение пользователей 
2023-12-26T15:04:00.941Z - Получение факультетов
2023-12-26T15:04:00.947Z - Получение факультетов
2023-12-26T15:04:59.422Z - Получение пользователей ВМ-ИВТ-4-1
2023-12-26T15:04:59.431Z - Получение пользователей ВМ-ИВТ-4-1
2023-12-26T15:04:59.844Z - Получение таблицы посещения Tue Dec 26 2023 00:00:00 GMT+0300 (Москва, стандартное время)
2023-12-26T15:04:59.880Z - Получение таблицы посещения Tue Dec 26 2023 00:00:00 GMT+0300 (Москва, стандартное время)
2023-12-26T15:05:16.621Z - Создание таблицы посещения 756,Tue Dec 26 2023 18:05:16 GMT+0300 (Москва, стандартное время)
2023-12-26T15:05:19.033Z - Создание таблицы посещения 756,Tue Dec 26 2023 18:05:19 GMT+0300 (Москва, стандартное время)
2023-12-26T15:05:21.338Z - Создание таблицы посещения 756,Tue Dec 26 2023 18:05:21 GMT+0300 (Москва, стандартное время)
2023-12-26T15:05:24.453Z - Создание таблицы посещения 756,Tue Dec 26 2023 18:05:24 GMT+0300 (Москва, стандартное время)
2023-12-26T15:05:26.602Z - Создание таблицы посещения 756,Tue Dec 26 2023 18:05:26 GMT+0300 (Москва, стандартное время)
2023-12-26T15:05:28.689Z - Создание таблицы посещения 756,Tue Dec 26 2023 18:05:28 GMT+0300 (Москва, стандартное время)
2023-12-26T15:05:41.591Z - Получение пользователей ВМ-ИВТ-4-1
2023-12-26T15:05:41.630Z - Получение пользователей ВМ-ИВТ-4-1
2023-12-26T15:05:42.006Z - Получение таблицы посещения Tue Dec 26 2023 00:00:00 GMT+0300 (Москва, стандартное время)
2023-12-26T15:05:42.020Z - Получение таблицы посещения Tue Dec 26 2023 00:00:00 GMT+0300 (Москва, стандартное время)
2023-12-26T15:24:41.680Z - Выполнен вход Anna
2023-12-26T15:24:44.208Z - Получение пользователей 
2023-12-26T15:24:44.303Z - Получение пользователей 
2023-12-26T15:24:44.349Z - Получение пользователей 
2023-12-26T15:24:46.022Z - Получение факультетов
2023-12-26T15:24:46.033Z - Получение факультетов
2023-12-26T15:24:50.374Z - Получение пользователей ВМ-ИВТ-4-1
2023-12-26T15:24:50.439Z - Получение пользователей ВМ-ИВТ-4-1
2023-12-26T15:24:51.942Z - Получение таблицы посещения Tue Dec 26 2023 00:00:00 GMT+0300 (Москва, стандартное время)
2023-12-26T15:24:52.167Z - Получение таблицы посещения Tue Dec 26 2023 00:00:00 GMT+0300 (Москва, стандартное время)
2023-12-26T15:24:56.398Z - Получение пользователей ВМ-ИВТ-4-1
2023-12-26T15:24:56.472Z - Получение пользователей ВМ-ИВТ-4-1
2023-12-26T15:24:57.360Z - Получение таблицы посещения Tue Dec 26 2023 00:00:00 GMT+0300 (Москва, стандартное время)
2023-12-26T15:24:57.424Z - Получение таблицы посещения Tue Dec 26 2023 00:00:00 GMT+0300 (Москва, стандартное время)
2023-12-26T15:31:01.569Z - Получение пользователей ВМ-ИВТ-4-1
2023-12-26T15:31:01.867Z - Получение таблицы посещения Mon Dec 25 2023 00:00:00 GMT+0300 (Москва, стандартное время)
2023-12-26T15:31:02.025Z - Получение пользователей ВМ-ИВТ-4-1
2023-12-26T15:31:02.226Z - Получение таблицы посещения Mon Dec 25 2023 00:00:00 GMT+0300 (Москва, стандартное время)
2023-12-26T15:31:02.272Z - Получение пользователей ВМ-ИВТ-4-1
2023-12-26T15:31:02.444Z - Получение таблицы посещения Mon Dec 25 2023 00:00:00 GMT+0300 (Москва, стандартное время)
2023-12-26T15:31:08.816Z - Получение пользователей ВМ-ИВТ-4-1
2023-12-26T15:31:09.093Z - Получение таблицы посещения Tue Dec 26 2023 00:00:00 GMT+0300 (Москва, стандартное время)
2023-12-26T15:31:09.230Z - Получение пользователей ВМ-ИВТ-4-1
2023-12-26T15:31:09.418Z - Получение таблицы посещения Tue Dec 26 2023 00:00:00 GMT+0300 (Москва, стандартное время)
2023-12-26T15:31:09.462Z - Получение пользователей ВМ-ИВТ-4-1
2023-12-26T15:31:09.634Z - Получение таблицы посещения Tue Dec 26 2023 00:00:00 GMT+0300 (Москва, стандартное время)
2023-12-26T17:41:42.754Z - Получение пользователей ВМ-ИВТ-4-1
2023-12-26T17:41:42.914Z - Получение таблицы посещения Tue Dec 26 2023 00:00:00 GMT+0300 (Москва, стандартное время)
2023-12-26T17:41:43.084Z - Получение пользователей ВМ-ИВТ-4-1
2023-12-26T17:41:43.303Z - Получение таблицы посещения Tue Dec 26 2023 00:00:00 GMT+0300 (Москва, стандартное время)
2023-12-26T17:41:43.361Z - Получение пользователей ВМ-ИВТ-4-1
2023-12-26T17:41:43.508Z - Получение таблицы посещения Tue Dec 26 2023 00:00:00 GMT+0300 (Москва, стандартное время)
