2023-12-18T10:26:18.204Z - Получение таблицы посещения 1702483165430
2023-12-18T10:27:03.905Z - Получение таблицы посещения 1702483165430
2023-12-18T10:27:56.363Z - Получение таблицы посещения 1702895278218
2023-12-18T10:28:26.814Z - Получение таблицы посещения 1702895309335
2023-12-18T10:29:50.097Z - Time error for getSchedule
2023-12-18T10:30:39.212Z - Time error for getSchedule
2023-12-18T10:31:02.269Z - Получение таблицы посещения 1702414800000
2023-12-18T10:33:24.727Z - Получение таблицы посещения 1702895595654
2023-12-18T10:36:16.887Z - Создание таблицы посещения 2
2023-12-18T10:37:11.784Z - Создание таблицы посещения undefined
2023-12-18T10:37:30.547Z - Создание таблицы посещения undefined
2023-12-18T10:38:44.780Z - Создание таблицы посещения undefined
2023-12-18T10:38:59.367Z - Создание таблицы посещения 2
2023-12-18T11:35:12.727Z - Получение таблицы посещения 1702414800000
2023-12-18T11:58:46.693Z - Ошибка при входе Anna
2023-12-18T11:58:58.031Z - Ошибка при входе Anna
2023-12-18T11:59:11.866Z - Выполнен вход Anna
2023-12-18T12:00:55.102Z - Выполнен вход Anna
2023-12-18T12:02:13.926Z - Выполнен вход Anna
2023-12-18T12:03:34.717Z - Выполнен вход Anna
2023-12-18T12:04:22.159Z - Выполнен вход Anna
2023-12-18T12:04:33.714Z - Выполнен вход Anna
2023-12-18T13:27:03.186Z - Выполнен вход Anna
2023-12-18T13:31:11.023Z - Выполнен вход Anna
2023-12-18T13:32:22.247Z - Выполнен вход Anna
2023-12-18T13:32:40.058Z - Выполнен вход Anna
2023-12-18T13:36:29.561Z - Выполнен вход Anna
2023-12-18T13:39:56.225Z - Выполнен вход Anna
2023-12-18T13:51:09.035Z - Выполнен вход Anna
2023-12-18T13:52:34.036Z - Выполнен вход Anna
2023-12-18T13:59:36.603Z - Выполнен вход Anna
2023-12-18T14:19:07.689Z - Выполнен вход Anna
2023-12-18T14:44:26.232Z - Выполнен вход Anna
2023-12-18T14:45:54.605Z - Выполнен вход Anna
2023-12-18T14:47:14.815Z - Выполнен вход Anna
2023-12-18T14:52:30.706Z - Выполнен вход Anna
2023-12-18T14:54:03.876Z - Выполнен вход Anna
2023-12-18T14:54:52.113Z - Выполнен вход Anna
2023-12-18T17:29:45.695Z - Выполнен вход Anna
2023-12-18T18:37:15.893Z - Выполнен вход Anna
2023-12-18T18:37:46.247Z - Выполнен вход Anna
2023-12-18T18:38:18.432Z - Выполнен вход Anna
2023-12-18T19:24:37.780Z - Выполнен вход Anna
2023-12-18T19:24:39.516Z - Выполнен вход Anna
2023-12-18T19:27:42.101Z - Выход из приложения
