2024-02-01T16:16:42.688Z - Получение пользователей 
2024-02-01T16:17:19.244Z - Получение пользователей 
2024-02-01T16:17:19.270Z - Получение пользователей 
2024-02-01T16:17:48.241Z - Получение пользователей 
2024-02-01T16:27:27.269Z - Получение пользователей 
2024-02-01T16:27:27.311Z - Получение пользователей 
2024-02-01T16:29:25.263Z - Получение пользователей 
2024-02-01T16:29:25.291Z - Получение пользователей 
2024-02-01T16:29:37.209Z - Получение пользователей 
2024-02-01T16:35:05.282Z - Получение пользователей 
2024-02-01T16:35:05.322Z - Получение пользователей 
2024-02-01T16:35:48.240Z - Получение пользователей 
2024-02-01T16:35:48.265Z - Получение пользователей 
2024-02-01T16:36:35.231Z - Получение пользователей 
2024-02-01T16:36:35.247Z - Получение пользователей 
2024-02-01T16:41:57.114Z - Получение пользователей 
2024-02-01T16:42:01.202Z - Получение пользователей 
2024-02-01T16:42:01.512Z - Получение пользователей 
2024-02-01T16:42:01.771Z - Получение пользователей 
2024-02-01T16:42:02.071Z - Получение пользователей 
2024-02-01T16:42:02.318Z - Получение пользователей 
2024-02-01T16:42:02.644Z - Получение пользователей 
2024-02-01T16:42:02.875Z - Получение пользователей 
2024-02-01T16:42:03.201Z - Получение пользователей 
2024-02-01T16:42:06.323Z - Получение пользователей B
2024-02-01T16:42:06.358Z - Получение пользователей B
2024-02-01T16:42:06.777Z - Получение пользователей BL
2024-02-01T16:42:11.290Z - Получение пользователей BL
2024-02-01T16:42:12.385Z - Получение пользователей BL
2024-02-01T16:42:24.197Z - Получение пользователей B
2024-02-01T16:42:24.211Z - Получение пользователей B
2024-02-01T16:42:24.304Z - Получение пользователей 
2024-02-01T16:42:28.661Z - Получение факультетов
2024-02-01T16:42:28.679Z - Получение факультетов
2024-02-01T16:42:39.798Z - Получение пользователей ВМ-Прог-1-1
2024-02-01T16:42:40.802Z - Получение таблицы посещения Thu Feb 01 2024 00:00:00 GMT+0300 (Москва, стандартное время)
2024-02-01T16:42:40.841Z - Получение пользователей ВМ-Прог-1-1
2024-02-01T16:42:40.860Z - Получение таблицы посещения Thu Feb 01 2024 00:00:00 GMT+0300 (Москва, стандартное время)
2024-02-01T16:42:50.769Z - Получение пользователей ВМ-Прог-1-1
2024-02-01T16:42:51.515Z - Получение таблицы посещения Wed Jan 31 2024 03:00:00 GMT+0300 (Москва, стандартное время)
2024-02-01T16:42:51.548Z - Получение пользователей ВМ-Прог-1-1
2024-02-01T16:42:51.581Z - Получение таблицы посещения Wed Jan 31 2024 03:00:00 GMT+0300 (Москва, стандартное время)
2024-02-01T16:42:51.614Z - Получение пользователей ВМ-Прог-1-1
2024-02-01T16:42:51.649Z - Получение таблицы посещения Wed Jan 31 2024 03:00:00 GMT+0300 (Москва, стандартное время)
2024-02-01T16:43:32.365Z - Получение пользователей ВМ-Прог-1-1
2024-02-01T16:43:33.023Z - Получение пользователей ВМ-Прог-1-1
2024-02-01T16:43:33.588Z - Получение пользователей ВМ-Прог-1-1
2024-02-01T16:44:03.677Z - Получение пользователей ВМ-Прог-1-1
2024-02-01T16:44:03.703Z - Получение пользователей ВМ-Прог-1-1
2024-02-01T16:44:25.073Z - Получение пользователей ВМ-Прог-1-1
2024-02-01T16:44:25.123Z - Получение таблицы посещения Thu Feb 01 2024 03:00:00 GMT+0300 (Москва, стандартное время)
2024-02-01T16:44:25.516Z - Получение пользователей ВМ-Прог-1-1
2024-02-01T16:44:25.544Z - Получение таблицы посещения Thu Feb 01 2024 03:00:00 GMT+0300 (Москва, стандартное время)
2024-02-01T16:44:25.570Z - Получение пользователей ВМ-Прог-1-1
2024-02-01T16:44:25.605Z - Получение таблицы посещения Thu Feb 01 2024 03:00:00 GMT+0300 (Москва, стандартное время)
2024-02-01T16:46:07.609Z - Получение пользователей 
2024-02-01T16:46:07.634Z - Получение пользователей 
2024-02-01T16:46:51.871Z - Получение пользователей 
2024-02-01T16:48:30.682Z - Получение пользователей 
2024-02-01T16:48:32.293Z - Получение пользователей 
2024-02-01T16:48:59.326Z - Получение пользователей 
2024-02-01T16:49:31.552Z - Получение пользователей 
2024-02-01T16:49:57.858Z - Получение пользователей 
2024-02-01T16:50:11.237Z - Получение пользователей 
2024-02-01T16:50:11.267Z - Получение пользователей 
2024-02-01T16:50:22.735Z - Получение пользователей 
2024-02-01T16:50:26.343Z - Получение пользователей 
2024-02-01T16:51:08.445Z - Получение пользователей 
2024-02-01T16:51:25.013Z - Получение пользователей 
2024-02-01T16:51:33.420Z - Получение пользователей 
2024-02-01T16:51:47.095Z - Получение пользователей 
2024-02-01T16:52:06.157Z - Получение пользователей 
2024-02-01T16:52:22.018Z - Получение пользователей 
2024-02-01T16:52:31.102Z - Получение пользователей 
2024-02-01T16:52:39.454Z - Получение пользователей 
2024-02-01T16:52:48.544Z - Получение пользователей 
2024-02-01T16:52:50.674Z - Получение пользователей 
2024-02-01T16:53:25.371Z - Получение пользователей 
2024-02-01T16:54:11.295Z - Получение пользователей 
2024-02-01T16:55:13.068Z - Получение пользователей 
2024-02-01T16:55:13.088Z - Получение пользователей 
2024-02-01T16:55:49.245Z - Получение пользователей 
2024-02-01T16:56:19.147Z - Получение пользователей 
2024-02-01T16:56:26.585Z - Получение пользователей 
2024-02-01T16:56:32.909Z - Получение пользователей 
2024-02-01T16:56:34.135Z - Получение пользователей 
2024-02-01T16:56:45.600Z - Получение пользователей 
2024-02-01T16:56:51.254Z - Получение пользователей 
2024-02-01T16:56:54.425Z - Получение пользователей 
2024-02-01T16:56:57.927Z - Получение пользователей 
2024-02-01T16:57:13.763Z - Получение пользователей 
2024-02-01T16:57:20.760Z - Получение пользователей 
2024-02-01T16:57:24.096Z - Получение пользователей 
2024-02-01T16:57:25.678Z - Получение пользователей 
2024-02-01T16:58:02.121Z - Получение пользователей 
2024-02-01T16:58:26.265Z - Получение пользователей 
2024-02-01T16:59:01.335Z - Получение пользователей 
2024-02-01T16:59:21.316Z - Получение пользователей 
2024-02-01T17:00:10.772Z - Регистрация test
2024-02-01T17:00:10.801Z - Создание пользователя Ssss
2024-02-01T17:00:14.770Z - Получение пользователей t
2024-02-01T17:00:14.816Z - Получение пользователей te
2024-02-01T17:00:14.873Z - Получение пользователей te
2024-02-01T17:00:14.918Z - Получение пользователей tes
2024-02-01T17:00:14.938Z - Получение пользователей tes
2024-02-01T17:00:14.974Z - Получение пользователей tes
2024-02-01T17:00:15.064Z - Получение пользователей test
2024-02-01T17:00:15.069Z - Получение пользователей test
2024-02-01T17:00:15.105Z - Получение пользователей test
2024-02-01T17:00:27.806Z - Получение пользователей tes
2024-02-01T17:00:27.813Z - Получение пользователей tes
2024-02-01T17:00:27.870Z - Получение пользователей tes
2024-02-01T17:00:28.264Z - Получение пользователей test
2024-02-01T17:00:28.274Z - Получение пользователей test
2024-02-01T17:00:28.338Z - Получение пользователей test
2024-02-01T17:03:31.483Z - Получение пользователей test
2024-02-01T17:03:31.491Z - Получение пользователей test
2024-02-01T17:03:31.571Z - Получение пользователей test
2024-02-01T17:04:06.227Z - Получение пользователей test
2024-02-01T17:04:06.231Z - Получение пользователей test
2024-02-01T17:04:06.333Z - Получение пользователей test
2024-02-01T17:14:23.450Z - Получение пользователей test
2024-02-01T17:14:23.514Z - Получение пользователей test
2024-02-01T17:14:23.603Z - Получение пользователей test
2024-02-01T17:14:28.943Z - Удаление пользователя 286
2024-02-01T17:15:15.287Z - Получение пользователей test
2024-02-01T17:15:15.314Z - Получение пользователей test
2024-02-01T17:15:15.424Z - Получение пользователей test
2024-02-01T17:15:18.499Z - Получение пользователей tes
2024-02-01T17:15:18.511Z - Получение пользователей tes
2024-02-01T17:15:18.556Z - Получение пользователей test
2024-02-01T17:15:18.628Z - Получение пользователей test
2024-02-01T17:15:19.327Z - Получение пользователей tes
2024-02-01T17:15:19.343Z - Получение пользователей tes
2024-02-01T17:15:19.411Z - Получение пользователей tes
2024-02-01T17:15:20.055Z - Получение пользователей test
2024-02-01T17:15:20.069Z - Получение пользователей test
2024-02-01T17:15:20.134Z - Получение пользователей test
2024-02-01T17:15:30.776Z - Получение пользователей tes
2024-02-01T17:15:30.782Z - Получение пользователей tes
2024-02-01T17:15:30.852Z - Получение пользователей tes
2024-02-01T17:15:51.286Z - Получение пользователей te
2024-02-01T17:15:51.291Z - Получение пользователей te
2024-02-01T17:15:51.377Z - Получение пользователей t
2024-02-01T17:15:51.511Z - Получение пользователей 
2024-02-01T17:15:52.349Z - Получение пользователей t
2024-02-01T17:15:52.434Z - Получение пользователей te
2024-02-01T17:15:52.487Z - Получение пользователей tes
2024-02-01T17:15:52.549Z - Получение пользователей tes
2024-02-01T17:15:52.643Z - Получение пользователей test
2024-02-01T17:15:52.648Z - Получение пользователей test
2024-02-01T17:15:52.783Z - Получение пользователей test
2024-02-01T17:16:59.077Z - Получение пользователей 
2024-02-01T17:16:59.086Z - Получение пользователей 
2024-02-01T17:17:00.644Z - Получение пользователей t
2024-02-01T17:17:00.666Z - Получение пользователей te
2024-02-01T17:17:00.739Z - Получение пользователей tes
2024-02-01T17:17:00.795Z - Получение пользователей tes
2024-02-01T17:17:00.881Z - Получение пользователей test
2024-02-01T17:17:00.887Z - Получение пользователей test
2024-02-01T17:17:00.940Z - Получение пользователей test
2024-02-01T17:17:11.661Z - Получение пользователей 
2024-02-01T17:17:11.715Z - Получение пользователей 
2024-02-01T17:17:11.751Z - Получение пользователей 
2024-02-01T17:17:13.184Z - Получение пользователей t
2024-02-01T17:17:13.200Z - Получение пользователей t
2024-02-01T17:17:13.245Z - Получение пользователей te
2024-02-01T17:17:13.445Z - Получение пользователей tes
2024-02-01T17:17:13.504Z - Получение пользователей tes
2024-02-01T17:17:13.567Z - Получение пользователей test
2024-02-01T17:17:13.577Z - Получение пользователей test
2024-02-01T17:17:13.633Z - Получение пользователей test
2024-02-01T17:17:16.964Z - Получение пользователей 
2024-02-01T17:17:16.960Z - Получение пользователей 
2024-02-01T17:17:24.222Z - Получение пользователей t
2024-02-01T17:17:24.256Z - Получение пользователей te
2024-02-01T17:17:24.363Z - Получение пользователей tes
2024-02-01T17:17:24.447Z - Получение пользователей tes
2024-02-01T17:17:24.499Z - Получение пользователей test
2024-02-01T17:17:24.518Z - Получение пользователей test
2024-02-01T17:17:24.596Z - Получение пользователей test
2024-02-01T17:28:07.763Z - Получение пользователей tes
2024-02-01T17:28:07.777Z - Получение пользователей tes
2024-02-01T17:28:07.865Z - Получение пользователей tes
2024-02-01T17:28:08.140Z - Получение пользователей te
2024-02-01T17:28:08.154Z - Получение пользователей te
2024-02-01T17:28:08.180Z - Получение пользователей t
2024-02-01T17:28:08.224Z - Получение пользователей 
2024-02-01T17:28:11.458Z - Получение пользователей 
2024-02-01T17:35:26.128Z - Получение пользователей t
2024-02-01T17:35:26.166Z - Получение пользователей t
2024-02-01T17:35:26.178Z - Получение пользователей te
2024-02-01T17:35:26.186Z - Получение пользователей tes
2024-02-01T17:35:26.213Z - Получение пользователей test
2024-02-01T17:35:26.366Z - Получение пользователей test
2024-02-01T17:35:55.912Z - Регистрация testDeleting
2024-02-01T17:35:55.929Z - Создание пользователя testDeleting
2024-02-01T17:36:00.456Z - Получение пользователей tes
2024-02-01T17:36:00.460Z - Получение пользователей tes
2024-02-01T17:36:00.545Z - Получение пользователей test
2024-02-01T17:36:02.096Z - Получение пользователей test
2024-02-01T17:36:06.528Z - Удаление пользователя 287
2024-02-01T17:38:17.348Z - Получение пользователей 
2024-02-01T17:38:17.379Z - Получение пользователей 
2024-02-01T17:38:21.672Z - Получение пользователей t
2024-02-01T17:38:21.704Z - Получение пользователей te
2024-02-01T17:38:21.748Z - Получение пользователей tes
2024-02-01T17:38:21.890Z - Получение пользователей test
2024-02-01T17:38:22.839Z - Получение пользователей test
2024-02-01T17:38:28.396Z - Удаление пользователя 287
2024-02-01T17:39:37.997Z - Удаление пользователя 287
2024-02-01T17:40:10.153Z - Удаление пользователя 287
2024-02-01T17:40:28.663Z - Удаление пользователя 287
2024-02-01T17:41:01.875Z - Получение пользователей 
2024-02-01T17:41:01.904Z - Получение пользователей 
2024-02-01T17:41:03.103Z - Получение пользователей t
2024-02-01T17:41:03.174Z - Получение пользователей te
2024-02-01T17:41:03.392Z - Получение пользователей tes
2024-02-01T17:41:03.525Z - Получение пользователей test
2024-02-01T17:41:04.958Z - Получение пользователей test
2024-02-01T17:41:10.671Z - Удаление пользователя 287
2024-02-01T17:41:21.485Z - Получение пользователей 
2024-02-01T17:41:21.491Z - Получение пользователей 
2024-02-01T17:41:21.898Z - Получение пользователей t
2024-02-01T17:41:21.979Z - Получение пользователей te
2024-02-01T17:41:22.189Z - Получение пользователей tet
2024-02-01T17:41:22.318Z - Получение пользователей tets
2024-02-01T17:41:22.735Z - Получение пользователей tet
2024-02-01T17:41:22.837Z - Получение пользователей te
2024-02-01T17:41:22.937Z - Получение пользователей tes
2024-02-01T17:41:22.989Z - Получение пользователей te
2024-02-01T17:41:23.422Z - Получение пользователей tet
2024-02-01T17:41:23.767Z - Получение пользователей te
2024-02-01T17:41:23.834Z - Получение пользователей tes
2024-02-01T17:41:23.899Z - Получение пользователей tes
2024-02-01T17:41:23.951Z - Получение пользователей test
2024-02-01T17:41:24.050Z - Получение пользователей test
2024-02-01T17:41:24.217Z - Получение пользователей test
2024-02-01T17:41:31.109Z - Получение пользователей tes
2024-02-01T17:41:31.117Z - Получение пользователей tes
2024-02-01T17:41:31.178Z - Получение пользователей tes
2024-02-01T17:43:26.519Z - Получение пользователей te
2024-02-01T17:43:26.552Z - Получение пользователей te
2024-02-01T17:43:26.564Z - Получение пользователей tes
2024-02-01T17:43:26.694Z - Получение пользователей tes
2024-02-01T17:47:04.532Z - Регистрация testDelete
2024-02-01T17:47:04.556Z - Создание пользователя testDelete
2024-02-01T17:47:08.702Z - Получение пользователей test
2024-02-01T17:47:08.736Z - Получение пользователей test
2024-02-01T17:47:10.215Z - Получение пользователей test
2024-02-01T17:47:14.585Z - Удаление пользователя 288
2024-02-01T17:47:23.781Z - Получение пользователей tes
2024-02-01T17:47:23.800Z - Получение пользователей tes
2024-02-01T17:47:23.823Z - Получение пользователей test
2024-02-01T17:47:30.556Z - Получение пользователей test
