2024-05-12T21:32:45.618Z - Получение факультетов
2024-05-12T21:32:45.712Z - Получение факультетов
2024-05-12T21:35:23.608Z - Получение факультетов
2024-05-12T21:35:23.618Z - Получение факультетов
2024-05-12T21:36:49.543Z - Получение факультетов
2024-05-12T21:36:59.943Z - Получение факультетов
2024-05-12T21:36:59.950Z - Получение факультетов
2024-05-12T21:38:26.528Z - Удаление факультета id - 8
2024-05-12T21:38:26.679Z - Получение факультетов
2024-05-12T21:38:26.706Z - Получение факультетов
2024-05-12T21:38:30.119Z - Получение факультетов
2024-05-12T21:38:30.143Z - Получение факультетов
2024-05-12T21:38:37.177Z - Получение пользователей ВМ-ИВТ-4-1
2024-05-12T21:38:38.396Z - Получение таблицы посещения Mon May 13 2024 00:00:00 GMT+0300 (Москва, стандартное время)
2024-05-12T21:38:38.459Z - Получение пользователей ВМ-ИВТ-4-1
2024-05-12T21:38:39.205Z - Получение таблицы посещения Mon May 13 2024 00:00:00 GMT+0300 (Москва, стандартное время)
2024-05-12T21:38:40.953Z - Получение пользователей ВМ-ИВТ-4-1
2024-05-12T21:38:41.677Z - Получение таблицы посещения Mon May 13 2024 00:00:00 GMT+0300 (Москва, стандартное время)
2024-05-12T21:38:41.722Z - Получение пользователей ВМ-ИВТ-4-1
2024-05-12T21:38:42.261Z - Получение факультетов
2024-05-12T21:38:42.325Z - Получение факультетов
2024-05-12T21:38:42.444Z - Получение таблицы посещения Mon May 13 2024 00:00:00 GMT+0300 (Москва, стандартное время)
2024-05-12T21:41:35.237Z - Получение факультетов
2024-05-12T21:41:35.281Z - Получение факультетов
2024-05-12T21:42:09.235Z - Получение пользователей ВМ-ИВТ-4-1
2024-05-12T21:42:10.380Z - Получение таблицы посещения Mon May 13 2024 00:00:00 GMT+0300 (Москва, стандартное время)
2024-05-12T21:42:10.449Z - Получение пользователей ВМ-ИВТ-4-1
2024-05-12T21:42:11.427Z - Получение таблицы посещения Mon May 13 2024 00:00:00 GMT+0300 (Москва, стандартное время)
2024-05-12T21:42:12.973Z - Получение факультетов
2024-05-12T21:42:13.016Z - Получение факультетов
2024-05-12T21:46:44.959Z - Получение факультетов
2024-05-12T21:46:45.025Z - Получение факультетов
2024-05-12T21:46:48.925Z - Получение факультетов
2024-05-12T21:46:48.966Z - Получение факультетов
2024-05-12T22:07:59.180Z - Получение факультетов
2024-05-12T22:07:59.203Z - Получение факультетов
2024-05-12T22:33:14.568Z - Получение пользователей ВМ-ИВТ-4-1
2024-05-12T22:33:14.584Z - Получение пользователей ВМ-ИВТ-4-1
2024-05-12T22:33:15.654Z - Получение таблицы посещения Mon May 13 2024 00:00:00 GMT+0300 (Москва, стандартное время)
2024-05-12T22:33:16.470Z - Получение таблицы посещения Mon May 13 2024 00:00:00 GMT+0300 (Москва, стандартное время)
2024-05-12T22:33:34.017Z - Получение факультетов
2024-05-12T22:33:34.027Z - Получение факультетов
2024-05-12T22:33:39.563Z - Получение пользователей ВМ-ИВТ-3-1
2024-05-12T22:33:39.579Z - Получение пользователей ВМ-ИВТ-3-1
2024-05-12T22:33:40.981Z - Получение таблицы посещения Mon May 13 2024 00:00:00 GMT+0300 (Москва, стандартное время)
2024-05-12T22:33:40.993Z - Получение таблицы посещения Mon May 13 2024 00:00:00 GMT+0300 (Москва, стандартное время)
2024-05-12T22:33:49.643Z - Получение пользователей ВМ-ИВТ-3-1
2024-05-12T22:33:50.126Z - Получение пользователей ВМ-ИВТ-3-1
2024-05-12T22:33:50.133Z - Получение пользователей ВМ-ИВТ-3-1
2024-05-12T22:33:50.534Z - Получение таблицы посещения Wed May 01 2024 03:00:00 GMT+0300 (Москва, стандартное время)
2024-05-12T22:33:50.537Z - Получение таблицы посещения Wed May 01 2024 03:00:00 GMT+0300 (Москва, стандартное время)
2024-05-12T22:33:50.588Z - Получение таблицы посещения Wed May 01 2024 03:00:00 GMT+0300 (Москва, стандартное время)
2024-05-12T22:34:12.274Z - Получение пользователей ВМ-ИВТ-3-1
2024-05-12T22:34:12.796Z - Получение пользователей ВМ-ИВТ-3-1
2024-05-12T22:34:12.818Z - Получение пользователей ВМ-ИВТ-3-1
2024-05-12T22:34:13.805Z - Получение таблицы посещения Thu May 02 2024 03:00:00 GMT+0300 (Москва, стандартное время)
2024-05-12T22:34:13.811Z - Получение таблицы посещения Thu May 02 2024 03:00:00 GMT+0300 (Москва, стандартное время)
2024-05-12T22:34:13.831Z - Получение таблицы посещения Thu May 02 2024 03:00:00 GMT+0300 (Москва, стандартное время)
2024-05-12T22:34:20.347Z - Получение пользователей ВМ-ИВТ-3-1
2024-05-12T22:34:20.830Z - Получение пользователей ВМ-ИВТ-3-1
2024-05-12T22:34:20.834Z - Получение пользователей ВМ-ИВТ-3-1
2024-05-12T22:34:21.208Z - Получение таблицы посещения Fri Feb 02 2024 03:00:00 GMT+0300 (Москва, стандартное время)
2024-05-12T22:34:21.217Z - Получение таблицы посещения Fri Feb 02 2024 03:00:00 GMT+0300 (Москва, стандартное время)
2024-05-12T22:34:21.245Z - Получение таблицы посещения Fri Feb 02 2024 03:00:00 GMT+0300 (Москва, стандартное время)
2024-05-12T22:34:23.764Z - Получение пользователей ВМ-ИВТ-3-1
2024-05-12T22:34:23.817Z - Получение таблицы посещения Thu Feb 01 2024 03:00:00 GMT+0300 (Москва, стандартное время)
2024-05-12T22:34:24.265Z - Получение пользователей ВМ-ИВТ-3-1
2024-05-12T22:34:24.275Z - Получение пользователей ВМ-ИВТ-3-1
2024-05-12T22:34:24.458Z - Получение таблицы посещения Thu Feb 01 2024 03:00:00 GMT+0300 (Москва, стандартное время)
2024-05-12T22:34:24.513Z - Получение таблицы посещения Thu Feb 01 2024 03:00:00 GMT+0300 (Москва, стандартное время)
2024-05-12T22:35:12.659Z - Получение факультетов
2024-05-12T22:35:12.715Z - Получение факультетов
2024-05-12T22:35:24.804Z - Получение факультетов
2024-05-12T22:35:24.825Z - Получение факультетов
2024-05-12T22:36:38.610Z - Получение факультетов
2024-05-12T22:36:38.644Z - Получение факультетов
2024-05-12T22:36:43.158Z - Получение факультетов
2024-05-12T22:36:43.188Z - Получение факультетов
2024-05-12T22:37:23.558Z - Получение факультетов
2024-05-12T22:37:23.581Z - Получение факультетов
