2024-01-25T17:18:54.813Z - Получение пользователей 
2024-01-25T17:18:54.820Z - Получение пользователей 
2024-01-25T17:19:03.294Z - Получение пользователей 
2024-01-25T17:19:03.331Z - Получение пользователей 
2024-01-25T17:19:03.365Z - Получение пользователей 
2024-01-25T17:19:09.262Z - Получение пользователей 
2024-01-25T18:05:17.182Z - Получение пользователей 
2024-01-25T18:05:17.191Z - Получение пользователей 
2024-01-25T18:06:18.962Z - Получение пользователей 
2024-01-25T18:06:18.988Z - Получение пользователей 
2024-01-25T18:07:10.778Z - Регистрация ruslan
2024-01-25T18:07:10.834Z - Создание пользователя Илья
2024-01-25T18:08:43.043Z - Ошибка при регистрации [object SequelizeInstance:Auth]
2024-01-25T18:09:01.473Z - Регистрация ruslan2
2024-01-25T18:09:01.507Z - Создание пользователя Илья
2024-01-25T18:09:11.513Z - Получение факультетов
2024-01-25T18:09:11.519Z - Получение факультетов
2024-01-25T18:09:56.786Z - Регистрация vlad
2024-01-25T18:09:56.808Z - Создание пользователя Влад
2024-01-25T18:10:35.830Z - Ошибка при регистрации [object SequelizeInstance:Auth]
2024-01-25T18:11:09.143Z - Регистрация vlad2
2024-01-25T18:11:09.157Z - Создание пользователя Влад
2024-01-25T18:14:43.038Z - Ошибка при регистрации [object SequelizeInstance:Auth]
2024-01-25T18:15:19.056Z - Получение пользователей 
2024-01-25T18:15:37.474Z - Ошибка при регистрации [object SequelizeInstance:Auth]
2024-01-25T18:16:13.137Z - Ошибка при регистрации [object SequelizeInstance:Auth]
2024-01-25T18:16:40.649Z - Ошибка при регистрации [object SequelizeInstance:Auth]
2024-01-25T18:16:56.817Z - Ошибка при регистрации [object SequelizeInstance:Auth]
2024-01-25T18:17:15.800Z - Регистрация vlad5
2024-01-25T18:17:15.816Z - Создание пользователя Влад
2024-01-25T18:17:19.287Z - Получение факультетов
2024-01-25T18:17:19.311Z - Получение факультетов
2024-01-25T18:17:23.771Z - Получение пользователей ВМ-ИВТ-4-1
2024-01-25T18:17:23.838Z - Получение пользователей ВМ-ИВТ-4-1
2024-01-25T18:17:24.797Z - Получение таблицы посещения Thu Jan 25 2024 00:00:00 GMT+0300 (Москва, стандартное время)
2024-01-25T18:17:24.799Z - Получение таблицы посещения Thu Jan 25 2024 00:00:00 GMT+0300 (Москва, стандартное время)
2024-01-25T18:21:35.000Z - Получение пользователей ВМ-ИВТ-4-1
2024-01-25T18:21:35.023Z - Получение таблицы посещения Thu Jan 25 2024 00:00:00 GMT+0300 (Москва, стандартное время)
2024-01-25T18:23:15.305Z - Получение пользователей ВМ-ИВТ-4-1
2024-01-25T18:23:15.901Z - Получение пользователей ВМ-ИВТ-4-1
2024-01-25T18:23:15.914Z - Получение пользователей ВМ-ИВТ-4-1
2024-01-25T18:23:16.259Z - Получение таблицы посещения Mon Sep 25 2023 03:00:00 GMT+0300 (Москва, стандартное время)
2024-01-25T18:23:16.261Z - Получение таблицы посещения Mon Sep 25 2023 03:00:00 GMT+0300 (Москва, стандартное время)
2024-01-25T18:23:16.264Z - Получение таблицы посещения Mon Sep 25 2023 03:00:00 GMT+0300 (Москва, стандартное время)
2024-01-25T18:33:48.853Z - Получение пользователей ВМ-ИВТ-4-1
2024-01-25T18:33:48.863Z - Получение пользователей ВМ-ИВТ-4-1
2024-01-25T18:33:48.975Z - Получение таблицы посещения Mon Sep 25 2023 03:00:00 GMT+0300 (Москва, стандартное время)
2024-01-25T18:33:49.027Z - Получение таблицы посещения Mon Sep 25 2023 03:00:00 GMT+0300 (Москва, стандартное время)
2024-01-25T18:34:02.973Z - Получение пользователей 
2024-01-25T18:34:02.991Z - Получение пользователей 
2024-01-25T18:34:03.005Z - Получение пользователей 
2024-01-25T18:34:10.608Z - Получение пользователей 
2024-01-25T18:34:18.246Z - Получение пользователей 
2024-01-25T18:34:23.989Z - Получение пользователей 
2024-01-25T18:34:24.510Z - Получение пользователей 
2024-01-25T18:34:24.834Z - Получение пользователей 
2024-01-25T18:34:29.446Z - Получение пользователей 
2024-01-25T18:34:29.748Z - Получение пользователей 
2024-01-25T18:34:30.497Z - Получение пользователей 
2024-01-25T18:34:30.811Z - Получение пользователей 
2024-01-25T18:34:34.712Z - Получение пользователей 
2024-01-25T18:34:35.056Z - Получение пользователей 
2024-01-25T18:34:35.886Z - Получение пользователей 
2024-01-25T18:34:36.239Z - Получение пользователей 
2024-01-25T18:34:36.832Z - Получение пользователей 
2024-01-25T18:34:37.128Z - Получение пользователей 
2024-01-25T18:34:37.719Z - Получение пользователей 
2024-01-25T18:34:38.304Z - Получение пользователей 
2024-01-25T18:34:38.642Z - Получение пользователей 
2024-01-25T18:34:39.260Z - Получение пользователей 
2024-01-25T18:34:39.540Z - Получение пользователей 
2024-01-25T18:34:40.274Z - Получение пользователей 
2024-01-25T18:34:40.875Z - Получение пользователей 
2024-01-25T18:34:41.409Z - Получение пользователей 
2024-01-25T18:34:42.008Z - Получение пользователей 
2024-01-25T18:34:42.688Z - Получение пользователей 
2024-01-25T18:34:43.133Z - Получение пользователей 
2024-01-25T18:34:43.514Z - Получение пользователей 
2024-01-25T18:34:43.762Z - Получение пользователей 
2024-01-25T18:34:59.737Z - Получение пользователей 4
2024-01-25T18:34:59.775Z - Получение пользователей 4
2024-01-25T18:35:00.597Z - Получение пользователей 4X
2024-01-25T18:35:00.895Z - Получение пользователей 4
2024-01-25T18:35:01.134Z - Получение пользователей 
2024-01-25T18:35:01.564Z - Получение пользователей 4
2024-01-25T18:35:04.503Z - Получение пользователей 
2024-01-25T18:35:04.884Z - Получение пользователей к
2024-01-25T18:35:05.019Z - Получение пользователей кг
2024-01-25T18:35:05.333Z - Получение пользователей к
2024-01-25T18:35:05.456Z - Получение пользователей 
2024-01-25T18:35:05.880Z - Получение пользователей r
2024-01-25T18:35:06.056Z - Получение пользователей ru
2024-01-25T18:35:06.118Z - Получение пользователей ru
2024-01-25T18:35:06.591Z - Получение пользователей rus
2024-01-25T18:35:06.601Z - Получение пользователей rus
2024-01-25T18:35:06.656Z - Получение пользователей rus
2024-01-25T18:35:07.909Z - Получение пользователей rusl
2024-01-25T18:35:07.920Z - Получение пользователей rusl
2024-01-25T18:35:07.976Z - Получение пользователей rusl
2024-01-25T18:35:07.999Z - Получение пользователей rusla
2024-01-25T18:35:08.023Z - Получение пользователей rusla
2024-01-25T18:35:08.054Z - Получение пользователей rusla
2024-01-25T18:35:08.224Z - Получение пользователей ruslan
2024-01-25T18:35:08.220Z - Получение пользователей ruslan
2024-01-25T18:35:08.256Z - Получение пользователей ruslan
2024-01-25T18:35:09.071Z - Получение пользователей 
2024-01-25T18:35:09.081Z - Получение пользователей 
2024-01-25T18:35:09.497Z - Получение пользователей v
2024-01-25T18:35:09.648Z - Получение пользователей vl
2024-01-25T18:35:09.724Z - Получение пользователей vla
2024-01-25T18:35:09.760Z - Получение пользователей vla
2024-01-25T18:35:09.862Z - Получение пользователей vlad
2024-01-25T18:35:09.857Z - Получение пользователей vlad
2024-01-25T18:35:09.905Z - Получение пользователей vlad
2024-01-25T18:35:14.636Z - Получение пользователей vla
2024-01-25T18:35:14.657Z - Получение пользователей vla
2024-01-25T18:35:14.705Z - Получение пользователей vla
2024-01-25T18:35:14.789Z - Получение пользователей vl
2024-01-25T18:35:14.795Z - Получение пользователей vl
2024-01-25T18:35:14.928Z - Получение пользователей v
2024-01-25T18:35:15.065Z - Получение пользователей 
2024-01-25T18:35:15.834Z - Получение пользователей r
2024-01-25T18:35:16.048Z - Получение пользователей ru
2024-01-25T18:35:16.104Z - Получение пользователей ru
2024-01-25T18:35:16.187Z - Получение пользователей rus
2024-01-25T18:35:16.193Z - Получение пользователей rus
2024-01-25T18:35:16.255Z - Получение пользователей rus
2024-01-25T18:35:17.112Z - Получение пользователей rusl
2024-01-25T18:35:17.117Z - Получение пользователей rusl
2024-01-25T18:35:17.153Z - Получение пользователей rusl
2024-01-25T18:35:17.221Z - Получение пользователей rusla
2024-01-25T18:35:17.225Z - Получение пользователей rusla
2024-01-25T18:35:17.254Z - Получение пользователей rusla
2024-01-25T18:35:17.605Z - Получение пользователей ruslan
2024-01-25T18:35:17.602Z - Получение пользователей ruslan
2024-01-25T18:35:17.638Z - Получение пользователей ruslan
2024-01-25T18:35:18.165Z - Получение пользователей 
2024-01-25T18:35:18.162Z - Получение пользователей 
