2024-05-05T18:09:56.770Z - Получение факультетов
2024-05-05T18:09:56.797Z - Получение факультетов
2024-05-05T18:10:26.194Z - Получение факультетов
2024-05-05T18:10:26.206Z - Получение факультетов
2024-05-05T18:10:36.886Z - Получение факультетов
2024-05-05T18:10:36.894Z - Получение факультетов
2024-05-05T18:16:49.338Z - Получение факультетов
2024-05-05T18:16:49.375Z - Получение факультетов
2024-05-05T18:20:49.171Z - Получение факультетов
2024-05-05T18:22:37.172Z - Получение факультетов
2024-05-05T18:31:21.247Z - Получение факультетов
2024-05-05T18:31:21.278Z - Получение факультетов
2024-05-05T18:31:36.047Z - Получение факультетов
2024-05-05T18:31:36.067Z - Получение факультетов
2024-05-05T18:40:05.276Z - Получение факультетов
2024-05-05T18:40:05.291Z - Получение факультетов
2024-05-05T18:40:30.628Z - Получение факультетов
2024-05-05T18:40:30.641Z - Получение факультетов
2024-05-05T18:40:44.785Z - Получение факультетов
2024-05-05T18:40:44.798Z - Получение факультетов
2024-05-05T18:41:14.163Z - Получение пользователей ВИ-ИГ-2-1
2024-05-05T18:41:14.184Z - Получение пользователей ВИ-ИГ-2-1
2024-05-05T18:41:15.420Z - Получение таблицы посещения Sun May 05 2024 00:00:00 GMT+0300 (Москва, стандартное время)
2024-05-05T18:41:16.166Z - Получение таблицы посещения Sun May 05 2024 00:00:00 GMT+0300 (Москва, стандартное время)
2024-05-05T18:41:24.198Z - Получение пользователей ВИ-ИГ-2-1
2024-05-05T18:41:24.213Z - Получение пользователей ВИ-ИГ-2-1
2024-05-05T18:41:25.005Z - Получение таблицы посещения Sun May 05 2024 00:00:00 GMT+0300 (Москва, стандартное время)
2024-05-05T18:41:25.761Z - Получение таблицы посещения Sun May 05 2024 00:00:00 GMT+0300 (Москва, стандартное время)
2024-05-05T18:41:27.346Z - Получение факультетов
2024-05-05T18:41:27.360Z - Получение факультетов
2024-05-05T18:41:39.427Z - Получение факультетов
2024-05-05T18:41:39.434Z - Получение факультетов
2024-05-05T18:41:42.154Z - Получение факультетов
2024-05-05T18:41:42.161Z - Получение факультетов
2024-05-05T18:41:47.522Z - Получение факультетов
2024-05-05T18:41:47.529Z - Получение факультетов
2024-05-05T19:22:24.448Z - Удаление факультета id - undefined
2024-05-05T19:23:18.716Z - Удаление факультета id - undefined
2024-05-05T19:24:26.741Z - Удаление факультета id - undefined
2024-05-05T19:25:34.902Z - Удаление факультета id - undefined
2024-05-05T19:26:03.801Z - Удаление факультета id - undefined
2024-05-05T19:28:21.695Z - Удаление факультета id - 7
2024-05-05T19:28:21.823Z - Получение факультетов
2024-05-05T19:28:21.831Z - Получение факультетов
