2024-06-26T21:00:00.008Z - Удаление пользователя 6066
2024-06-26T21:00:25.558Z - Удаление пользователя 6066
2024-06-26T21:00:47.539Z - Получение факультетов
2024-06-26T21:00:47.548Z - Получение факультетов
2024-06-26T21:00:49.758Z - Получение пользователей ВМ-ИВТ-4-1
2024-06-26T21:00:50.315Z - Получение таблицы посещения Thu Jun 27 2024 00:00:00 GMT+0300 (Москва, стандартное время)
2024-06-26T21:00:50.325Z - Получение пользователей ВМ-ИВТ-4-1
2024-06-26T21:00:50.555Z - Получение факультетов
2024-06-26T21:00:50.560Z - Получение факультетов
2024-06-26T21:00:50.705Z - Получение таблицы посещения Thu Jun 27 2024 00:00:00 GMT+0300 (Москва, стандартное время)
2024-06-26T21:00:52.308Z - Получение пользователей ВМ-ИВТ-4-1
2024-06-26T21:00:52.316Z - Получение пользователей ВМ-ИВТ-4-1
2024-06-26T21:01:04.353Z - Получение пользователей 
2024-06-26T21:01:04.360Z - Получение пользователей 
2024-06-26T21:01:13.424Z - Получение факультетов
2024-06-26T21:01:13.429Z - Получение факультетов
2024-06-26T21:01:27.176Z - Получение пользователей ВМ-Мат-2-1
2024-06-26T21:01:27.183Z - Получение пользователей ВМ-Мат-2-1
2024-06-26T21:01:36.533Z - Получение факультетов
2024-06-26T21:01:36.536Z - Получение факультетов
2024-06-26T21:01:37.264Z - Получение пользователей 
2024-06-26T21:01:37.270Z - Получение пользователей 
2024-06-26T21:01:39.126Z - Получение пользователей 
2024-06-26T21:01:39.131Z - Получение пользователей 
2024-06-26T21:01:47.273Z - Получение пользователей 
2024-06-26T21:01:48.030Z - Получение пользователей 
2024-06-26T21:01:48.837Z - Получение пользователей 
2024-06-26T21:01:49.692Z - Получение пользователей 
2024-06-26T21:01:50.503Z - Получение пользователей 
2024-06-26T21:01:51.251Z - Получение пользователей 
2024-06-26T21:01:51.378Z - Получение пользователей 
2024-06-26T21:01:51.495Z - Получение пользователей 
2024-06-26T21:01:51.621Z - Получение пользователей 
2024-06-26T21:01:51.739Z - Получение пользователей 
2024-06-26T21:01:51.858Z - Получение пользователей 
2024-06-26T21:01:51.976Z - Получение пользователей 
2024-06-26T21:01:52.095Z - Получение пользователей 
2024-06-26T21:01:52.221Z - Получение пользователей 
2024-06-26T21:01:52.346Z - Получение пользователей 
2024-06-26T21:01:52.464Z - Получение пользователей 
2024-06-26T21:01:52.593Z - Получение пользователей 
2024-06-26T21:01:52.719Z - Получение пользователей 
2024-06-26T21:01:52.844Z - Получение пользователей 
2024-06-26T21:01:52.974Z - Получение пользователей 
2024-06-26T21:01:53.102Z - Получение пользователей 
2024-06-26T21:01:53.234Z - Получение пользователей 
2024-06-26T21:01:53.365Z - Получение пользователей 
2024-06-26T21:01:53.491Z - Получение пользователей 
2024-06-26T21:01:53.622Z - Получение пользователей 
2024-06-26T21:01:53.763Z - Получение пользователей 
2024-06-26T21:01:53.895Z - Получение пользователей 
2024-06-26T21:01:54.027Z - Получение пользователей 
2024-06-26T21:01:54.183Z - Получение пользователей 
2024-06-26T21:01:54.343Z - Получение пользователей 
2024-06-26T21:01:54.474Z - Получение пользователей 
2024-06-26T21:01:54.622Z - Получение пользователей 
2024-06-26T21:01:54.732Z - Получение пользователей 
2024-06-26T21:02:00.657Z - Получение факультетов
2024-06-26T21:02:00.660Z - Получение факультетов
2024-06-26T21:02:01.305Z - Получение факультетов
2024-06-26T21:02:01.308Z - Получение факультетов
2024-06-26T21:02:08.445Z - Получение пользователей ВМ-ИВТ-3-1
2024-06-26T21:02:08.451Z - Получение пользователей ВМ-ИВТ-3-1
2024-06-26T21:02:55.061Z - Получение пользователей ВМ-ИВТ-3-1
2024-06-26T21:03:32.704Z - Получение пользователей ВМ-ИВТ-3-1
2024-06-26T21:04:00.729Z - Получение пользователей ВМ-ИВТ-3-1
2024-06-26T21:04:07.933Z - Получение пользователей ВМ-ИВТ-3-1
2024-06-26T21:04:07.940Z - Получение пользователей ВМ-ИВТ-3-1
2024-06-26T21:04:48.179Z - Создание пользователя Залупкин
2024-06-26T21:04:59.170Z - Удаление пользователя 705
2024-06-26T21:05:00.683Z - Удаление пользователя 702
2024-06-26T21:05:01.884Z - Удаление пользователя 706
2024-06-26T21:05:03.154Z - Удаление пользователя 707
2024-06-26T21:12:09.380Z - Получение факультетов
2024-06-26T21:12:09.385Z - Получение факультетов
2024-06-26T21:12:10.573Z - Получение пользователей 
2024-06-26T21:12:10.576Z - Получение пользователей 
2024-06-26T21:12:16.042Z - Получение пользователей 
2024-06-26T21:12:17.182Z - Получение пользователей 
2024-06-26T21:12:47.981Z - Получение пользователей 
2024-06-26T21:12:49.161Z - Получение пользователей 
2024-06-26T21:12:50.704Z - Получение пользователей 
2024-06-26T21:12:52.073Z - Получение пользователей 
2024-06-26T21:12:53.156Z - Получение пользователей 
2024-06-26T21:12:54.247Z - Получение пользователей 
2024-06-26T21:12:55.268Z - Получение пользователей 
2024-06-26T21:34:26.672Z - Получение пользователей 
2024-06-26T21:34:26.681Z - Получение пользователей 
2024-06-26T21:43:12.124Z - Получение пользователей 
2024-06-26T21:43:13.685Z - Получение пользователей 
