2024-05-15T16:28:53.193Z - Получение факультетов
2024-05-15T16:28:53.546Z - Получение факультетов
2024-05-15T16:29:49.712Z - Получение факультетов
2024-05-15T16:29:49.749Z - Получение факультетов
2024-05-15T16:32:07.731Z - Получение факультетов
2024-05-15T16:32:07.808Z - Получение факультетов
2024-05-15T16:32:32.137Z - Получение факультетов
2024-05-15T16:32:32.146Z - Получение факультетов
2024-05-15T16:32:36.241Z - Получение пользователей ВМ-ИВТ-4-1
2024-05-15T16:32:36.276Z - Получение пользователей ВМ-ИВТ-4-1
2024-05-15T16:33:14.833Z - Получение факультетов
2024-05-15T16:33:14.864Z - Получение факультетов
2024-05-15T16:36:02.829Z - Получение пользователей ВМ-ИВТ-4-1
2024-05-15T16:36:02.882Z - Получение пользователей ВМ-ИВТ-4-1
2024-05-15T16:37:31.663Z - Получение пользователей ВМ-ИВТ-4-1
2024-05-15T16:37:31.694Z - Получение пользователей ВМ-ИВТ-4-1
2024-05-15T16:37:38.075Z - Получение пользователей ВМ-ИВТ-3-1
2024-05-15T16:42:35.917Z - Получение факультетов
2024-05-15T16:42:35.999Z - Получение факультетов
2024-05-15T16:42:38.013Z - Получение пользователей 
2024-05-15T16:42:38.078Z - Получение пользователей 
2024-05-15T16:42:38.107Z - Получение пользователей 
2024-05-15T16:42:39.384Z - Получение пользователей 
2024-05-15T16:42:40.115Z - Получение пользователей 
2024-05-15T16:42:40.802Z - Получение пользователей 
2024-05-15T16:42:41.850Z - Получение пользователей 
2024-05-15T16:42:42.501Z - Получение пользователей 
2024-05-15T16:42:43.057Z - Получение пользователей 
2024-05-15T16:42:43.572Z - Получение пользователей 
2024-05-15T16:42:43.957Z - Получение пользователей 
2024-05-15T16:42:44.202Z - Получение пользователей 
2024-05-15T16:42:44.636Z - Получение пользователей 
2024-05-15T16:42:45.067Z - Получение пользователей 
2024-05-15T16:42:45.381Z - Получение пользователей 
2024-05-15T16:42:45.830Z - Получение пользователей 
2024-05-15T16:42:46.178Z - Получение пользователей 
2024-05-15T16:42:46.666Z - Получение пользователей 
2024-05-15T16:42:47.038Z - Получение пользователей 
2024-05-15T16:42:47.448Z - Получение пользователей 
2024-05-15T16:42:47.845Z - Получение пользователей 
2024-05-15T16:42:48.134Z - Получение пользователей 
2024-05-15T16:42:48.504Z - Получение пользователей 
2024-05-15T16:42:48.809Z - Получение пользователей 
2024-05-15T16:42:49.188Z - Получение пользователей 
2024-05-15T16:42:49.605Z - Получение пользователей 
2024-05-15T16:42:50.034Z - Получение пользователей 
2024-05-15T16:42:50.386Z - Получение пользователей 
2024-05-15T16:42:51.060Z - Получение пользователей 
2024-05-15T16:42:51.487Z - Получение пользователей 
2024-05-15T16:42:51.982Z - Получение пользователей 
2024-05-15T16:43:05.311Z - Получение факультетов
2024-05-15T16:43:05.360Z - Получение факультетов
2024-05-15T16:43:07.174Z - Получение факультетов
2024-05-15T16:43:07.204Z - Получение факультетов
2024-05-15T16:43:09.982Z - Получение факультетов
2024-05-15T16:43:10.016Z - Получение факультетов
2024-05-15T16:43:10.966Z - Получение факультетов
2024-05-15T16:43:10.993Z - Получение факультетов
2024-05-15T16:43:35.500Z - Получение факультетов
2024-05-15T16:43:35.522Z - Получение факультетов
2024-05-15T16:43:56.052Z - Удаление факультета id - 10
2024-05-15T16:43:56.183Z - Получение факультетов
2024-05-15T16:43:56.214Z - Получение факультетов
2024-05-15T16:44:07.421Z - Получение факультетов
2024-05-15T16:44:07.473Z - Получение факультетов
2024-05-15T16:44:09.835Z - Получение факультетов
2024-05-15T16:44:09.883Z - Получение факультетов
2024-05-15T16:44:17.449Z - Получение пользователей ВМ-ИВТ-4-1
2024-05-15T16:44:18.688Z - Получение таблицы посещения Wed May 15 2024 00:00:00 GMT+0300 (Москва, стандартное время)
2024-05-15T16:44:18.756Z - Получение пользователей ВМ-ИВТ-4-1
2024-05-15T16:44:19.588Z - Получение таблицы посещения Wed May 15 2024 00:00:00 GMT+0300 (Москва, стандартное время)
2024-05-15T16:44:24.126Z - Получение пользователей ВМ-ИВТ-4-1
2024-05-15T16:44:25.053Z - Получение таблицы посещения Wed May 15 2024 00:00:00 GMT+0300 (Москва, стандартное время)
2024-05-15T16:44:25.124Z - Получение пользователей ВМ-ИВТ-4-1
2024-05-15T16:44:26.024Z - Получение таблицы посещения Wed May 15 2024 00:00:00 GMT+0300 (Москва, стандартное время)
2024-05-15T16:44:26.074Z - Получение пользователей ВМ-ИВТ-4-1
2024-05-15T16:44:26.987Z - Получение таблицы посещения Wed May 15 2024 00:00:00 GMT+0300 (Москва, стандартное время)
2024-05-15T16:44:29.700Z - Получение факультетов
2024-05-15T16:44:29.721Z - Получение факультетов
2024-05-15T16:44:38.263Z - Получение факультетов
2024-05-15T16:44:38.286Z - Получение факультетов
2024-05-15T16:45:04.644Z - Получение факультетов
2024-05-15T16:45:04.678Z - Получение факультетов
2024-05-15T16:45:07.520Z - Получение факультетов
2024-05-15T16:45:07.552Z - Получение факультетов
2024-05-15T16:45:22.067Z - Получение факультетов
2024-05-15T16:45:22.118Z - Получение факультетов
2024-05-15T16:45:30.799Z - Получение факультетов
2024-05-15T16:45:30.823Z - Получение факультетов
2024-05-15T16:45:37.421Z - Получение пользователей 
2024-05-15T16:45:37.455Z - Получение пользователей 
2024-05-15T16:45:48.957Z - Получение факультетов
2024-05-15T16:45:49.002Z - Получение факультетов
2024-05-15T16:46:32.964Z - Получение факультетов
2024-05-15T16:46:32.992Z - Получение факультетов
2024-05-15T16:49:36.484Z - Получение пользователей 
2024-05-15T16:49:37.420Z - Получение пользователей 
2024-05-15T16:49:38.089Z - Получение пользователей 
2024-05-15T16:49:40.295Z - Получение пользователей 
2024-05-15T16:49:41.014Z - Получение пользователей 
2024-05-15T16:49:42.048Z - Получение пользователей 
2024-05-15T16:49:42.781Z - Получение пользователей 
2024-05-15T16:49:43.354Z - Получение пользователей 
2024-05-15T16:49:44.432Z - Получение пользователей 
2024-05-15T16:49:45.157Z - Получение пользователей 
2024-05-15T16:49:46.108Z - Получение пользователей 
2024-05-15T16:49:46.797Z - Получение пользователей 
2024-05-15T16:49:47.719Z - Получение пользователей 
2024-05-15T16:49:48.401Z - Получение пользователей 
2024-05-15T16:49:48.977Z - Получение пользователей 
2024-05-15T16:49:49.498Z - Получение пользователей 
2024-05-15T16:49:50.188Z - Получение пользователей 
2024-05-15T16:49:50.628Z - Получение пользователей 
2024-05-15T16:49:50.898Z - Получение пользователей 
2024-05-15T16:49:51.360Z - Получение пользователей 
2024-05-15T16:49:51.815Z - Получение пользователей 
2024-05-15T16:49:52.173Z - Получение пользователей 
2024-05-15T16:49:53.321Z - Получение пользователей 
2024-05-15T16:49:53.750Z - Получение пользователей 
2024-05-15T16:49:54.532Z - Получение пользователей 
2024-05-15T16:49:55.853Z - Получение пользователей 
2024-05-15T16:49:56.887Z - Получение пользователей 
2024-05-15T16:49:57.404Z - Получение пользователей 
2024-05-15T16:49:59.119Z - Получение пользователей 
2024-05-15T16:50:12.875Z - Получение пользователей М
2024-05-15T16:50:12.910Z - Получение пользователей М
2024-05-15T16:50:13.464Z - Получение пользователей 
2024-05-15T16:50:14.216Z - Получение пользователей V
2024-05-15T16:50:14.687Z - Получение пользователей VM
2024-05-15T16:50:18.068Z - Получение пользователей V
2024-05-15T16:50:18.211Z - Получение пользователей 
2024-05-15T16:50:18.622Z - Получение пользователей I
2024-05-15T16:50:18.957Z - Получение пользователей IV
2024-05-15T16:50:19.035Z - Получение пользователей IV
2024-05-15T16:50:19.304Z - Получение пользователей IVT
2024-05-15T16:50:19.314Z - Получение пользователей IVT
2024-05-15T16:50:19.375Z - Получение пользователей IVT
2024-05-15T16:50:20.751Z - Получение пользователей 
2024-05-15T16:50:20.762Z - Получение пользователей 
2024-05-15T16:50:21.436Z - Получение пользователей A
2024-05-15T16:50:22.179Z - Получение пользователей Ad
2024-05-15T16:50:22.250Z - Получение пользователей Ad
2024-05-15T16:50:24.706Z - Получение пользователей A
2024-05-15T16:50:24.720Z - Получение пользователей A
2024-05-15T16:50:25.396Z - Получение пользователей An
2024-05-15T16:50:25.475Z - Получение пользователей An
2024-05-15T16:50:25.540Z - Получение пользователей Ann
2024-05-15T16:50:25.551Z - Получение пользователей Ann
2024-05-15T16:50:25.621Z - Получение пользователей Ann
2024-05-15T16:50:26.461Z - Получение пользователей Anna
2024-05-15T16:50:26.474Z - Получение пользователей Anna
2024-05-15T16:50:26.554Z - Получение пользователей Anna
2024-05-15T16:50:27.457Z - Получение пользователей 
2024-05-15T16:50:27.470Z - Получение пользователей 
2024-05-15T16:50:27.906Z - Получение пользователей a
2024-05-15T16:50:28.121Z - Получение пользователей aa
2024-05-15T16:50:28.347Z - Получение пользователей aan
2024-05-15T16:50:28.506Z - Получение пользователей aann
2024-05-15T16:50:28.953Z - Получение пользователей aan
2024-05-15T16:50:29.100Z - Получение пользователей aa
2024-05-15T16:50:29.250Z - Получение пользователей a
2024-05-15T16:50:29.867Z - Получение пользователей an
2024-05-15T16:50:29.940Z - Получение пользователей an
2024-05-15T16:50:30.029Z - Получение пользователей ann
2024-05-15T16:50:30.036Z - Получение пользователей ann
2024-05-15T16:50:30.084Z - Получение пользователей ann
2024-05-15T16:50:30.175Z - Получение пользователей anna
2024-05-15T16:50:30.185Z - Получение пользователей anna
2024-05-15T16:50:30.237Z - Получение пользователей anna
2024-05-15T16:50:31.363Z - Получение пользователей annad
2024-05-15T16:50:31.374Z - Получение пользователей annad
2024-05-15T16:50:32.053Z - Получение пользователей anna
2024-05-15T16:50:32.102Z - Получение пользователей anna
2024-05-15T16:50:32.235Z - Получение пользователей ann
2024-05-15T16:50:32.245Z - Получение пользователей ann
2024-05-15T16:50:32.300Z - Получение пользователей ann
2024-05-15T16:50:32.460Z - Получение пользователей annd
2024-05-15T16:50:32.467Z - Получение пользователей annd
2024-05-15T16:50:32.884Z - Получение пользователей ann
2024-05-15T16:50:32.936Z - Получение пользователей ann
2024-05-15T16:50:33.052Z - Получение пользователей an
2024-05-15T16:50:33.060Z - Получение пользователей an
2024-05-15T16:50:33.116Z - Получение пользователей an
2024-05-15T16:50:33.273Z - Получение пользователей ane
2024-05-15T16:50:33.284Z - Получение пользователей ane
2024-05-15T16:50:33.648Z - Получение пользователей an
2024-05-15T16:50:33.703Z - Получение пользователей an
2024-05-15T16:50:34.198Z - Получение пользователей a
2024-05-15T16:50:34.203Z - Получение пользователей a
2024-05-15T16:50:34.486Z - Получение пользователей ad
2024-05-15T16:50:34.555Z - Получение пользователей ad
2024-05-15T16:50:34.618Z - Получение пользователей ade
2024-05-15T16:50:34.623Z - Получение пользователей ade
2024-05-15T16:50:35.298Z - Получение пользователей adef
2024-05-15T16:50:35.561Z - Получение пользователей ade
2024-05-15T16:50:35.723Z - Получение пользователей ad
2024-05-15T16:50:35.770Z - Получение пользователей ad
2024-05-15T16:50:35.865Z - Получение пользователей a
2024-05-15T16:50:35.873Z - Получение пользователей a
2024-05-15T16:50:36.521Z - Получение пользователей ad
2024-05-15T16:50:36.568Z - Получение пользователей ad
2024-05-15T16:50:38.219Z - Получение пользователей a
2024-05-15T16:50:38.231Z - Получение пользователей a
2024-05-15T16:50:38.370Z - Получение пользователей 
2024-05-15T16:50:38.900Z - Получение пользователей v
2024-05-15T16:50:39.139Z - Получение пользователей vl
2024-05-15T16:50:39.273Z - Получение пользователей vla
2024-05-15T16:50:39.345Z - Получение пользователей vla
2024-05-15T16:50:40.472Z - Получение пользователей 
2024-05-15T16:50:40.484Z - Получение пользователей 
2024-05-15T16:50:41.568Z - Получение пользователей 
2024-05-15T16:50:41.856Z - Получение пользователей 
2024-05-15T16:50:42.272Z - Получение пользователей 
2024-05-15T16:50:42.589Z - Получение пользователей 
2024-05-15T16:50:56.504Z - Получение факультетов
2024-05-15T16:50:56.542Z - Получение факультетов
2024-05-15T16:50:59.131Z - Получение факультетов
2024-05-15T16:50:59.152Z - Получение факультетов
2024-05-15T16:51:05.010Z - Получение факультетов
2024-05-15T16:51:05.068Z - Получение факультетов
