2024-05-16T00:15:38.851Z - Получение факультетов
2024-05-16T00:15:38.862Z - Получение факультетов
2024-05-16T00:15:45.230Z - Получение факультетов
2024-05-16T00:15:45.238Z - Получение факультетов
2024-05-16T00:29:51.992Z - Получение факультетов
2024-05-16T00:29:52.026Z - Получение факультетов
2024-05-16T00:29:55.616Z - Получение пользователей ВМ-ИВТ-4-1
2024-05-16T00:29:55.656Z - Получение пользователей ВМ-ИВТ-4-1
2024-05-16T00:29:57.170Z - Получение таблицы посещения Thu May 16 2024 00:00:00 GMT+0300 (Москва, стандартное время)
2024-05-16T00:29:57.181Z - Получение таблицы посещения Thu May 16 2024 00:00:00 GMT+0300 (Москва, стандартное время)
2024-05-16T00:30:07.578Z - Получение пользователей ВМ-ИВТ-4-1
2024-05-16T00:30:08.809Z - Получение таблицы посещения Thu May 02 2024 03:00:00 GMT+0300 (Москва, стандартное время)
2024-05-16T00:30:12.170Z - Получение пользователей ВМ-ИВТ-4-1
2024-05-16T00:30:12.246Z - Получение таблицы посещения Thu Jan 25 2024 03:00:00 GMT+0300 (Москва, стандартное время)
2024-05-16T00:30:17.476Z - Получение пользователей ВМ-ИВТ-4-1
2024-05-16T00:30:17.931Z - Получение пользователей ВМ-ИВТ-4-1
2024-05-16T00:30:17.958Z - Получение пользователей ВМ-ИВТ-4-1
2024-05-16T00:30:38.390Z - Получение пользователей ВМ-ИВТ-4-1
2024-05-16T00:30:39.027Z - Получение пользователей ВМ-ИВТ-4-1
2024-05-16T00:30:39.052Z - Получение пользователей ВМ-ИВТ-4-1
2024-05-16T00:30:39.926Z - Получение таблицы посещения Mon Dec 25 2023 03:00:00 GMT+0300 (Москва, стандартное время)
2024-05-16T00:30:39.945Z - Получение таблицы посещения Mon Dec 25 2023 03:00:00 GMT+0300 (Москва, стандартное время)
