2024-05-16T22:21:51.666Z - Получение факультетов
2024-05-16T22:21:51.799Z - Получение факультетов
2024-05-16T22:31:41.063Z - Получение факультетов
2024-05-16T22:31:41.239Z - Получение факультетов
2024-05-16T22:31:48.674Z - Удаление факультета id - 11
2024-05-16T22:31:49.007Z - Получение факультетов
2024-05-16T22:31:49.065Z - Получение факультетов
2024-05-16T22:34:28.965Z - Удаление группы Новая группа
2024-05-16T22:34:39.934Z - Удаление факультета id - 12
2024-05-16T22:34:40.189Z - Получение факультетов
2024-05-16T22:34:40.276Z - Получение факультетов
2024-05-16T22:46:32.378Z - Получение пользователей 
2024-05-16T22:46:32.533Z - Получение пользователей 
2024-05-16T22:46:37.414Z - Получение пользователей A
2024-05-16T22:46:37.884Z - Получение пользователей An
2024-05-16T22:46:38.035Z - Получение пользователей Ann
2024-05-16T22:46:38.150Z - Получение пользователей Anna
2024-05-16T22:46:38.379Z - Получение пользователей Anna
2024-05-16T22:46:52.954Z - Получение пользователей 
2024-05-16T22:46:52.967Z - Получение пользователей 
2024-05-16T22:46:53.517Z - Получение пользователей t
2024-05-16T22:46:53.547Z - Получение пользователей te
2024-05-16T22:46:54.005Z - Получение пользователей tea
2024-05-16T22:46:55.095Z - Получение пользователей te
2024-05-16T22:46:55.384Z - Получение пользователей t
2024-05-16T22:46:55.633Z - Получение пользователей 
2024-05-16T22:46:56.509Z - Получение пользователей 
2024-05-16T22:46:57.028Z - Получение пользователей 
2024-05-16T22:46:57.463Z - Получение пользователей 
2024-05-16T22:46:57.928Z - Получение пользователей 
2024-05-16T22:46:58.536Z - Получение пользователей 
2024-05-16T22:46:59.198Z - Получение пользователей 
2024-05-16T22:46:59.854Z - Получение пользователей 
2024-05-16T22:47:00.404Z - Получение пользователей 
2024-05-16T22:47:01.027Z - Получение пользователей 
2024-05-16T22:47:01.598Z - Получение пользователей 
2024-05-16T22:47:02.200Z - Получение пользователей 
2024-05-16T22:47:02.968Z - Получение пользователей 
2024-05-16T22:47:03.659Z - Получение пользователей 
2024-05-16T22:47:04.268Z - Получение пользователей 
2024-05-16T22:47:05.009Z - Получение пользователей 
2024-05-16T22:47:05.699Z - Получение пользователей 
2024-05-16T22:47:06.410Z - Получение пользователей 
2024-05-16T22:47:07.019Z - Получение пользователей 
2024-05-16T22:47:07.632Z - Получение пользователей 
2024-05-16T22:47:08.351Z - Получение пользователей 
2024-05-16T22:47:08.951Z - Получение пользователей 
2024-05-16T22:47:09.672Z - Получение пользователей 
2024-05-16T22:47:10.435Z - Получение пользователей 
2024-05-16T22:47:11.239Z - Получение пользователей 
2024-05-16T22:47:12.047Z - Получение пользователей 
2024-05-16T22:47:12.882Z - Получение пользователей 
2024-05-16T22:47:13.683Z - Получение пользователей 
2024-05-16T22:47:14.531Z - Получение пользователей 
2024-05-16T22:47:15.872Z - Получение пользователей 
2024-05-16T22:48:09.195Z - Получение пользователей I
2024-05-16T22:48:09.244Z - Получение пользователей I
2024-05-16T22:48:09.359Z - Получение пользователей IV
2024-05-16T22:48:09.857Z - Получение пользователей IV
2024-05-16T22:48:10.417Z - Получение пользователей IVT
2024-05-16T22:48:10.432Z - Получение пользователей IVT
2024-05-16T22:48:10.605Z - Получение пользователей IVT
2024-05-16T22:48:37.952Z - Выход из приложения
2024-05-16T22:48:49.286Z - Выполнен вход vlad5
2024-05-16T22:52:59.021Z - Получение пользователя 285
2024-05-16T22:52:59.071Z - Получение пользователя 285
2024-05-16T22:56:43.141Z - Получение пользователя 285
2024-05-16T22:56:43.230Z - Получение пользователя 285
2024-05-16T22:57:23.833Z - Получение пользователя 285
2024-05-16T22:57:23.954Z - Получение пользователя 285
2024-05-16T22:59:55.988Z - Получение пользователя 285
2024-05-16T22:59:56.016Z - Получение пользователя 285
2024-05-16T23:00:51.533Z - Получение пользователя 285
2024-05-16T23:00:51.543Z - Получение пользователя 285
2024-05-16T23:01:53.354Z - Получение пользователя 285
2024-05-16T23:01:53.357Z - Получение пользователя 285
2024-05-16T23:03:09.230Z - Получение пользователя 285
2024-05-16T23:03:09.294Z - Получение пользователя 285
2024-05-16T23:03:15.516Z - Получение пользователя 285
2024-05-16T23:03:15.557Z - Получение пользователя 285
2024-05-16T23:03:15.585Z - Получение пользователей ВМ-ИВТ-4-1
2024-05-16T23:03:15.663Z - Получение пользователей ВМ-ИВТ-4-1
2024-05-16T23:03:17.195Z - Получение таблицы посещения Fri May 17 2024 00:00:00 GMT+0300 (Москва, стандартное время)
2024-05-16T23:03:17.206Z - Получение таблицы посещения Fri May 17 2024 00:00:00 GMT+0300 (Москва, стандартное время)
2024-05-16T23:03:46.018Z - Создание таблицы посещения 759,Fri May 17 2024 02:03:46 GMT+0300 (Москва, стандартное время)
2024-05-16T23:09:55.613Z - Выход из приложения
2024-05-16T23:10:08.615Z - Выполнен вход testDeleting
2024-05-16T23:10:08.813Z - Получение факультетов
2024-05-16T23:10:08.824Z - Получение факультетов
2024-05-16T23:10:16.662Z - Получение пользователей ВМ-ИВТ-4-1
2024-05-16T23:10:16.690Z - Получение пользователей ВМ-ИВТ-4-1
2024-05-16T23:10:16.833Z - Получение таблицы посещения Fri May 17 2024 00:00:00 GMT+0300 (Москва, стандартное время)
2024-05-16T23:10:16.850Z - Получение таблицы посещения Fri May 17 2024 00:00:00 GMT+0300 (Москва, стандартное время)
2024-05-16T23:10:22.214Z - Создание таблицы посещения 744,Fri May 17 2024 02:10:22 GMT+0300 (Москва, стандартное время)
2024-05-16T23:10:23.977Z - Расписание или пользователь не найдены
2024-05-16T23:10:34.498Z - Расписание или пользователь не найдены
2024-05-16T23:10:53.258Z - Расписание или пользователь не найдены
2024-05-16T23:13:02.119Z - Расписание или пользователь не найдены
2024-05-16T23:13:24.377Z - Получение пользователей ВМ-ИВТ-4-1
2024-05-16T23:13:24.406Z - Получение пользователей ВМ-ИВТ-4-1
2024-05-16T23:13:24.640Z - Получение таблицы посещения Fri May 17 2024 00:00:00 GMT+0300 (Москва, стандартное время)
2024-05-16T23:13:24.675Z - Получение таблицы посещения Fri May 17 2024 00:00:00 GMT+0300 (Москва, стандартное время)
2024-05-16T23:13:27.685Z - Расписание или пользователь не найдены
2024-05-16T23:14:04.463Z - Расписание или пользователь не найдены
2024-05-16T23:15:51.979Z - Выход из приложения
2024-05-16T23:15:58.572Z - Выполнен вход VM_IVT_4_1
2024-05-16T23:15:59.446Z - Получение пользователя 28
2024-05-16T23:15:59.551Z - Получение пользователя 28
2024-05-16T23:15:59.572Z - Получение пользователей ВМ-ИВТ-4-1
2024-05-16T23:15:59.654Z - Получение пользователей ВМ-ИВТ-4-1
2024-05-16T23:15:59.751Z - Получение таблицы посещения Fri May 17 2024 00:00:00 GMT+0300 (Москва, стандартное время)
2024-05-16T23:15:59.801Z - Получение таблицы посещения Fri May 17 2024 00:00:00 GMT+0300 (Москва, стандартное время)
2024-05-16T23:16:12.950Z - Выход из приложения
2024-05-16T23:16:18.820Z - Выполнен вход Anna
2024-05-16T23:16:18.996Z - Получение факультетов
2024-05-16T23:16:19.110Z - Получение факультетов
2024-05-16T23:16:24.505Z - Получение пользователей 
2024-05-16T23:16:24.548Z - Получение пользователей 
2024-05-16T23:16:24.817Z - Получение пользователей 
2024-05-16T23:16:26.484Z - Получение пользователей t
2024-05-16T23:16:26.538Z - Получение пользователей t
2024-05-16T23:16:26.572Z - Получение пользователей te
2024-05-16T23:16:26.857Z - Получение пользователей tes
2024-05-16T23:16:26.964Z - Получение пользователей test
2024-05-16T23:16:27.168Z - Получение пользователей test
2024-05-16T23:17:59.949Z - Получение пользователей tes
2024-05-16T23:17:59.971Z - Получение пользователей tes
2024-05-16T23:18:00.362Z - Получение пользователей tes
2024-05-16T23:18:45.087Z - Выход из приложения
2024-05-16T23:18:49.513Z - Выполнен вход test
2024-05-16T23:18:49.673Z - Получение факультетов
2024-05-16T23:18:49.684Z - Получение факультетов
2024-05-16T23:18:56.961Z - Получение пользователей ВМ-ИВТ-4-1
2024-05-16T23:18:57.009Z - Получение пользователей ВМ-ИВТ-4-1
2024-05-16T23:18:57.105Z - Получение таблицы посещения Fri May 17 2024 00:00:00 GMT+0300 (Москва, стандартное время)
2024-05-16T23:18:57.098Z - Получение таблицы посещения Fri May 17 2024 00:00:00 GMT+0300 (Москва, стандартное время)
2024-05-16T23:22:03.413Z - Получение пользователей ВМ-ИВТ-4-1
2024-05-16T23:22:03.447Z - Получение пользователей ВМ-ИВТ-4-1
2024-05-16T23:22:03.605Z - Получение таблицы посещения Fri May 17 2024 00:00:00 GMT+0300 (Москва, стандартное время)
2024-05-16T23:22:03.744Z - Получение таблицы посещения Fri May 17 2024 00:00:00 GMT+0300 (Москва, стандартное время)
2024-05-16T23:22:26.883Z - Выход из приложения
2024-05-16T23:22:56.560Z - Выполнен вход Anna
2024-05-16T23:22:56.725Z - Получение факультетов
2024-05-16T23:22:56.739Z - Получение факультетов
2024-05-16T23:23:00.268Z - Получение пользователей 
2024-05-16T23:23:00.308Z - Получение пользователей 
2024-05-16T23:23:00.403Z - Получение пользователей 
2024-05-16T23:23:01.492Z - Получение пользователей 
2024-05-16T23:23:03.844Z - Получение пользователей t
2024-05-16T23:23:03.855Z - Получение пользователей t
2024-05-16T23:23:03.963Z - Получение пользователей te
2024-05-16T23:23:04.032Z - Получение пользователей tes
2024-05-16T23:23:04.108Z - Получение пользователей tes
2024-05-16T23:23:04.184Z - Получение пользователей test
2024-05-16T23:23:04.208Z - Получение пользователей test
2024-05-16T23:23:04.327Z - Получение пользователей test
2024-05-16T23:23:08.101Z - Удаление пользователя 286
2024-05-16T23:23:12.117Z - Получение пользователей 
2024-05-16T23:23:12.161Z - Получение пользователей 
2024-05-16T23:23:12.173Z - Получение пользователей 
2024-05-16T23:23:12.944Z - Получение пользователей t
2024-05-16T23:23:12.955Z - Получение пользователей t
2024-05-16T23:23:13.420Z - Получение пользователей te
2024-05-16T23:23:13.836Z - Получение пользователей tes
2024-05-16T23:23:14.706Z - Получение пользователей test
2024-05-16T23:23:15.656Z - Получение пользователей 
2024-05-16T23:23:33.321Z - Получение пользователей v
2024-05-16T23:23:33.918Z - Получение пользователей vl
2024-05-16T23:23:34.386Z - Получение пользователей vla
2024-05-16T23:23:34.500Z - Получение пользователей vla
2024-05-16T23:23:34.524Z - Получение пользователей vlad
2024-05-16T23:23:34.543Z - Получение пользователей vlad
2024-05-16T23:23:34.690Z - Получение пользователей vlad
2024-05-16T23:23:35.536Z - Получение пользователей 
2024-05-16T23:23:35.547Z - Получение пользователей 
2024-05-16T23:23:36.835Z - Получение пользователей 
2024-05-16T23:23:37.282Z - Получение пользователей 
2024-05-16T23:23:37.695Z - Получение пользователей 
2024-05-16T23:23:38.098Z - Получение пользователей 
2024-05-16T23:23:38.426Z - Получение пользователей 
2024-05-16T23:23:38.727Z - Получение пользователей 
2024-05-16T23:23:39.146Z - Получение пользователей 
2024-05-16T23:23:39.646Z - Получение пользователей 
2024-05-16T23:23:40.119Z - Получение пользователей 
2024-05-16T23:23:40.650Z - Получение пользователей 
2024-05-16T23:23:41.187Z - Получение пользователей 
2024-05-16T23:23:41.748Z - Получение пользователей 
2024-05-16T23:23:42.270Z - Получение пользователей 
2024-05-16T23:23:42.952Z - Получение пользователей 
2024-05-16T23:23:43.433Z - Получение пользователей 
2024-05-16T23:23:43.963Z - Получение пользователей 
2024-05-16T23:23:44.673Z - Получение пользователей 
2024-05-16T23:23:45.516Z - Получение пользователей 
2024-05-16T23:23:46.193Z - Получение пользователей 
2024-05-16T23:23:46.857Z - Получение пользователей 
2024-05-16T23:23:47.325Z - Получение пользователей 
2024-05-16T23:23:47.699Z - Получение пользователей 
2024-05-16T23:23:48.163Z - Получение пользователей 
2024-05-16T23:23:48.627Z - Получение пользователей 
2024-05-16T23:23:49.171Z - Получение пользователей 
2024-05-16T23:23:49.773Z - Получение пользователей 
2024-05-16T23:23:50.356Z - Получение пользователей 
2024-05-16T23:23:50.989Z - Получение пользователей 
2024-05-16T23:23:51.236Z - Получение пользователей 
2024-05-16T23:24:07.813Z - Выход из приложения
2024-05-16T23:24:14.702Z - Выполнен вход ruslan2
2024-05-16T23:24:14.853Z - Получение факультетов
2024-05-16T23:24:14.863Z - Получение факультетов
2024-05-16T23:24:19.288Z - Получение факультетов
2024-05-16T23:24:19.295Z - Получение факультетов
2024-05-16T23:26:11.719Z - Получение факультетов
2024-05-16T23:26:11.735Z - Получение факультетов
2024-05-16T23:27:09.923Z - Получение факультетов
2024-05-16T23:27:09.886Z - Получение факультетов
2024-05-16T23:27:24.407Z - Получение факультетов
2024-05-16T23:27:24.457Z - Получение факультетов
2024-05-16T23:27:29.272Z - Выход из приложения
2024-05-16T23:27:36.741Z - Выполнен вход Anna
2024-05-16T23:27:36.889Z - Получение факультетов
2024-05-16T23:27:36.921Z - Получение факультетов
2024-05-16T23:27:39.401Z - Получение факультетов
2024-05-16T23:27:39.440Z - Получение факультетов
2024-05-16T23:27:41.407Z - Получение пользователей 
2024-05-16T23:27:41.448Z - Получение пользователей 
2024-05-16T23:27:44.728Z - Получение факультетов
2024-05-16T23:27:44.757Z - Получение факультетов
2024-05-16T23:27:45.967Z - Получение факультетов
2024-05-16T23:27:46.005Z - Получение факультетов
2024-05-16T23:27:47.077Z - Получение пользователей 
2024-05-16T23:27:47.105Z - Получение пользователей 
2024-05-16T23:27:48.315Z - Получение пользователей 
2024-05-16T23:27:48.642Z - Получение пользователей 
2024-05-16T23:27:49.258Z - Получение пользователей 
2024-05-16T23:27:49.805Z - Получение пользователей 
2024-05-16T23:27:50.110Z - Получение пользователей 
2024-05-16T23:27:50.423Z - Получение пользователей 
2024-05-16T23:27:50.833Z - Получение пользователей 
2024-05-16T23:27:51.092Z - Получение пользователей 
2024-05-16T23:27:51.667Z - Получение пользователей 
2024-05-16T23:27:52.078Z - Получение пользователей 
2024-05-16T23:27:52.383Z - Получение пользователей 
2024-05-16T23:27:52.703Z - Получение пользователей 
2024-05-16T23:27:53.205Z - Получение пользователей 
2024-05-16T23:27:53.564Z - Получение пользователей 
2024-05-16T23:27:53.838Z - Получение пользователей 
2024-05-16T23:27:54.178Z - Получение пользователей 
2024-05-16T23:27:54.544Z - Получение пользователей 
2024-05-16T23:27:54.917Z - Получение пользователей 
2024-05-16T23:27:55.261Z - Получение пользователей 
2024-05-16T23:27:55.692Z - Получение пользователей 
2024-05-16T23:27:56.001Z - Получение пользователей 
2024-05-16T23:27:56.390Z - Получение пользователей 
2024-05-16T23:27:56.770Z - Получение пользователей 
2024-05-16T23:27:57.239Z - Получение пользователей 
2024-05-16T23:27:57.544Z - Получение пользователей 
2024-05-16T23:27:57.953Z - Получение пользователей 
2024-05-16T23:27:58.420Z - Получение пользователей 
2024-05-16T23:27:58.887Z - Получение пользователей 
2024-05-16T23:27:59.141Z - Получение пользователей 
2024-05-16T23:28:17.330Z - Получение факультетов
2024-05-16T23:28:17.366Z - Получение факультетов
2024-05-16T23:28:18.700Z - Получение факультетов
2024-05-16T23:28:18.749Z - Получение факультетов
2024-05-16T23:28:20.136Z - Получение факультетов
2024-05-16T23:28:20.180Z - Получение факультетов
2024-05-16T23:28:25.198Z - Получение факультетов
2024-05-16T23:28:25.217Z - Получение факультетов
2024-05-16T23:28:27.021Z - Получение факультетов
2024-05-16T23:28:27.061Z - Получение факультетов
2024-05-16T23:28:30.618Z - Получение пользователей 
2024-05-16T23:28:30.649Z - Получение пользователей 
2024-05-16T23:28:31.715Z - Получение пользователей Z
2024-05-16T23:28:34.328Z - Получение пользователей ZV
2024-05-16T23:28:35.862Z - Получение пользователей Z
2024-05-16T23:28:37.463Z - Получение пользователей ZV
2024-05-16T23:28:38.226Z - Получение пользователей ZVO
2024-05-16T23:28:38.700Z - Получение пользователей ZV
2024-05-16T23:28:38.801Z - Получение пользователей Z
2024-05-16T23:28:39.072Z - Получение пользователей ZO
2024-05-16T23:28:39.719Z - Получение пользователей Z
2024-05-16T23:28:39.851Z - Получение пользователей 
2024-05-16T23:28:40.372Z - Получение пользователей v
2024-05-16T23:28:40.615Z - Получение пользователей 
2024-05-16T23:28:40.775Z - Получение пользователей z
2024-05-16T23:28:41.930Z - Получение пользователей zv
2024-05-16T23:28:43.076Z - Получение пользователей z
2024-05-16T23:28:43.234Z - Получение пользователей 
2024-05-16T23:28:44.237Z - Получение пользователей Z
2024-05-16T23:28:47.260Z - Получение пользователей ZB
2024-05-16T23:28:49.242Z - Получение пользователей ZB
2024-05-16T23:28:49.552Z - Получение пользователей ZB
2024-05-16T23:28:49.854Z - Получение пользователей ZB
2024-05-16T23:28:50.267Z - Получение пользователей ZB
2024-05-16T23:28:50.535Z - Получение пользователей ZB
2024-05-16T23:28:50.906Z - Получение пользователей ZB
2024-05-16T23:28:51.171Z - Получение пользователей ZB
2024-05-16T23:28:51.652Z - Получение пользователей ZB
2024-05-16T23:28:51.831Z - Получение пользователей ZB
2024-05-16T23:28:57.642Z - Получение пользователей Z
2024-05-16T23:28:57.649Z - Получение пользователей Z
2024-05-16T23:28:57.757Z - Получение пользователей 
2024-05-16T23:28:58.047Z - Получение пользователей r
2024-05-16T23:28:58.461Z - Получение пользователей ru
2024-05-16T23:28:58.543Z - Получение пользователей ru
2024-05-16T23:28:59.077Z - Получение пользователей rus
2024-05-16T23:28:59.088Z - Получение пользователей rus
2024-05-16T23:28:59.163Z - Получение пользователей rus
2024-05-16T23:29:00.051Z - Получение пользователей rusl
2024-05-16T23:29:00.061Z - Получение пользователей rusl
2024-05-16T23:29:00.134Z - Получение пользователей rusla
2024-05-16T23:29:00.221Z - Получение пользователей rusla
2024-05-16T23:29:00.434Z - Получение пользователей ruslan
2024-05-16T23:29:00.426Z - Получение пользователей ruslan
2024-05-16T23:29:00.506Z - Получение пользователей ruslan
2024-05-16T23:29:05.920Z - Получение факультетов
2024-05-16T23:29:05.951Z - Получение факультетов
2024-05-16T23:29:10.893Z - Получение факультетов
2024-05-16T23:29:10.940Z - Получение факультетов
2024-05-16T23:29:32.800Z - Получение пользователей ВМ-ИВТ-4-1
2024-05-16T23:29:32.848Z - Получение пользователей ВМ-ИВТ-4-1
2024-05-16T23:31:04.315Z - Получение пользователей ВМ-ИВТ-3-1
2024-05-16T23:31:04.359Z - Получение пользователей ВМ-ИВТ-3-1
2024-05-16T23:31:43.506Z - Получение факультетов
2024-05-16T23:31:43.552Z - Получение факультетов
2024-05-16T23:31:46.833Z - Получение пользователей ВМ-ИВТ-3-1
2024-05-16T23:31:48.472Z - Получение таблицы посещения Fri May 17 2024 00:00:00 GMT+0300 (Москва, стандартное время)
2024-05-16T23:31:48.533Z - Получение пользователей ВМ-ИВТ-3-1
2024-05-16T23:31:48.687Z - Получение таблицы посещения Fri May 17 2024 00:00:00 GMT+0300 (Москва, стандартное время)
2024-05-16T23:31:56.199Z - Получение пользователей ВМ-ИВТ-3-1
2024-05-16T23:31:57.182Z - Получение таблицы посещения Sat Feb 17 2024 03:00:00 GMT+0300 (Москва, стандартное время)
2024-05-16T23:31:57.237Z - Получение пользователей ВМ-ИВТ-3-1
2024-05-16T23:31:57.334Z - Получение таблицы посещения Sat Feb 17 2024 03:00:00 GMT+0300 (Москва, стандартное время)
2024-05-16T23:31:57.388Z - Получение пользователей ВМ-ИВТ-3-1
2024-05-16T23:31:57.466Z - Получение таблицы посещения Sat Feb 17 2024 03:00:00 GMT+0300 (Москва, стандартное время)
2024-05-16T23:31:58.854Z - Получение пользователей ВМ-ИВТ-3-1
2024-05-16T23:31:58.902Z - Получение таблицы посещения Thu Feb 01 2024 03:00:00 GMT+0300 (Москва, стандартное время)
2024-05-16T23:31:59.352Z - Получение пользователей ВМ-ИВТ-3-1
2024-05-16T23:31:59.482Z - Получение таблицы посещения Thu Feb 01 2024 03:00:00 GMT+0300 (Москва, стандартное время)
2024-05-16T23:31:59.546Z - Получение пользователей ВМ-ИВТ-3-1
2024-05-16T23:31:59.667Z - Получение таблицы посещения Thu Feb 01 2024 03:00:00 GMT+0300 (Москва, стандартное время)
2024-05-16T23:32:43.711Z - Получение пользователей ВМ-ИВТ-3-1
2024-05-16T23:32:43.848Z - Получение таблицы посещения Wed May 01 2024 03:00:00 GMT+0300 (Москва, стандартное время)
2024-05-16T23:32:44.127Z - Получение пользователей ВМ-ИВТ-3-1
2024-05-16T23:32:44.182Z - Получение таблицы посещения Wed May 01 2024 03:00:00 GMT+0300 (Москва, стандартное время)
2024-05-16T23:32:44.258Z - Получение пользователей ВМ-ИВТ-3-1
2024-05-16T23:32:44.380Z - Получение таблицы посещения Wed May 01 2024 03:00:00 GMT+0300 (Москва, стандартное время)
2024-05-16T23:33:10.987Z - Получение пользователей ВМ-ИВТ-3-1
2024-05-16T23:33:11.127Z - Получение таблицы посещения Fri May 17 2024 03:00:00 GMT+0300 (Москва, стандартное время)
2024-05-16T23:33:11.452Z - Получение пользователей ВМ-ИВТ-3-1
2024-05-16T23:33:11.590Z - Получение таблицы посещения Fri May 17 2024 03:00:00 GMT+0300 (Москва, стандартное время)
2024-05-16T23:33:11.647Z - Получение пользователей ВМ-ИВТ-3-1
2024-05-16T23:33:11.858Z - Получение таблицы посещения Fri May 17 2024 03:00:00 GMT+0300 (Москва, стандартное время)
2024-05-16T23:33:36.506Z - Получение пользователей ВМ-ИВТ-3-1
2024-05-16T23:33:37.719Z - Получение таблицы посещения Thu May 16 2024 03:00:00 GMT+0300 (Москва, стандартное время)
2024-05-16T23:33:37.765Z - Получение пользователей ВМ-ИВТ-3-1
2024-05-16T23:33:37.913Z - Получение таблицы посещения Thu May 16 2024 03:00:00 GMT+0300 (Москва, стандартное время)
2024-05-16T23:33:37.960Z - Получение пользователей ВМ-ИВТ-3-1
2024-05-16T23:33:38.099Z - Получение таблицы посещения Thu May 16 2024 03:00:00 GMT+0300 (Москва, стандартное время)
2024-05-16T23:33:40.756Z - Получение пользователей ВМ-ИВТ-3-1
2024-05-16T23:33:41.758Z - Получение таблицы посещения Wed May 15 2024 03:00:00 GMT+0300 (Москва, стандартное время)
2024-05-16T23:33:41.804Z - Получение пользователей ВМ-ИВТ-3-1
2024-05-16T23:33:41.918Z - Получение таблицы посещения Wed May 15 2024 03:00:00 GMT+0300 (Москва, стандартное время)
2024-05-16T23:33:41.951Z - Получение пользователей ВМ-ИВТ-3-1
2024-05-16T23:33:42.070Z - Получение таблицы посещения Wed May 15 2024 03:00:00 GMT+0300 (Москва, стандартное время)
2024-05-16T23:33:45.075Z - Получение пользователей ВМ-ИВТ-3-1
2024-05-16T23:33:46.169Z - Получение таблицы посещения Tue May 14 2024 03:00:00 GMT+0300 (Москва, стандартное время)
2024-05-16T23:33:46.212Z - Получение пользователей ВМ-ИВТ-3-1
2024-05-16T23:33:46.686Z - Получение таблицы посещения Tue May 14 2024 03:00:00 GMT+0300 (Москва, стандартное время)
2024-05-16T23:33:46.724Z - Получение пользователей ВМ-ИВТ-3-1
2024-05-16T23:33:46.855Z - Получение таблицы посещения Tue May 14 2024 03:00:00 GMT+0300 (Москва, стандартное время)
2024-05-16T23:34:02.167Z - Получение пользователей ВМ-ИВТ-3-1
2024-05-16T23:34:02.331Z - Получение таблицы посещения Mon May 13 2024 03:00:00 GMT+0300 (Москва, стандартное время)
2024-05-16T23:34:02.605Z - Получение пользователей ВМ-ИВТ-3-1
2024-05-16T23:34:02.756Z - Получение таблицы посещения Mon May 13 2024 03:00:00 GMT+0300 (Москва, стандартное время)
2024-05-16T23:34:02.796Z - Получение пользователей ВМ-ИВТ-3-1
2024-05-16T23:34:02.931Z - Получение таблицы посещения Mon May 13 2024 03:00:00 GMT+0300 (Москва, стандартное время)
2024-05-16T23:34:08.626Z - Получение пользователей 
2024-05-16T23:34:08.614Z - Получение пользователей 
2024-05-16T23:34:08.656Z - Получение пользователей 
2024-05-16T23:34:14.119Z - Получение пользователей 
2024-05-16T23:34:15.067Z - Получение пользователей 
2024-05-16T23:34:15.675Z - Получение пользователей 
2024-05-16T23:34:17.731Z - Получение пользователей 
2024-05-16T23:34:18.612Z - Получение пользователей 
2024-05-16T23:34:19.636Z - Получение пользователей 
2024-05-16T23:34:20.569Z - Получение пользователей 
2024-05-16T23:34:21.232Z - Получение пользователей 
2024-05-16T23:34:22.198Z - Получение пользователей 
2024-05-16T23:34:23.183Z - Получение пользователей 
2024-05-16T23:34:24.115Z - Получение пользователей 
2024-05-16T23:34:24.572Z - Получение пользователей 
2024-05-16T23:34:26.977Z - Получение пользователей 
2024-05-16T23:34:29.232Z - Получение пользователей 
2024-05-16T23:34:31.211Z - Получение пользователей 
2024-05-16T23:34:34.043Z - Получение пользователей 
2024-05-16T23:34:34.399Z - Получение пользователей 
2024-05-16T23:34:34.734Z - Получение пользователей 
2024-05-16T23:34:35.131Z - Получение пользователей 
2024-05-16T23:34:35.488Z - Получение пользователей 
2024-05-16T23:34:35.869Z - Получение пользователей 
2024-05-16T23:34:36.226Z - Получение пользователей 
2024-05-16T23:34:36.650Z - Получение пользователей 
2024-05-16T23:34:37.034Z - Получение пользователей 
2024-05-16T23:34:37.451Z - Получение пользователей 
2024-05-16T23:34:37.884Z - Получение пользователей 
2024-05-16T23:34:38.282Z - Получение пользователей 
2024-05-16T23:34:38.536Z - Получение пользователей 
2024-05-16T23:34:43.143Z - Получение факультетов
2024-05-16T23:34:43.172Z - Получение факультетов
2024-05-16T23:34:44.700Z - Получение факультетов
2024-05-16T23:34:44.742Z - Получение факультетов
2024-05-16T23:34:52.202Z - Получение факультетов
2024-05-16T23:34:52.227Z - Получение факультетов
2024-05-16T23:35:15.964Z - Получение факультетов
2024-05-16T23:35:15.983Z - Получение факультетов
2024-05-16T23:35:28.014Z - Получение факультетов
2024-05-16T23:35:28.035Z - Получение факультетов
2024-05-16T23:35:30.058Z - Получение факультетов
2024-05-16T23:35:30.092Z - Получение факультетов
2024-05-16T23:35:32.146Z - Получение факультетов
2024-05-16T23:35:32.187Z - Получение факультетов
2024-05-16T23:35:37.045Z - Получение факультетов
2024-05-16T23:35:37.078Z - Получение факультетов
2024-05-16T23:36:50.591Z - Получение факультетов
2024-05-16T23:36:50.627Z - Получение факультетов
2024-05-16T23:36:58.056Z - Получение факультетов
2024-05-16T23:36:58.078Z - Получение факультетов
2024-05-16T23:37:20.744Z - Получение факультетов
2024-05-16T23:37:20.768Z - Получение факультетов
2024-05-16T23:37:28.870Z - Получение факультетов
2024-05-16T23:37:28.913Z - Получение факультетов
2024-05-16T23:37:34.984Z - Удаление факультета id - 13
2024-05-16T23:37:35.105Z - Получение факультетов
2024-05-16T23:37:35.189Z - Получение факультетов
2024-05-16T23:38:04.716Z - Получение факультетов
2024-05-16T23:38:04.741Z - Получение факультетов
2024-05-16T23:38:13.104Z - Удаление группы Гол
2024-05-16T23:38:22.053Z - Получение факультетов
2024-05-16T23:38:22.071Z - Получение факультетов
2024-05-16T23:38:22.916Z - Получение факультетов
2024-05-16T23:38:22.958Z - Получение факультетов
2024-05-16T23:38:36.697Z - Получение факультетов
2024-05-16T23:38:36.764Z - Получение факультетов
2024-05-16T23:38:38.037Z - Получение факультетов
2024-05-16T23:38:38.090Z - Получение факультетов
2024-05-16T23:38:43.573Z - Получение пользователей 
2024-05-16T23:38:43.595Z - Получение пользователей 
2024-05-16T23:38:44.722Z - Получение пользователей 
2024-05-16T23:39:00.071Z - Получение пользователей 
2024-05-16T23:39:00.115Z - Получение пользователей 
2024-05-16T23:39:01.249Z - Получение пользователей 
2024-05-16T23:39:01.618Z - Получение пользователей 
2024-05-16T23:39:01.887Z - Получение пользователей 
2024-05-16T23:39:02.324Z - Получение пользователей 
2024-05-16T23:39:02.598Z - Получение пользователей 
2024-05-16T23:39:03.257Z - Получение пользователей 
2024-05-16T23:39:03.774Z - Получение пользователей 
2024-05-16T23:39:04.038Z - Получение пользователей 
2024-05-16T23:39:04.512Z - Получение пользователей 
2024-05-16T23:39:04.805Z - Получение пользователей 
2024-05-16T23:39:05.158Z - Получение пользователей 
2024-05-16T23:39:05.478Z - Получение пользователей 
2024-05-16T23:39:05.793Z - Получение пользователей 
2024-05-16T23:39:06.156Z - Получение пользователей 
2024-05-16T23:39:06.519Z - Получение пользователей 
2024-05-16T23:39:06.827Z - Получение пользователей 
2024-05-16T23:39:07.184Z - Получение пользователей 
2024-05-16T23:39:07.570Z - Получение пользователей 
2024-05-16T23:39:08.012Z - Получение пользователей 
2024-05-16T23:39:08.361Z - Получение пользователей 
2024-05-16T23:39:08.714Z - Получение пользователей 
2024-05-16T23:39:09.035Z - Получение пользователей 
2024-05-16T23:39:09.427Z - Получение пользователей 
2024-05-16T23:39:09.767Z - Получение пользователей 
2024-05-16T23:39:10.087Z - Получение пользователей 
2024-05-16T23:39:10.502Z - Получение пользователей 
2024-05-16T23:39:10.863Z - Получение пользователей 
2024-05-16T23:39:11.234Z - Получение пользователей 
2024-05-16T23:39:11.430Z - Получение пользователей 
2024-05-16T23:39:30.836Z - Получение пользователей 
2024-05-16T23:39:30.873Z - Получение пользователей 
2024-05-16T23:39:31.731Z - Получение факультетов
2024-05-16T23:39:31.753Z - Получение факультетов
2024-05-16T23:39:32.601Z - Получение факультетов
2024-05-16T23:39:32.648Z - Получение факультетов
2024-05-16T23:39:56.504Z - Получение пользователей 
2024-05-16T23:39:56.537Z - Получение пользователей 
2024-05-16T23:39:57.760Z - Получение пользователей 
2024-05-16T23:40:00.645Z - Получение факультетов
2024-05-16T23:40:00.679Z - Получение факультетов
2024-05-16T23:40:03.413Z - Получение пользователей 
2024-05-16T23:40:03.480Z - Получение пользователей 
2024-05-16T23:40:09.280Z - Получение факультетов
2024-05-16T23:40:09.313Z - Получение факультетов
2024-05-16T23:40:18.315Z - Получение факультетов
2024-05-16T23:40:18.355Z - Получение факультетов
2024-05-16T23:40:35.795Z - Получение факультетов
2024-05-16T23:40:35.838Z - Получение факультетов
2024-05-17T09:07:09.051Z - Выполнен вход Anna
2024-05-17T09:07:09.255Z - Получение факультетов
2024-05-17T09:07:09.337Z - Получение факультетов
2024-05-17T09:07:12.406Z - Получение факультетов
2024-05-17T09:07:12.433Z - Получение факультетов
2024-05-17T09:07:13.818Z - Получение пользователей 
2024-05-17T09:07:14.110Z - Получение пользователей 
