2024-06-26T15:12:34.379Z - Выполнен вход Anna
2024-06-26T15:12:34.400Z - Получение факультетов
2024-06-26T15:12:34.407Z - Получение факультетов
2024-06-26T15:13:23.528Z - Получение факультетов
2024-06-26T15:13:23.535Z - Получение факультетов
2024-06-26T15:13:24.380Z - Получение пользователей 
2024-06-26T15:13:24.386Z - Получение пользователей 
2024-06-26T15:13:25.794Z - Получение факультетов
2024-06-26T15:13:25.798Z - Получение факультетов
2024-06-26T15:13:48.745Z - Получение пользователей 
2024-06-26T15:13:48.752Z - Получение пользователей 
2024-06-26T15:13:49.224Z - Получение факультетов
2024-06-26T15:13:49.228Z - Получение факультетов
2024-06-26T15:17:19.063Z - Получение факультетов
2024-06-26T15:17:19.068Z - Получение факультетов
2024-06-26T15:25:08.997Z - Получение пользователей 
2024-06-26T15:25:09.009Z - Получение пользователей 
2024-06-26T15:25:23.914Z - Получение пользователей 
2024-06-26T15:29:10.094Z - Получение пользователей 
2024-06-26T15:29:10.818Z - Получение пользователей 
2024-06-26T15:29:11.547Z - Получение пользователей 
2024-06-26T15:29:12.325Z - Получение пользователей 
2024-06-26T15:29:13.618Z - Получение пользователей 
2024-06-26T15:29:13.751Z - Получение пользователей 
2024-06-26T15:29:13.877Z - Получение пользователей 
2024-06-26T15:29:14.001Z - Получение пользователей 
2024-06-26T15:29:14.128Z - Получение пользователей 
2024-06-26T15:29:14.253Z - Получение пользователей 
2024-06-26T15:29:14.386Z - Получение пользователей 
2024-06-26T15:29:14.513Z - Получение пользователей 
2024-06-26T15:29:14.650Z - Получение пользователей 
2024-06-26T15:29:14.783Z - Получение пользователей 
2024-06-26T15:29:14.916Z - Получение пользователей 
2024-06-26T15:29:15.055Z - Получение пользователей 
2024-06-26T15:29:15.191Z - Получение пользователей 
2024-06-26T15:29:15.326Z - Получение пользователей 
2024-06-26T15:29:15.461Z - Получение пользователей 
2024-06-26T15:29:15.599Z - Получение пользователей 
2024-06-26T15:29:15.731Z - Получение пользователей 
2024-06-26T15:29:15.871Z - Получение пользователей 
2024-06-26T15:29:16.017Z - Получение пользователей 
2024-06-26T15:29:16.157Z - Получение пользователей 
2024-06-26T15:29:16.304Z - Получение пользователей 
2024-06-26T15:29:16.428Z - Получение пользователей 
2024-06-26T15:29:16.561Z - Получение пользователей 
2024-06-26T15:29:29.353Z - Получение пользователей 
2024-06-26T15:29:29.360Z - Получение пользователей 
2024-06-26T15:29:31.369Z - Получение факультетов
2024-06-26T15:29:31.373Z - Получение факультетов
2024-06-26T15:29:31.918Z - Получение пользователей 
2024-06-26T15:29:31.922Z - Получение пользователей 
2024-06-26T15:29:32.953Z - Получение факультетов
2024-06-26T15:29:32.957Z - Получение факультетов
2024-06-26T15:29:33.733Z - Получение пользователей 
2024-06-26T15:29:33.737Z - Получение пользователей 
2024-06-26T15:29:54.858Z - Получение факультетов
2024-06-26T15:29:54.863Z - Получение факультетов
2024-06-26T15:29:57.326Z - Получение факультетов
2024-06-26T15:29:57.329Z - Получение факультетов
2024-06-26T15:29:57.850Z - Получение пользователей 
2024-06-26T15:29:57.855Z - Получение пользователей 
2024-06-26T15:30:08.657Z - Получение факультетов
2024-06-26T15:30:08.663Z - Получение факультетов
2024-06-26T15:30:22.208Z - Получение факультетов
2024-06-26T15:30:22.211Z - Получение факультетов
2024-06-26T15:30:32.693Z - Получение пользователей 
2024-06-26T15:30:32.697Z - Получение пользователей 
2024-06-26T15:30:38.897Z - Получение факультетов
2024-06-26T15:30:38.901Z - Получение факультетов
2024-06-26T15:39:12.689Z - Регистрация Anna
2024-06-26T15:39:12.699Z - Создание пользователя Anna
2024-06-26T15:39:27.452Z - Выполнен вход Anna
2024-06-26T15:39:27.470Z - Получение факультетов
2024-06-26T15:39:27.477Z - Получение факультетов
2024-06-26T15:39:35.788Z - Получение пользователей 
2024-06-26T15:39:35.794Z - Получение пользователей 
2024-06-26T15:39:35.805Z - Получение пользователей 
2024-06-26T15:39:37.339Z - Получение пользователей 
2024-06-26T15:39:37.343Z - Получение пользователей 
2024-06-26T15:39:37.351Z - Получение пользователей 
2024-06-26T15:39:38.344Z - Получение факультетов
2024-06-26T15:39:38.349Z - Получение факультетов
2024-06-26T15:39:43.661Z - Получение факультетов
2024-06-26T15:39:43.664Z - Получение факультетов
2024-06-26T15:39:44.618Z - Получение факультетов
2024-06-26T15:39:44.622Z - Получение факультетов
2024-06-26T15:39:47.126Z - Получение пользователей 
2024-06-26T15:39:47.130Z - Получение пользователей 
2024-06-26T15:39:47.143Z - Получение пользователей 
2024-06-26T15:39:49.043Z - Получение факультетов
2024-06-26T15:39:49.047Z - Получение факультетов
2024-06-26T15:39:51.347Z - Получение факультетов
2024-06-26T15:39:51.351Z - Получение факультетов
2024-06-26T15:40:15.551Z - Получение пользователей 
2024-06-26T15:40:15.554Z - Получение пользователей 
2024-06-26T15:40:15.570Z - Получение пользователей 
2024-06-26T15:40:16.996Z - Получение факультетов
2024-06-26T15:40:17.001Z - Получение факультетов
2024-06-26T15:40:17.312Z - Получение факультетов
2024-06-26T15:40:17.316Z - Получение факультетов
2024-06-26T15:40:41.541Z - Удаление группы ВМ-ИВТ-4-1
2024-06-26T15:41:50.565Z - Получение факультетов
2024-06-26T15:41:50.571Z - Получение факультетов
2024-06-26T15:41:51.010Z - Получение пользователей 
2024-06-26T15:41:51.015Z - Получение пользователей 
2024-06-26T15:41:51.028Z - Получение пользователей 
2024-06-26T15:41:51.485Z - Получение факультетов
2024-06-26T15:41:51.491Z - Получение факультетов
2024-06-26T15:41:51.778Z - Получение факультетов
2024-06-26T15:41:51.783Z - Получение факультетов
2024-06-26T15:41:52.954Z - Получение факультетов
2024-06-26T15:41:52.958Z - Получение факультетов
2024-06-26T15:41:53.315Z - Получение пользователей 
2024-06-26T15:41:53.321Z - Получение пользователей 
2024-06-26T15:41:53.331Z - Получение пользователей 
2024-06-26T15:54:47.343Z - Получение факультетов
2024-06-26T15:54:47.351Z - Получение факультетов
2024-06-26T15:55:01.881Z - Получение факультетов
2024-06-26T15:55:01.886Z - Получение факультетов
2024-06-26T15:55:05.220Z - Получение факультетов
2024-06-26T15:55:05.223Z - Получение факультетов
2024-06-26T15:55:09.846Z - Получение факультетов
2024-06-26T15:55:09.850Z - Получение факультетов
2024-06-26T15:56:28.548Z - Получение факультетов
2024-06-26T15:56:28.554Z - Получение факультетов
2024-06-26T15:56:30.289Z - Получение факультетов
2024-06-26T15:56:30.292Z - Получение факультетов
2024-06-26T17:19:42.410Z - Получение факультетов
2024-06-26T17:19:42.417Z - Получение факультетов
2024-06-26T17:20:08.771Z - Получение факультетов
2024-06-26T17:20:08.779Z - Получение факультетов
2024-06-26T17:20:14.069Z - Получение пользователей ВМ-ИВТ-4-1
2024-06-26T17:20:14.837Z - Получение таблицы посещения Wed Jun 26 2024 00:00:00 GMT+0300 (Москва, стандартное время)
2024-06-26T17:20:14.846Z - Получение пользователей ВМ-ИВТ-4-1
2024-06-26T17:20:15.262Z - Получение таблицы посещения Wed Jun 26 2024 00:00:00 GMT+0300 (Москва, стандартное время)
2024-06-26T17:20:17.959Z - Получение факультетов
2024-06-26T17:20:17.963Z - Получение факультетов
2024-06-26T17:23:29.324Z - Получение пользователей 
2024-06-26T17:23:29.331Z - Получение пользователей 
2024-06-26T17:23:29.343Z - Получение пользователей 
2024-06-26T17:23:32.692Z - Получение пользователей 
2024-06-26T17:23:32.697Z - Получение пользователей 
2024-06-26T17:23:32.712Z - Получение пользователей 
2024-06-26T17:23:38.570Z - Получение пользователей 
2024-06-26T17:23:38.575Z - Получение пользователей 
2024-06-26T17:23:38.585Z - Получение пользователей 
2024-06-26T17:23:38.898Z - Получение факультетов
2024-06-26T17:23:38.902Z - Получение факультетов
2024-06-26T17:23:39.215Z - Получение факультетов
2024-06-26T17:23:39.220Z - Получение факультетов
2024-06-26T17:23:41.311Z - Получение пользователей ВМ-ИВТ-4-1
2024-06-26T17:23:41.844Z - Получение таблицы посещения Wed Jun 26 2024 00:00:00 GMT+0300 (Москва, стандартное время)
2024-06-26T17:23:41.853Z - Получение пользователей ВМ-ИВТ-4-1
2024-06-26T17:23:42.200Z - Получение таблицы посещения Wed Jun 26 2024 00:00:00 GMT+0300 (Москва, стандартное время)
2024-06-26T17:23:43.124Z - Получение факультетов
2024-06-26T17:23:43.129Z - Получение факультетов
2024-06-26T17:23:46.709Z - Получение пользователей 
2024-06-26T17:23:46.714Z - Получение пользователей 
2024-06-26T17:23:46.724Z - Получение пользователей 
2024-06-26T17:23:47.190Z - Получение факультетов
2024-06-26T17:23:47.195Z - Получение факультетов
2024-06-26T17:23:50.085Z - Получение пользователей ВМ-ИВТ-3-1
2024-06-26T17:23:50.615Z - Получение таблицы посещения Wed Jun 26 2024 00:00:00 GMT+0300 (Москва, стандартное время)
2024-06-26T17:23:50.624Z - Получение пользователей ВМ-ИВТ-3-1
2024-06-26T17:23:50.998Z - Получение таблицы посещения Wed Jun 26 2024 00:00:00 GMT+0300 (Москва, стандартное время)
2024-06-26T17:23:52.861Z - Получение пользователей ВМ-ИВТ-3-1
2024-06-26T17:23:53.318Z - Получение таблицы посещения Wed Jun 05 2024 03:00:00 GMT+0300 (Москва, стандартное время)
2024-06-26T17:23:53.364Z - Получение пользователей ВМ-ИВТ-3-1
2024-06-26T17:23:53.380Z - Получение таблицы посещения Wed Jun 05 2024 03:00:00 GMT+0300 (Москва, стандартное время)
2024-06-26T17:23:53.387Z - Получение пользователей ВМ-ИВТ-3-1
2024-06-26T17:23:53.402Z - Получение таблицы посещения Wed Jun 05 2024 03:00:00 GMT+0300 (Москва, стандартное время)
2024-06-26T17:24:03.985Z - Получение факультетов
2024-06-26T17:24:03.991Z - Получение факультетов
2024-06-26T17:24:04.520Z - Получение пользователей 
2024-06-26T17:24:04.526Z - Получение пользователей 
2024-06-26T17:24:04.535Z - Получение пользователей 
2024-06-26T17:24:06.044Z - Получение пользователей 
2024-06-26T17:24:06.049Z - Получение пользователей 
2024-06-26T17:24:06.062Z - Получение пользователей 
2024-06-26T17:24:14.994Z - Получение факультетов
2024-06-26T17:24:14.999Z - Получение факультетов
2024-06-26T17:24:17.453Z - Получение факультетов
2024-06-26T17:24:17.456Z - Получение факультетов
2024-06-26T17:24:58.387Z - Получение пользователей ВМ-ИВТ-4-1
2024-06-26T17:24:58.396Z - Получение пользователей ВМ-ИВТ-4-1
2024-06-26T17:25:05.760Z - Получение пользователей ВМ-ИВТ-4-1
2024-06-26T17:25:05.766Z - Получение пользователей ВМ-ИВТ-4-1
2024-06-26T18:04:18.313Z - Получение пользователей 
2024-06-26T18:04:18.323Z - Получение пользователей 
2024-06-26T18:04:27.456Z - Получение пользователей 
2024-06-26T18:04:28.318Z - Получение пользователей 
2024-06-26T18:04:29.270Z - Получение пользователей 
2024-06-26T18:04:38.765Z - Получение пользователей 
2024-06-26T18:04:39.097Z - Получение пользователей 
2024-06-26T18:05:12.331Z - Получение факультетов
2024-06-26T18:05:12.337Z - Получение факультетов
2024-06-26T18:05:14.482Z - Получение пользователей ВИ-ИГ-1-1
2024-06-26T18:05:15.005Z - Получение таблицы посещения Wed Jun 26 2024 00:00:00 GMT+0300 (Москва, стандартное время)
2024-06-26T18:05:15.013Z - Получение пользователей ВИ-ИГ-1-1
2024-06-26T18:05:15.384Z - Получение таблицы посещения Wed Jun 26 2024 00:00:00 GMT+0300 (Москва, стандартное время)
2024-06-26T18:05:20.348Z - Получение пользователей ВИ-ИГ-1-1
2024-06-26T18:05:20.731Z - Получение таблицы посещения Tue Jun 25 2024 00:00:00 GMT+0300 (Москва, стандартное время)
2024-06-26T18:05:20.851Z - Получение пользователей ВИ-ИГ-1-1
2024-06-26T18:05:21.163Z - Получение таблицы посещения Tue Jun 25 2024 00:00:00 GMT+0300 (Москва, стандартное время)
2024-06-26T18:05:21.171Z - Получение пользователей ВИ-ИГ-1-1
2024-06-26T18:05:21.486Z - Получение таблицы посещения Tue Jun 25 2024 00:00:00 GMT+0300 (Москва, стандартное время)
2024-06-26T18:05:21.997Z - Получение пользователей ВИ-ИГ-1-1
2024-06-26T18:05:22.376Z - Получение таблицы посещения Mon Jun 24 2024 00:00:00 GMT+0300 (Москва, стандартное время)
2024-06-26T18:05:22.496Z - Получение пользователей ВИ-ИГ-1-1
2024-06-26T18:05:22.504Z - Получение таблицы посещения Mon Jun 24 2024 00:00:00 GMT+0300 (Москва, стандартное время)
2024-06-26T18:05:22.511Z - Получение пользователей ВИ-ИГ-1-1
2024-06-26T18:05:22.517Z - Получение таблицы посещения Mon Jun 24 2024 00:00:00 GMT+0300 (Москва, стандартное время)
2024-06-26T18:05:51.876Z - Получение факультетов
2024-06-26T18:05:51.882Z - Получение факультетов
2024-06-26T18:06:00.405Z - Получение пользователей ВМ-ИВТ-2-1
2024-06-26T18:06:00.888Z - Получение таблицы посещения Wed Jun 26 2024 00:00:00 GMT+0300 (Москва, стандартное время)
2024-06-26T18:06:00.894Z - Получение пользователей ВМ-ИВТ-2-1
2024-06-26T18:06:01.630Z - Получение таблицы посещения Wed Jun 26 2024 00:00:00 GMT+0300 (Москва, стандартное время)
2024-06-26T18:06:37.572Z - Получение пользователей 
2024-06-26T18:06:37.578Z - Получение пользователей 
2024-06-26T18:06:38.971Z - Получение пользователей 
2024-06-26T18:06:39.367Z - Получение пользователей 
2024-06-26T18:18:25.155Z - Получение факультетов
2024-06-26T18:18:25.166Z - Получение факультетов
2024-06-26T18:18:25.584Z - Получение пользователей 
2024-06-26T18:18:25.590Z - Получение пользователей 
2024-06-26T18:18:27.357Z - Получение пользователей 
2024-06-26T18:18:28.011Z - Получение пользователей 
2024-06-26T18:18:28.734Z - Получение пользователей 
2024-06-26T18:18:29.484Z - Получение пользователей 
2024-06-26T18:18:29.805Z - Получение пользователей 
2024-06-26T18:22:31.846Z - Получение пользователей 
2024-06-26T18:22:31.855Z - Получение пользователей 
2024-06-26T18:23:25.591Z - Получение пользователей 
2024-06-26T18:29:11.322Z - Получение пользователей 
2024-06-26T18:29:11.326Z - Получение пользователей 
2024-06-26T18:29:24.009Z - Получение пользователей 
2024-06-26T18:29:24.015Z - Получение пользователей 
2024-06-26T18:33:01.669Z - Получение пользователей 
2024-06-26T18:33:01.678Z - Получение пользователей 
2024-06-26T18:33:02.409Z - Получение пользователей 
2024-06-26T18:33:03.025Z - Получение пользователей 
2024-06-26T18:33:03.736Z - Получение пользователей 
2024-06-26T18:33:04.437Z - Получение пользователей 
2024-06-26T18:33:04.917Z - Получение пользователей 
2024-06-26T18:35:35.667Z - Получение пользователей 
2024-06-26T18:35:35.673Z - Получение пользователей 
2024-06-26T18:35:36.517Z - Получение пользователей 
2024-06-26T18:35:37.215Z - Получение пользователей 
2024-06-26T18:35:38.180Z - Получение пользователей 
2024-06-26T18:35:38.425Z - Получение пользователей 
2024-06-26T18:35:38.661Z - Получение пользователей 
2024-06-26T18:35:38.898Z - Получение пользователей 
2024-06-26T18:35:39.140Z - Получение пользователей 
2024-06-26T18:35:39.377Z - Получение пользователей 
2024-06-26T18:35:39.614Z - Получение пользователей 
2024-06-26T18:35:39.851Z - Получение пользователей 
2024-06-26T18:35:40.087Z - Получение пользователей 
2024-06-26T18:35:40.324Z - Получение пользователей 
2024-06-26T18:35:40.581Z - Получение пользователей 
2024-06-26T18:35:40.820Z - Получение пользователей 
2024-06-26T18:35:41.055Z - Получение пользователей 
2024-06-26T18:35:41.291Z - Получение пользователей 
2024-06-26T18:35:41.528Z - Получение пользователей 
2024-06-26T18:35:41.767Z - Получение пользователей 
2024-06-26T18:35:42.017Z - Получение пользователей 
2024-06-26T18:35:42.261Z - Получение пользователей 
2024-06-26T18:35:42.504Z - Получение пользователей 
2024-06-26T18:35:42.741Z - Получение пользователей 
2024-06-26T18:35:42.971Z - Получение пользователей 
2024-06-26T18:35:43.200Z - Получение пользователей 
2024-06-26T18:35:43.429Z - Получение пользователей 
2024-06-26T18:35:43.660Z - Получение пользователей 
2024-06-26T18:35:43.890Z - Получение пользователей 
2024-06-26T18:35:44.120Z - Получение пользователей 
2024-06-26T18:35:44.349Z - Получение пользователей 
2024-06-26T18:35:44.587Z - Получение пользователей 
2024-06-26T18:35:44.823Z - Получение пользователей 
2024-06-26T18:35:45.061Z - Получение пользователей 
2024-06-26T18:35:45.255Z - Получение пользователей 
2024-06-26T18:36:08.857Z - Получение пользователей 
2024-06-26T18:36:08.863Z - Получение пользователей 
2024-06-26T18:36:10.928Z - Получение пользователей 
2024-06-26T18:36:11.894Z - Получение пользователей 
2024-06-26T18:36:14.241Z - Получение пользователей V
2024-06-26T18:36:14.246Z - Получение пользователей V
2024-06-26T18:36:15.360Z - Получение пользователей VM
2024-06-26T18:36:16.560Z - Получение пользователей VM)
2024-06-26T18:36:17.174Z - Получение пользователей VM
2024-06-26T18:36:17.494Z - Получение пользователей VM_
2024-06-26T18:36:18.503Z - Получение пользователей VM_
2024-06-26T18:36:19.505Z - Получение пользователей VM_
2024-06-26T18:36:22.080Z - Получение пользователей VM_I
2024-06-26T18:36:22.084Z - Получение пользователей VM_I
2024-06-26T18:36:22.417Z - Получение пользователей VM_IV
2024-06-26T18:36:22.426Z - Получение пользователей VM_IV
2024-06-26T18:37:02.133Z - Получение пользователей VM_I
2024-06-26T18:37:02.136Z - Получение пользователей VM_I
2024-06-26T18:37:02.559Z - Получение пользователей VM_Iv
2024-06-26T18:37:02.571Z - Получение пользователей VM_Iv
2024-06-26T18:38:42.380Z - Получение пользователей 
2024-06-26T18:38:42.385Z - Получение пользователей 
2024-06-26T18:38:52.500Z - Получение пользователей 
2024-06-26T18:38:53.038Z - Получение пользователей 
2024-06-26T18:38:54.105Z - Получение пользователей 
2024-06-26T18:38:54.282Z - Получение пользователей 
2024-06-26T18:38:54.446Z - Получение пользователей 
2024-06-26T18:38:54.620Z - Получение пользователей 
2024-06-26T18:38:54.787Z - Получение пользователей 
2024-06-26T18:38:54.961Z - Получение пользователей 
2024-06-26T18:38:55.129Z - Получение пользователей 
2024-06-26T18:38:55.302Z - Получение пользователей 
2024-06-26T18:38:55.472Z - Получение пользователей 
2024-06-26T18:38:55.653Z - Получение пользователей 
2024-06-26T18:38:55.827Z - Получение пользователей 
2024-06-26T18:38:55.995Z - Получение пользователей 
2024-06-26T18:38:56.168Z - Получение пользователей 
2024-06-26T18:38:56.348Z - Получение пользователей 
2024-06-26T18:38:56.522Z - Получение пользователей 
2024-06-26T18:38:56.697Z - Получение пользователей 
2024-06-26T18:38:56.871Z - Получение пользователей 
2024-06-26T18:38:57.045Z - Получение пользователей 
2024-06-26T18:38:57.220Z - Получение пользователей 
2024-06-26T18:38:57.400Z - Получение пользователей 
2024-06-26T18:38:57.581Z - Получение пользователей 
2024-06-26T18:38:57.764Z - Получение пользователей 
2024-06-26T18:38:57.945Z - Получение пользователей 
2024-06-26T18:38:58.126Z - Получение пользователей 
2024-06-26T18:38:58.307Z - Получение пользователей 
2024-06-26T18:38:58.489Z - Получение пользователей 
2024-06-26T18:38:58.676Z - Получение пользователей 
2024-06-26T18:38:58.866Z - Получение пользователей 
2024-06-26T18:38:59.055Z - Получение пользователей 
2024-06-26T18:38:59.242Z - Получение пользователей 
2024-06-26T18:38:59.394Z - Получение пользователей 
2024-06-26T18:39:05.936Z - Получение факультетов
2024-06-26T18:39:05.940Z - Получение факультетов
2024-06-26T18:39:06.346Z - Получение факультетов
2024-06-26T18:39:06.350Z - Получение факультетов
2024-06-26T18:39:06.835Z - Получение факультетов
2024-06-26T18:39:06.841Z - Получение факультетов
2024-06-26T18:39:09.389Z - Получение факультетов
2024-06-26T18:39:09.393Z - Получение факультетов
2024-06-26T18:39:11.966Z - Получение факультетов
2024-06-26T18:39:11.970Z - Получение факультетов
2024-06-26T18:40:11.940Z - Получение факультетов
2024-06-26T18:45:32.073Z - Получение пользователей ВМ-ИВТ-2-1
2024-06-26T18:45:32.630Z - Получение таблицы посещения Wed Jun 26 2024 00:00:00 GMT+0300 (Москва, стандартное время)
2024-06-26T18:45:32.637Z - Получение пользователей ВМ-ИВТ-2-1
2024-06-26T18:45:33.062Z - Получение таблицы посещения Wed Jun 26 2024 00:00:00 GMT+0300 (Москва, стандартное время)
2024-06-26T18:45:34.994Z - Получение факультетов
2024-06-26T18:45:34.998Z - Получение факультетов
2024-06-26T18:45:35.397Z - Получение факультетов
2024-06-26T18:45:35.400Z - Получение факультетов
2024-06-26T19:16:53.826Z - Получение пользователей ВИ-ИГ-1-1
2024-06-26T19:16:53.844Z - Получение пользователей ВИ-ИГ-1-1
2024-06-26T19:17:42.397Z - Получение пользователей ВИ-ИГ-1-1
2024-06-26T19:17:42.406Z - Получение пользователей ВИ-ИГ-1-1
2024-06-26T19:18:07.009Z - Получение пользователей ВИ-ИГ-1-1
2024-06-26T19:18:08.527Z - Получение пользователей ВИ-ИГ-1-1
2024-06-26T19:20:12.557Z - Получение пользователей ВИ-ИГ-1-1
2024-06-26T19:20:12.566Z - Получение пользователей ВИ-ИГ-1-1
2024-06-26T19:20:30.854Z - Получение пользователей ВИ-ИГ-1-1
2024-06-26T19:21:47.549Z - Получение пользователей ВИ-ИГ-1-1
2024-06-26T19:21:47.557Z - Получение пользователей ВИ-ИГ-1-1
2024-06-26T19:22:10.690Z - Получение пользователей ВИ-ИГ-1-1
2024-06-26T19:22:16.652Z - Получение пользователей ВИ-ИГ-1-1
2024-06-26T19:23:02.443Z - Получение пользователей ВИ-ИГ-1-1
2024-06-26T19:23:02.449Z - Получение пользователей ВИ-ИГ-1-1
2024-06-26T19:23:13.048Z - Получение пользователей ВИ-ИГ-1-1
2024-06-26T19:23:50.938Z - Получение пользователей ВИ-ИГ-1-1
2024-06-26T19:23:50.944Z - Получение пользователей ВИ-ИГ-1-1
2024-06-26T19:24:06.340Z - Получение пользователей ВИ-ИГ-1-1
2024-06-26T19:24:15.588Z - Получение пользователей ВИ-ИГ-1-1
2024-06-26T19:24:49.743Z - Получение пользователей ВИ-ИГ-1-1
2024-06-26T19:24:51.750Z - Получение пользователей ВИ-ИГ-1-1
2024-06-26T19:24:57.106Z - Получение пользователей ВИ-ИГ-1-1
2024-06-26T19:25:05.991Z - Получение пользователей ВИ-ИГ-1-1
2024-06-26T19:25:23.609Z - Получение пользователей ВИ-ИГ-1-1
2024-06-26T19:25:52.086Z - Получение пользователей ВИ-ИГ-1-1
2024-06-26T19:26:05.937Z - Получение факультетов
2024-06-26T19:26:05.943Z - Получение факультетов
2024-06-26T19:26:09.650Z - Получение факультетов
2024-06-26T19:26:09.654Z - Получение факультетов
2024-06-26T19:26:14.660Z - Получение пользователей ZMM-Физ-1-1
2024-06-26T19:26:14.667Z - Получение пользователей ZMM-Физ-1-1
2024-06-26T19:26:15.655Z - Получение факультетов
2024-06-26T19:26:15.659Z - Получение факультетов
2024-06-26T19:28:38.567Z - Получение пользователей ВМ-ИВТ-3-1
2024-06-26T19:28:38.575Z - Получение пользователей ВМ-ИВТ-3-1
2024-06-26T19:28:48.688Z - Получение пользователей ВМ-ИВТ-3-1
2024-06-26T19:30:00.288Z - Получение пользователей ВМ-ИВТ-3-1
2024-06-26T19:30:00.296Z - Получение пользователей ВМ-ИВТ-3-1
2024-06-26T19:30:07.333Z - Получение пользователей ВМ-ИВТ-3-1
2024-06-26T19:30:38.639Z - Получение пользователей ВМ-ИВТ-3-1
2024-06-26T19:31:03.264Z - Получение пользователей ВМ-ИВТ-3-1
2024-06-26T19:31:17.670Z - Получение пользователей ВМ-ИВТ-3-1
2024-06-26T19:31:17.676Z - Получение пользователей ВМ-ИВТ-3-1
2024-06-26T19:31:49.451Z - Получение пользователей ВМ-ИВТ-3-1
2024-06-26T19:32:18.412Z - Получение пользователей ВМ-ИВТ-3-1
2024-06-26T19:32:18.418Z - Получение пользователей ВМ-ИВТ-3-1
2024-06-26T19:33:46.127Z - Получение пользователей ВМ-ИВТ-3-1
2024-06-26T19:34:06.585Z - Получение пользователей ВМ-ИВТ-3-1
2024-06-26T19:34:11.097Z - Получение пользователей ВМ-ИВТ-3-1
2024-06-26T19:35:40.498Z - Получение пользователей ВМ-ИВТ-3-1
2024-06-26T19:37:03.198Z - Получение пользователей ВМ-ИВТ-3-1
2024-06-26T19:37:03.206Z - Получение пользователей ВМ-ИВТ-3-1
2024-06-26T19:38:16.986Z - Получение пользователей ВМ-ИВТ-3-1
2024-06-26T19:38:16.995Z - Получение пользователей ВМ-ИВТ-3-1
2024-06-26T19:38:30.320Z - Получение пользователей ВМ-ИВТ-3-1
2024-06-26T19:38:30.332Z - Получение пользователей ВМ-ИВТ-3-1
2024-06-26T19:39:08.270Z - Получение пользователей ВМ-ИВТ-3-1
2024-06-26T19:39:20.350Z - Получение пользователей ВМ-ИВТ-3-1
2024-06-26T19:40:30.378Z - Получение пользователей ВМ-ИВТ-3-1
2024-06-26T19:40:58.994Z - Получение пользователей ВМ-ИВТ-3-1
2024-06-26T19:41:17.158Z - Получение пользователей ВМ-ИВТ-3-1
2024-06-26T19:41:44.566Z - Получение пользователей ВМ-ИВТ-3-1
2024-06-26T19:42:04.623Z - Получение пользователей ВМ-ИВТ-3-1
2024-06-26T19:43:44.348Z - Получение пользователей ВМ-ИВТ-3-1
2024-06-26T19:49:21.308Z - Получение пользователей ВМ-ИВТ-3-1
2024-06-26T19:50:29.811Z - Получение пользователей ВМ-ИВТ-3-1
2024-06-26T19:51:07.673Z - Получение пользователей ВМ-ИВТ-3-1
2024-06-26T19:52:28.241Z - Получение пользователей ВМ-ИВТ-3-1
2024-06-26T19:52:37.502Z - Получение пользователей ВМ-ИВТ-3-1
2024-06-26T19:52:44.299Z - Получение пользователей ВМ-ИВТ-3-1
2024-06-26T19:52:50.149Z - Получение пользователей ВМ-ИВТ-3-1
2024-06-26T19:53:21.090Z - Получение пользователей ВМ-ИВТ-3-1
2024-06-26T19:53:41.965Z - Получение пользователей ВМ-ИВТ-3-1
2024-06-26T19:53:41.972Z - Получение пользователей ВМ-ИВТ-3-1
2024-06-26T19:53:59.404Z - Получение пользователей ВМ-ИВТ-3-1
2024-06-26T19:54:33.583Z - Получение пользователей ВМ-ИВТ-3-1
2024-06-26T19:55:01.094Z - Получение пользователей ВМ-ИВТ-3-1
2024-06-26T19:55:11.538Z - Получение пользователей ВМ-ИВТ-3-1
2024-06-26T19:55:24.597Z - Получение пользователей ВМ-ИВТ-3-1
2024-06-26T19:55:33.671Z - Получение пользователей ВМ-ИВТ-3-1
2024-06-26T19:55:44.903Z - Получение пользователей ВМ-ИВТ-3-1
2024-06-26T20:01:23.521Z - Получение пользователей ВМ-ИВТ-3-1
2024-06-26T20:01:23.528Z - Получение пользователей ВМ-ИВТ-3-1
2024-06-26T20:05:50.634Z - Получение пользователей ВМ-ИВТ-3-1
2024-06-26T20:05:55.715Z - Получение пользователей ВМ-ИВТ-3-1
2024-06-26T20:06:20.634Z - Получение пользователей ВМ-ИВТ-3-1
2024-06-26T20:06:43.846Z - Получение пользователей ВМ-ИВТ-3-1
2024-06-26T20:07:26.612Z - Получение пользователей ВМ-ИВТ-3-1
2024-06-26T20:09:36.640Z - Получение пользователей ВМ-ИВТ-3-1
2024-06-26T20:09:36.646Z - Получение пользователей ВМ-ИВТ-3-1
2024-06-26T20:11:23.531Z - Получение пользователей ВМ-ИВТ-3-1
2024-06-26T20:11:23.541Z - Получение пользователей ВМ-ИВТ-3-1
2024-06-26T20:11:32.921Z - Получение пользователей ВМ-ИВТ-3-1
2024-06-26T20:11:40.335Z - Получение пользователей ВМ-ИВТ-3-1
2024-06-26T20:11:44.409Z - Получение пользователей ВМ-ИВТ-3-1
2024-06-26T20:11:47.784Z - Получение пользователей ВМ-ИВТ-3-1
2024-06-26T20:12:27.556Z - Получение пользователей ВМ-ИВТ-3-1
2024-06-26T20:12:27.563Z - Получение пользователей ВМ-ИВТ-3-1
2024-06-26T20:12:40.823Z - Получение пользователей ВМ-ИВТ-3-1
2024-06-26T20:20:53.398Z - Получение пользователей ВМ-ИВТ-3-1
2024-06-26T20:21:02.866Z - Получение пользователей ВМ-ИВТ-3-1
2024-06-26T20:21:29.739Z - Получение пользователей ВМ-ИВТ-3-1
2024-06-26T20:21:36.784Z - Получение пользователей ВМ-ИВТ-3-1
2024-06-26T20:26:51.905Z - Получение пользователей ВМ-ИВТ-3-1
2024-06-26T20:26:51.914Z - Получение пользователей ВМ-ИВТ-3-1
2024-06-26T20:29:10.011Z - Получение пользователей ВМ-ИВТ-3-1
2024-06-26T20:29:10.020Z - Получение пользователей ВМ-ИВТ-3-1
2024-06-26T20:29:38.733Z - Получение пользователей ВМ-ИВТ-3-1
2024-06-26T20:29:42.670Z - Получение пользователей ВМ-ИВТ-3-1
2024-06-26T20:30:16.355Z - Получение пользователей ВМ-ИВТ-3-1
2024-06-26T20:31:03.596Z - Получение пользователей ВМ-ИВТ-3-1
2024-06-26T20:31:51.172Z - Получение пользователей ВМ-ИВТ-3-1
2024-06-26T20:32:23.597Z - Получение пользователей ВМ-ИВТ-3-1
2024-06-26T20:32:55.996Z - Получение пользователей ВМ-ИВТ-3-1
2024-06-26T20:32:56.005Z - Получение пользователей ВМ-ИВТ-3-1
2024-06-26T20:35:36.098Z - Получение пользователей ВМ-ИВТ-3-1
2024-06-26T20:35:36.108Z - Получение пользователей ВМ-ИВТ-3-1
2024-06-26T20:35:40.657Z - Получение пользователей ВМ-ИВТ-3-1
2024-06-26T20:35:40.664Z - Получение пользователей ВМ-ИВТ-3-1
2024-06-26T20:36:12.653Z - Получение пользователей ВМ-ИВТ-3-1
2024-06-26T20:36:12.662Z - Получение пользователей ВМ-ИВТ-3-1
2024-06-26T20:38:21.198Z - Получение пользователей ВМ-ИВТ-3-1
2024-06-26T20:38:21.214Z - Получение пользователей ВМ-ИВТ-3-1
2024-06-26T20:38:31.784Z - Получение пользователей ВМ-ИВТ-3-1
2024-06-26T20:38:31.794Z - Получение пользователей ВМ-ИВТ-3-1
2024-06-26T20:39:09.428Z - Получение пользователей ВМ-ИВТ-3-1
2024-06-26T20:39:09.437Z - Получение пользователей ВМ-ИВТ-3-1
2024-06-26T20:39:20.999Z - Создание пользователя аааааааааааа
2024-06-26T20:40:45.768Z - Получение пользователей ВМ-ИВТ-3-1
2024-06-26T20:40:45.779Z - Получение пользователей ВМ-ИВТ-3-1
2024-06-26T20:41:48.966Z - Создание пользователя аббб
2024-06-26T20:42:54.432Z - Получение пользователей ВМ-ИВТ-3-1
2024-06-26T20:42:54.440Z - Получение пользователей ВМ-ИВТ-3-1
2024-06-26T20:43:09.893Z - Создание пользователя ffdsf
2024-06-26T20:44:54.450Z - Получение пользователей ВМ-ИВТ-3-1
2024-06-26T20:44:54.461Z - Получение пользователей ВМ-ИВТ-3-1
2024-06-26T20:45:08.091Z - Создание пользователя sdfsdf
2024-06-26T20:45:40.354Z - Получение пользователей ВМ-ИВТ-3-1
2024-06-26T20:48:21.873Z - Получение пользователей ВМ-ИВТ-3-1
2024-06-26T20:48:42.335Z - Получение пользователей ВМ-ИВТ-3-1
2024-06-26T20:48:45.934Z - Получение пользователей ВМ-ИВТ-3-1
2024-06-26T20:48:54.521Z - Получение пользователей ВМ-ИВТ-3-1
2024-06-26T20:48:58.968Z - Удаление пользователя 6069
2024-06-26T20:49:13.850Z - Получение пользователей ВМ-ИВТ-3-1
2024-06-26T20:49:13.858Z - Получение пользователей ВМ-ИВТ-3-1
2024-06-26T20:50:06.351Z - Удаление пользователя 6069
2024-06-26T20:50:49.079Z - Удаление пользователя 6069
2024-06-26T20:52:12.416Z - Получение пользователей ВМ-ИВТ-3-1
2024-06-26T20:52:12.427Z - Получение пользователей ВМ-ИВТ-3-1
2024-06-26T20:52:22.573Z - Удаление пользователя 6069
2024-06-26T20:52:24.868Z - Удаление пользователя 6068
2024-06-26T20:52:28.063Z - Удаление пользователя 6067
2024-06-26T20:55:59.676Z - Получение факультетов
2024-06-26T20:55:59.688Z - Получение факультетов
2024-06-26T20:56:01.205Z - Получение пользователей ВИ-ИГ-1-1
2024-06-26T20:56:01.213Z - Получение пользователей ВИ-ИГ-1-1
2024-06-26T20:56:08.144Z - Получение факультетов
2024-06-26T20:56:08.148Z - Получение факультетов
2024-06-26T20:56:10.461Z - Получение пользователей ВИ-ИГ-1-1
2024-06-26T20:56:10.469Z - Получение пользователей ВИ-ИГ-1-1
2024-06-26T20:58:20.904Z - Получение факультетов
2024-06-26T20:58:20.910Z - Получение факультетов
2024-06-26T20:58:22.832Z - Получение пользователей ВИ-ИГ-1-1
2024-06-26T20:58:23.436Z - Получение таблицы посещения Wed Jun 26 2024 00:00:00 GMT+0300 (Москва, стандартное время)
2024-06-26T20:58:23.443Z - Получение пользователей ВИ-ИГ-1-1
2024-06-26T20:58:23.834Z - Получение таблицы посещения Wed Jun 26 2024 00:00:00 GMT+0300 (Москва, стандартное время)
2024-06-26T20:58:26.238Z - Получение пользователей ВИ-ИГ-1-1
2024-06-26T20:58:26.690Z - Получение таблицы посещения Sat Jun 01 2024 03:00:00 GMT+0300 (Москва, стандартное время)
2024-06-26T20:58:26.738Z - Получение пользователей ВИ-ИГ-1-1
2024-06-26T20:58:26.749Z - Получение таблицы посещения Sat Jun 01 2024 03:00:00 GMT+0300 (Москва, стандартное время)
2024-06-26T20:58:26.756Z - Получение пользователей ВИ-ИГ-1-1
2024-06-26T20:58:26.767Z - Получение таблицы посещения Sat Jun 01 2024 03:00:00 GMT+0300 (Москва, стандартное время)
2024-06-26T20:58:28.798Z - Создание таблицы посещения 2,Wed Jun 26 2024 23:58:28 GMT+0300 (Москва, стандартное время)
2024-06-26T20:59:19.095Z - Получение факультетов
2024-06-26T20:59:19.102Z - Получение факультетов
2024-06-26T20:59:23.190Z - Получение пользователей ВМ-ИВТ-3-1
2024-06-26T20:59:23.705Z - Получение таблицы посещения Wed Jun 26 2024 00:00:00 GMT+0300 (Москва, стандартное время)
2024-06-26T20:59:23.714Z - Получение пользователей ВМ-ИВТ-3-1
2024-06-26T20:59:24.096Z - Получение таблицы посещения Wed Jun 26 2024 00:00:00 GMT+0300 (Москва, стандартное время)
2024-06-26T20:59:26.638Z - Получение факультетов
2024-06-26T20:59:26.643Z - Получение факультетов
2024-06-26T20:59:29.252Z - Получение пользователей ВМ-ИВТ-3-1
2024-06-26T20:59:29.752Z - Получение таблицы посещения Wed Jun 26 2024 00:00:00 GMT+0300 (Москва, стандартное время)
2024-06-26T20:59:29.761Z - Получение пользователей ВМ-ИВТ-3-1
2024-06-26T20:59:30.125Z - Получение таблицы посещения Wed Jun 26 2024 00:00:00 GMT+0300 (Москва, стандартное время)
2024-06-26T20:59:47.574Z - Получение факультетов
2024-06-26T20:59:47.580Z - Получение факультетов
2024-06-26T20:59:49.806Z - Получение пользователей ВМ-ИВТ-3-1
2024-06-26T20:59:50.224Z - Получение таблицы посещения Wed Jun 26 2024 00:00:00 GMT+0300 (Москва, стандартное время)
2024-06-26T20:59:50.232Z - Получение пользователей ВМ-ИВТ-3-1
2024-06-26T20:59:50.547Z - Получение таблицы посещения Wed Jun 26 2024 00:00:00 GMT+0300 (Москва, стандартное время)
2024-06-26T20:59:51.397Z - Получение факультетов
2024-06-26T20:59:51.402Z - Получение факультетов
2024-06-26T20:59:53.312Z - Получение пользователей ВМ-ИВТ-3-1
2024-06-26T20:59:53.318Z - Получение пользователей ВМ-ИВТ-3-1
